org.apache.derbyTesting.functionTests.tests.derbynet.BadConnectionTest.testDatabaseNotFound : FAILURE : 8553ms
    junit.framework.Assert.assertEquals(Assert.java:81)
    org.apache.derbyTesting.junit.BaseJDBCTestCase.assertSQLState(BaseJDBCTestCase.java:853)
    org.apache.derbyTesting.junit.BaseJDBCTestCase.assertSQLState(BaseJDBCTestCase.java:896)
    org.apache.derbyTesting.functionTests.tests.derbynet.BadConnectionTest.testDatabaseNotFound(BadConnectionTest.java:80)
    sun.reflect.NativeMethodAccessorImpl.invoke0(Native Method)
    sun.reflect.NativeMethodAccessorImpl.invoke(NativeMethodAccessorImpl.java:57)
    sun.reflect.DelegatingMethodAccessorImpl.invoke(DelegatingMethodAccessorImpl.java:43)
    java.lang.reflect.Method.invoke(Method.java:601)
    junit.framework.TestCase.runTest(TestCase.java:168)
    junit.framework.TestCase.runBare(TestCase.java:134)
    org.apache.derbyTesting.junit.BaseTestCase.runBare(BaseTestCase.java:113)
    org.apache.derbyTesting.junit.BaseJDBCTestCase.runBareOverridable(BaseJDBCTestCase.java:424)
    org.apache.derbyTesting.junit.BaseJDBCTestCase.runBare(BaseJDBCTestCase.java:441)
    junit.framework.TestResult$1.protect(TestResult.java:110)
    junit.framework.TestResult.runProtected(TestResult.java:128)
    junit.framework.TestResult.run(TestResult.java:113)
    junit.framework.TestCase.run(TestCase.java:124)
    junit.textui.TestRunner.doRun(TestRunner.java:116)
    junit.textui.TestRunner.runSingleMethod(TestRunner.java:189)
    junit.textui.TestRunner.start(TestRunner.java:178)
    edu.washington.cs.dt.util.TestRunnerWrapper.main(TestRunnerWrapper.java:53)

org.apache.derbyTesting.functionTests.tests.derbynet.ByteArrayCombinerStreamTest.testCominbe100SmallArrays : PASS : 3ms
org.apache.derbyTesting.functionTests.tests.derbynet.ByteArrayCombinerStreamTest.testTruncateDataFromOneArray : PASS : 0ms
org.apache.derbyTesting.functionTests.tests.derbynet.ByteArrayCombinerStreamTest.testTruncateDataFromTwoArrays : PASS : 0ms
org.apache.derbyTesting.functionTests.tests.derbynet.ByteArrayCombinerStreamTest.testTooLittleDataNoCombine : PASS : 1ms
org.apache.derbyTesting.functionTests.tests.derbynet.ByteArrayCombinerStreamTest.testTooLittleDataWithCombine : PASS : 0ms
org.apache.derbyTesting.functionTests.tests.derbynet.ByteArrayCombinerStreamTest.testNegativeLengthArgument : PASS : 0ms
org.apache.derbyTesting.functionTests.tests.derbynet.ByteArrayCombinerStreamTest.testNegativeValueInDataCausesEndOfStream : PASS : 1ms
org.apache.derbyTesting.functionTests.tests.derbynet.ByteArrayCombinerStreamTest.testCombineNullRead : PASS : 0ms
org.apache.derbyTesting.functionTests.tests.derbynet.ByteArrayCombinerStreamTest.testCombineNullReadArray : PASS : 0ms
org.apache.derbyTesting.functionTests.tests.derbynet.ByteArrayCombinerStreamTest.testCombineAvailableNull : PASS : 1ms
org.apache.derbyTesting.functionTests.tests.derbynet.ByteArrayCombinerStreamTest.testCombineWithExtraEmptyByteArray : PASS : 0ms
org.apache.derbyTesting.functionTests.tests.derbynet.ByteArrayCombinerStreamTest.testCombineAvailable4bytes : PASS : 0ms
org.apache.derbyTesting.functionTests.tests.derbynet.ByteArrayCombinerStreamTest.testCombineOneArray : PASS : 0ms
org.apache.derbyTesting.functionTests.tests.derbynet.ClientSideSystemPropertiesTest.testConnection : ERROR : 23ms
    java.io.File.<init>(File.java:251)
    org.apache.derbyTesting.functionTests.tests.derbynet.ClientSideSystemPropertiesTest$2.run(ClientSideSystemPropertiesTest.java:69)
    java.security.AccessController.doPrivileged(Native Method)
    org.apache.derbyTesting.functionTests.tests.derbynet.ClientSideSystemPropertiesTest.setUp(ClientSideSystemPropertiesTest.java:66)
    junit.framework.TestCase.runBare(TestCase.java:132)
    org.apache.derbyTesting.junit.BaseTestCase.runBare(BaseTestCase.java:113)
    org.apache.derbyTesting.junit.BaseJDBCTestCase.runBareOverridable(BaseJDBCTestCase.java:424)
    org.apache.derbyTesting.junit.BaseJDBCTestCase.runBare(BaseJDBCTestCase.java:441)
    junit.framework.TestResult$1.protect(TestResult.java:110)
    junit.framework.TestResult.runProtected(TestResult.java:128)
    junit.framework.TestResult.run(TestResult.java:113)
    junit.framework.TestCase.run(TestCase.java:124)
    junit.textui.TestRunner.doRun(TestRunner.java:116)
    junit.textui.TestRunner.runSingleMethod(TestRunner.java:189)
    junit.textui.TestRunner.start(TestRunner.java:178)
    edu.washington.cs.dt.util.TestRunnerWrapper.main(TestRunnerWrapper.java:53)

org.apache.derbyTesting.functionTests.tests.derbynet.DRDAProtocolTest.testNonEBCDICCharacters : ERROR : 18ms
    org.apache.derbyTesting.junit.TestConfiguration.getAndVetPhysicalDatabaseName(TestConfiguration.java:1665)
    org.apache.derbyTesting.junit.TestConfiguration.openConnection(TestConfiguration.java:1655)
    org.apache.derbyTesting.junit.BaseJDBCTestCase.openConnection(BaseJDBCTestCase.java:586)
    org.apache.derbyTesting.functionTests.tests.derbynet.DRDAProtocolTest.testNonEBCDICCharacters(DRDAProtocolTest.java:65)
    sun.reflect.NativeMethodAccessorImpl.invoke0(Native Method)
    sun.reflect.NativeMethodAccessorImpl.invoke(NativeMethodAccessorImpl.java:57)
    sun.reflect.DelegatingMethodAccessorImpl.invoke(DelegatingMethodAccessorImpl.java:43)
    java.lang.reflect.Method.invoke(Method.java:601)
    junit.framework.TestCase.runTest(TestCase.java:168)
    junit.framework.TestCase.runBare(TestCase.java:134)
    org.apache.derbyTesting.junit.BaseTestCase.runBare(BaseTestCase.java:113)
    org.apache.derbyTesting.junit.BaseJDBCTestCase.runBareOverridable(BaseJDBCTestCase.java:424)
    org.apache.derbyTesting.junit.BaseJDBCTestCase.runBare(BaseJDBCTestCase.java:441)
    junit.framework.TestResult$1.protect(TestResult.java:110)
    junit.framework.TestResult.runProtected(TestResult.java:128)
    junit.framework.TestResult.run(TestResult.java:113)
    junit.framework.TestCase.run(TestCase.java:124)
    junit.textui.TestRunner.doRun(TestRunner.java:116)
    junit.textui.TestRunner.runSingleMethod(TestRunner.java:189)
    junit.textui.TestRunner.start(TestRunner.java:178)
    edu.washington.cs.dt.util.TestRunnerWrapper.main(TestRunnerWrapper.java:53)

org.apache.derbyTesting.functionTests.tests.derbynet.DRDAProtocolTest.testMultipleConnections : ERROR : 16ms
    org.apache.derbyTesting.junit.TestConfiguration.getAndVetPhysicalDatabaseName(TestConfiguration.java:1665)
    org.apache.derbyTesting.junit.TestConfiguration.openConnection(TestConfiguration.java:1655)
    org.apache.derbyTesting.junit.BaseJDBCTestCase.openConnection(BaseJDBCTestCase.java:586)
    org.apache.derbyTesting.functionTests.tests.derbynet.DRDAProtocolTest.testMultipleConnections(DRDAProtocolTest.java:76)
    sun.reflect.NativeMethodAccessorImpl.invoke0(Native Method)
    sun.reflect.NativeMethodAccessorImpl.invoke(NativeMethodAccessorImpl.java:57)
    sun.reflect.DelegatingMethodAccessorImpl.invoke(DelegatingMethodAccessorImpl.java:43)
    java.lang.reflect.Method.invoke(Method.java:601)
    junit.framework.TestCase.runTest(TestCase.java:168)
    junit.framework.TestCase.runBare(TestCase.java:134)
    org.apache.derbyTesting.junit.BaseTestCase.runBare(BaseTestCase.java:113)
    org.apache.derbyTesting.junit.BaseJDBCTestCase.runBareOverridable(BaseJDBCTestCase.java:424)
    org.apache.derbyTesting.junit.BaseJDBCTestCase.runBare(BaseJDBCTestCase.java:441)
    junit.framework.TestResult$1.protect(TestResult.java:110)
    junit.framework.TestResult.runProtected(TestResult.java:128)
    junit.framework.TestResult.run(TestResult.java:113)
    junit.framework.TestCase.run(TestCase.java:124)
    junit.textui.TestRunner.doRun(TestRunner.java:116)
    junit.textui.TestRunner.runSingleMethod(TestRunner.java:189)
    junit.textui.TestRunner.start(TestRunner.java:178)
    edu.washington.cs.dt.util.TestRunnerWrapper.main(TestRunnerWrapper.java:53)

org.apache.derbyTesting.functionTests.tests.derbynet.DerbyNetNewServerTest.testStartWithPrintWriter : PASS : 260ms
org.apache.derbyTesting.functionTests.tests.derbynet.DerbyNetNewServerTest.testStartWithoutPrintWriter : PASS : 214ms
org.apache.derbyTesting.functionTests.tests.derbynet.GetCurrentPropertiesTest.test_01_propertiesBeforeConnection : ERROR : 27ms
    org.apache.derby.impl.drda.NetworkServerControlImpl.consolePropertyMessageWork(Unknown Source)
    org.apache.derby.impl.drda.NetworkServerControlImpl.consolePropertyMessage(Unknown Source)
    org.apache.derby.impl.drda.NetworkServerControlImpl.setUpSocket(Unknown Source)
    org.apache.derby.impl.drda.NetworkServerControlImpl.getCurrentProperties(Unknown Source)
    org.apache.derby.drda.NetworkServerControl.getCurrentProperties(Unknown Source)
    org.apache.derbyTesting.functionTests.tests.derbynet.GetCurrentPropertiesTest.test_01_propertiesBeforeConnection(GetCurrentPropertiesTest.java:127)
    sun.reflect.NativeMethodAccessorImpl.invoke0(Native Method)
    sun.reflect.NativeMethodAccessorImpl.invoke(NativeMethodAccessorImpl.java:57)
    sun.reflect.DelegatingMethodAccessorImpl.invoke(DelegatingMethodAccessorImpl.java:43)
    java.lang.reflect.Method.invoke(Method.java:601)
    junit.framework.TestCase.runTest(TestCase.java:168)
    junit.framework.TestCase.runBare(TestCase.java:134)
    org.apache.derbyTesting.junit.BaseTestCase.runBare(BaseTestCase.java:113)
    org.apache.derbyTesting.junit.BaseJDBCTestCase.runBareOverridable(BaseJDBCTestCase.java:424)
    org.apache.derbyTesting.junit.BaseJDBCTestCase.runBare(BaseJDBCTestCase.java:441)
    junit.framework.TestResult$1.protect(TestResult.java:110)
    junit.framework.TestResult.runProtected(TestResult.java:128)
    junit.framework.TestResult.run(TestResult.java:113)
    junit.framework.TestCase.run(TestCase.java:124)
    junit.textui.TestRunner.doRun(TestRunner.java:116)
    junit.textui.TestRunner.runSingleMethod(TestRunner.java:189)
    junit.textui.TestRunner.start(TestRunner.java:178)
    edu.washington.cs.dt.util.TestRunnerWrapper.main(TestRunnerWrapper.java:53)

org.apache.derbyTesting.functionTests.tests.derbynet.GetCurrentPropertiesTest.test_03_propertiesTraceOn : ERROR : 29ms
    org.apache.derby.impl.drda.NetworkServerControlImpl.consolePropertyMessageWork(Unknown Source)
    org.apache.derby.impl.drda.NetworkServerControlImpl.consolePropertyMessage(Unknown Source)
    org.apache.derby.impl.drda.NetworkServerControlImpl.setUpSocket(Unknown Source)
    org.apache.derby.impl.drda.NetworkServerControlImpl.trace(Unknown Source)
    org.apache.derby.impl.drda.NetworkServerControlImpl.trace(Unknown Source)
    org.apache.derby.drda.NetworkServerControl.trace(Unknown Source)
    org.apache.derbyTesting.functionTests.tests.derbynet.GetCurrentPropertiesTest.test_03_propertiesTraceOn(GetCurrentPropertiesTest.java:187)
    sun.reflect.NativeMethodAccessorImpl.invoke0(Native Method)
    sun.reflect.NativeMethodAccessorImpl.invoke(NativeMethodAccessorImpl.java:57)
    sun.reflect.DelegatingMethodAccessorImpl.invoke(DelegatingMethodAccessorImpl.java:43)
    java.lang.reflect.Method.invoke(Method.java:601)
    junit.framework.TestCase.runTest(TestCase.java:168)
    junit.framework.TestCase.runBare(TestCase.java:134)
    org.apache.derbyTesting.junit.BaseTestCase.runBare(BaseTestCase.java:113)
    org.apache.derbyTesting.junit.BaseJDBCTestCase.runBareOverridable(BaseJDBCTestCase.java:424)
    org.apache.derbyTesting.junit.BaseJDBCTestCase.runBare(BaseJDBCTestCase.java:441)
    junit.framework.TestResult$1.protect(TestResult.java:110)
    junit.framework.TestResult.runProtected(TestResult.java:128)
    junit.framework.TestResult.run(TestResult.java:113)
    junit.framework.TestCase.run(TestCase.java:124)
    junit.textui.TestRunner.doRun(TestRunner.java:116)
    junit.textui.TestRunner.runSingleMethod(TestRunner.java:189)
    junit.textui.TestRunner.start(TestRunner.java:178)
    edu.washington.cs.dt.util.TestRunnerWrapper.main(TestRunnerWrapper.java:53)

org.apache.derbyTesting.functionTests.tests.derbynet.GetCurrentPropertiesTest.test_02_propertiesAfterConnection : ERROR : 25ms
    org.apache.derby.impl.drda.NetworkServerControlImpl.consolePropertyMessageWork(Unknown Source)
    org.apache.derby.impl.drda.NetworkServerControlImpl.consolePropertyMessage(Unknown Source)
    org.apache.derby.impl.drda.NetworkServerControlImpl.setUpSocket(Unknown Source)
    org.apache.derby.impl.drda.NetworkServerControlImpl.trace(Unknown Source)
    org.apache.derby.drda.NetworkServerControl.trace(Unknown Source)
    org.apache.derbyTesting.functionTests.tests.derbynet.GetCurrentPropertiesTest.test_02_propertiesAfterConnection(GetCurrentPropertiesTest.java:164)
    sun.reflect.NativeMethodAccessorImpl.invoke0(Native Method)
    sun.reflect.NativeMethodAccessorImpl.invoke(NativeMethodAccessorImpl.java:57)
    sun.reflect.DelegatingMethodAccessorImpl.invoke(DelegatingMethodAccessorImpl.java:43)
    java.lang.reflect.Method.invoke(Method.java:601)
    junit.framework.TestCase.runTest(TestCase.java:168)
    junit.framework.TestCase.runBare(TestCase.java:134)
    org.apache.derbyTesting.junit.BaseTestCase.runBare(BaseTestCase.java:113)
    org.apache.derbyTesting.junit.BaseJDBCTestCase.runBareOverridable(BaseJDBCTestCase.java:424)
    org.apache.derbyTesting.junit.BaseJDBCTestCase.runBare(BaseJDBCTestCase.java:441)
    junit.framework.TestResult$1.protect(TestResult.java:110)
    junit.framework.TestResult.runProtected(TestResult.java:128)
    junit.framework.TestResult.run(TestResult.java:113)
    junit.framework.TestCase.run(TestCase.java:124)
    junit.textui.TestRunner.doRun(TestRunner.java:116)
    junit.textui.TestRunner.runSingleMethod(TestRunner.java:189)
    junit.textui.TestRunner.start(TestRunner.java:178)
    edu.washington.cs.dt.util.TestRunnerWrapper.main(TestRunnerWrapper.java:53)

org.apache.derbyTesting.functionTests.tests.derbynet.LOBLocatorReleaseTest.testBlobClobStateForwardOnlyWithNoNulls : ERROR : 108ms
    org.apache.derby.impl.jdbc.SQLExceptionFactory40.getSQLException(Unknown Source)
    org.apache.derby.impl.jdbc.Util.generateCsSQLException(Unknown Source)
    org.apache.derby.impl.jdbc.TransactionResourceImpl.wrapInSQLException(Unknown Source)
    org.apache.derby.impl.jdbc.TransactionResourceImpl.handleException(Unknown Source)
    org.apache.derby.impl.jdbc.EmbedConnection.handleException(Unknown Source)
    org.apache.derby.impl.jdbc.ConnectionChild.handleException(Unknown Source)
    org.apache.derby.impl.jdbc.EmbedStatement.execute(Unknown Source)
    org.apache.derby.impl.jdbc.EmbedStatement.executeQuery(Unknown Source)
    org.apache.derbyTesting.functionTests.tests.derbynet.LOBLocatorReleaseTest.testBlobClobStateForwardOnlyWithNoNulls(LOBLocatorReleaseTest.java:177)
    sun.reflect.NativeMethodAccessorImpl.invoke0(Native Method)
    sun.reflect.NativeMethodAccessorImpl.invoke(NativeMethodAccessorImpl.java:57)
    sun.reflect.DelegatingMethodAccessorImpl.invoke(DelegatingMethodAccessorImpl.java:43)
    java.lang.reflect.Method.invoke(Method.java:601)
    junit.framework.TestCase.runTest(TestCase.java:168)
    junit.framework.TestCase.runBare(TestCase.java:134)
    org.apache.derbyTesting.junit.BaseTestCase.runBare(BaseTestCase.java:113)
    org.apache.derbyTesting.junit.BaseJDBCTestCase.runBareOverridable(BaseJDBCTestCase.java:424)
    org.apache.derbyTesting.junit.BaseJDBCTestCase.runBare(BaseJDBCTestCase.java:441)
    junit.framework.TestResult$1.protect(TestResult.java:110)
    junit.framework.TestResult.runProtected(TestResult.java:128)
    junit.framework.TestResult.run(TestResult.java:113)
    junit.framework.TestCase.run(TestCase.java:124)
    junit.textui.TestRunner.doRun(TestRunner.java:116)
    junit.textui.TestRunner.runSingleMethod(TestRunner.java:189)
    junit.textui.TestRunner.start(TestRunner.java:178)
    edu.washington.cs.dt.util.TestRunnerWrapper.main(TestRunnerWrapper.java:53)

org.apache.derbyTesting.functionTests.tests.derbynet.LOBLocatorReleaseTest.testBlobClobStateAfterCloseOnScrollable : ERROR : 18ms
    org.apache.derby.impl.jdbc.SQLExceptionFactory40.getSQLException(Unknown Source)
    org.apache.derby.impl.jdbc.Util.generateCsSQLException(Unknown Source)
    org.apache.derby.impl.jdbc.TransactionResourceImpl.wrapInSQLException(Unknown Source)
    org.apache.derby.impl.jdbc.TransactionResourceImpl.handleException(Unknown Source)
    org.apache.derby.impl.jdbc.EmbedConnection.handleException(Unknown Source)
    org.apache.derby.impl.jdbc.ConnectionChild.handleException(Unknown Source)
    org.apache.derby.impl.jdbc.EmbedStatement.execute(Unknown Source)
    org.apache.derby.impl.jdbc.EmbedStatement.executeQuery(Unknown Source)
    org.apache.derbyTesting.functionTests.tests.derbynet.LOBLocatorReleaseTest.testBlobClobStateAfterCloseOnScrollable(LOBLocatorReleaseTest.java:210)
    sun.reflect.NativeMethodAccessorImpl.invoke0(Native Method)
    sun.reflect.NativeMethodAccessorImpl.invoke(NativeMethodAccessorImpl.java:57)
    sun.reflect.DelegatingMethodAccessorImpl.invoke(DelegatingMethodAccessorImpl.java:43)
    java.lang.reflect.Method.invoke(Method.java:601)
    junit.framework.TestCase.runTest(TestCase.java:168)
    junit.framework.TestCase.runBare(TestCase.java:134)
    org.apache.derbyTesting.junit.BaseTestCase.runBare(BaseTestCase.java:113)
    org.apache.derbyTesting.junit.BaseJDBCTestCase.runBareOverridable(BaseJDBCTestCase.java:424)
    org.apache.derbyTesting.junit.BaseJDBCTestCase.runBare(BaseJDBCTestCase.java:441)
    junit.framework.TestResult$1.protect(TestResult.java:110)
    junit.framework.TestResult.runProtected(TestResult.java:128)
    junit.framework.TestResult.run(TestResult.java:113)
    junit.framework.TestCase.run(TestCase.java:124)
    junit.textui.TestRunner.doRun(TestRunner.java:116)
    junit.textui.TestRunner.runSingleMethod(TestRunner.java:189)
    junit.textui.TestRunner.start(TestRunner.java:178)
    edu.washington.cs.dt.util.TestRunnerWrapper.main(TestRunnerWrapper.java:53)

org.apache.derbyTesting.functionTests.tests.derbynet.LOBLocatorReleaseTest.testScrollableWithNoNulls : ERROR : 19ms
    org.apache.derby.impl.jdbc.SQLExceptionFactory40.getSQLException(Unknown Source)
    org.apache.derby.impl.jdbc.Util.generateCsSQLException(Unknown Source)
    org.apache.derby.impl.jdbc.TransactionResourceImpl.wrapInSQLException(Unknown Source)
    org.apache.derby.impl.jdbc.TransactionResourceImpl.handleException(Unknown Source)
    org.apache.derby.impl.jdbc.EmbedConnection.handleException(Unknown Source)
    org.apache.derby.impl.jdbc.ConnectionChild.handleException(Unknown Source)
    org.apache.derby.impl.jdbc.EmbedStatement.execute(Unknown Source)
    org.apache.derby.impl.jdbc.EmbedStatement.executeQuery(Unknown Source)
    org.apache.derbyTesting.functionTests.tests.derbynet.LOBLocatorReleaseTest.scrollableTest(LOBLocatorReleaseTest.java:264)
    org.apache.derbyTesting.functionTests.tests.derbynet.LOBLocatorReleaseTest.testScrollableWithNoNulls(LOBLocatorReleaseTest.java:238)
    sun.reflect.NativeMethodAccessorImpl.invoke0(Native Method)
    sun.reflect.NativeMethodAccessorImpl.invoke(NativeMethodAccessorImpl.java:57)
    sun.reflect.DelegatingMethodAccessorImpl.invoke(DelegatingMethodAccessorImpl.java:43)
    java.lang.reflect.Method.invoke(Method.java:601)
    junit.framework.TestCase.runTest(TestCase.java:168)
    junit.framework.TestCase.runBare(TestCase.java:134)
    org.apache.derbyTesting.junit.BaseTestCase.runBare(BaseTestCase.java:113)
    org.apache.derbyTesting.junit.BaseJDBCTestCase.runBareOverridable(BaseJDBCTestCase.java:424)
    org.apache.derbyTesting.junit.BaseJDBCTestCase.runBare(BaseJDBCTestCase.java:441)
    junit.framework.TestResult$1.protect(TestResult.java:110)
    junit.framework.TestResult.runProtected(TestResult.java:128)
    junit.framework.TestResult.run(TestResult.java:113)
    junit.framework.TestCase.run(TestCase.java:124)
    junit.textui.TestRunner.doRun(TestRunner.java:116)
    junit.textui.TestRunner.runSingleMethod(TestRunner.java:189)
    junit.textui.TestRunner.start(TestRunner.java:178)
    edu.washington.cs.dt.util.TestRunnerWrapper.main(TestRunnerWrapper.java:53)

org.apache.derbyTesting.functionTests.tests.derbynet.LOBLocatorReleaseTest.testScrollableWithNulls : ERROR : 19ms
    org.apache.derby.impl.jdbc.SQLExceptionFactory40.getSQLException(Unknown Source)
    org.apache.derby.impl.jdbc.Util.generateCsSQLException(Unknown Source)
    org.apache.derby.impl.jdbc.TransactionResourceImpl.wrapInSQLException(Unknown Source)
    org.apache.derby.impl.jdbc.TransactionResourceImpl.handleException(Unknown Source)
    org.apache.derby.impl.jdbc.EmbedConnection.handleException(Unknown Source)
    org.apache.derby.impl.jdbc.ConnectionChild.handleException(Unknown Source)
    org.apache.derby.impl.jdbc.EmbedStatement.execute(Unknown Source)
    org.apache.derby.impl.jdbc.EmbedStatement.executeQuery(Unknown Source)
    org.apache.derbyTesting.functionTests.tests.derbynet.LOBLocatorReleaseTest.scrollableTest(LOBLocatorReleaseTest.java:264)
    org.apache.derbyTesting.functionTests.tests.derbynet.LOBLocatorReleaseTest.testScrollableWithNulls(LOBLocatorReleaseTest.java:248)
    sun.reflect.NativeMethodAccessorImpl.invoke0(Native Method)
    sun.reflect.NativeMethodAccessorImpl.invoke(NativeMethodAccessorImpl.java:57)
    sun.reflect.DelegatingMethodAccessorImpl.invoke(DelegatingMethodAccessorImpl.java:43)
    java.lang.reflect.Method.invoke(Method.java:601)
    junit.framework.TestCase.runTest(TestCase.java:168)
    junit.framework.TestCase.runBare(TestCase.java:134)
    org.apache.derbyTesting.junit.BaseTestCase.runBare(BaseTestCase.java:113)
    org.apache.derbyTesting.junit.BaseJDBCTestCase.runBareOverridable(BaseJDBCTestCase.java:424)
    org.apache.derbyTesting.junit.BaseJDBCTestCase.runBare(BaseJDBCTestCase.java:441)
    junit.framework.TestResult$1.protect(TestResult.java:110)
    junit.framework.TestResult.runProtected(TestResult.java:128)
    junit.framework.TestResult.run(TestResult.java:113)
    junit.framework.TestCase.run(TestCase.java:124)
    junit.textui.TestRunner.doRun(TestRunner.java:116)
    junit.textui.TestRunner.runSingleMethod(TestRunner.java:189)
    junit.textui.TestRunner.start(TestRunner.java:178)
    edu.washington.cs.dt.util.TestRunnerWrapper.main(TestRunnerWrapper.java:53)

org.apache.derbyTesting.functionTests.tests.derbynet.LOBLocatorReleaseTest.testScrollableMoveToCurrentRow : ERROR : 31ms
    org.apache.derby.impl.jdbc.SQLExceptionFactory40.getSQLException(Unknown Source)
    org.apache.derby.impl.jdbc.Util.generateCsSQLException(Unknown Source)
    org.apache.derby.impl.jdbc.TransactionResourceImpl.wrapInSQLException(Unknown Source)
    org.apache.derby.impl.jdbc.TransactionResourceImpl.handleException(Unknown Source)
    org.apache.derby.impl.jdbc.EmbedConnection.handleException(Unknown Source)
    org.apache.derby.impl.jdbc.ConnectionChild.handleException(Unknown Source)
    org.apache.derby.impl.jdbc.EmbedStatement.execute(Unknown Source)
    org.apache.derby.impl.jdbc.EmbedStatement.executeQuery(Unknown Source)
    org.apache.derbyTesting.functionTests.tests.derbynet.LOBLocatorReleaseTest.testScrollableMoveToCurrentRow(LOBLocatorReleaseTest.java:294)
    sun.reflect.NativeMethodAccessorImpl.invoke0(Native Method)
    sun.reflect.NativeMethodAccessorImpl.invoke(NativeMethodAccessorImpl.java:57)
    sun.reflect.DelegatingMethodAccessorImpl.invoke(DelegatingMethodAccessorImpl.java:43)
    java.lang.reflect.Method.invoke(Method.java:601)
    junit.framework.TestCase.runTest(TestCase.java:168)
    junit.framework.TestCase.runBare(TestCase.java:134)
    org.apache.derbyTesting.junit.BaseTestCase.runBare(BaseTestCase.java:113)
    org.apache.derbyTesting.junit.BaseJDBCTestCase.runBareOverridable(BaseJDBCTestCase.java:424)
    org.apache.derbyTesting.junit.BaseJDBCTestCase.runBare(BaseJDBCTestCase.java:441)
    junit.framework.TestResult$1.protect(TestResult.java:110)
    junit.framework.TestResult.runProtected(TestResult.java:128)
    junit.framework.TestResult.run(TestResult.java:113)
    junit.framework.TestCase.run(TestCase.java:124)
    junit.textui.TestRunner.doRun(TestRunner.java:116)
    junit.textui.TestRunner.runSingleMethod(TestRunner.java:189)
    junit.textui.TestRunner.start(TestRunner.java:178)
    edu.washington.cs.dt.util.TestRunnerWrapper.main(TestRunnerWrapper.java:53)

org.apache.derbyTesting.functionTests.tests.derbynet.LOBLocatorReleaseTest.testScrollableAbsoluteRow : ERROR : 16ms
    org.apache.derby.impl.jdbc.SQLExceptionFactory40.getSQLException(Unknown Source)
    org.apache.derby.impl.jdbc.Util.generateCsSQLException(Unknown Source)
    org.apache.derby.impl.jdbc.TransactionResourceImpl.wrapInSQLException(Unknown Source)
    org.apache.derby.impl.jdbc.TransactionResourceImpl.handleException(Unknown Source)
    org.apache.derby.impl.jdbc.EmbedConnection.handleException(Unknown Source)
    org.apache.derby.impl.jdbc.ConnectionChild.handleException(Unknown Source)
    org.apache.derby.impl.jdbc.EmbedStatement.execute(Unknown Source)
    org.apache.derby.impl.jdbc.EmbedStatement.executeQuery(Unknown Source)
    org.apache.derbyTesting.functionTests.tests.derbynet.LOBLocatorReleaseTest.testScrollableAbsoluteRow(LOBLocatorReleaseTest.java:310)
    sun.reflect.NativeMethodAccessorImpl.invoke0(Native Method)
    sun.reflect.NativeMethodAccessorImpl.invoke(NativeMethodAccessorImpl.java:57)
    sun.reflect.DelegatingMethodAccessorImpl.invoke(DelegatingMethodAccessorImpl.java:43)
    java.lang.reflect.Method.invoke(Method.java:601)
    junit.framework.TestCase.runTest(TestCase.java:168)
    junit.framework.TestCase.runBare(TestCase.java:134)
    org.apache.derbyTesting.junit.BaseTestCase.runBare(BaseTestCase.java:113)
    org.apache.derbyTesting.junit.BaseJDBCTestCase.runBareOverridable(BaseJDBCTestCase.java:424)
    org.apache.derbyTesting.junit.BaseJDBCTestCase.runBare(BaseJDBCTestCase.java:441)
    junit.framework.TestResult$1.protect(TestResult.java:110)
    junit.framework.TestResult.runProtected(TestResult.java:128)
    junit.framework.TestResult.run(TestResult.java:113)
    junit.framework.TestCase.run(TestCase.java:124)
    junit.textui.TestRunner.doRun(TestRunner.java:116)
    junit.textui.TestRunner.runSingleMethod(TestRunner.java:189)
    junit.textui.TestRunner.start(TestRunner.java:178)
    edu.washington.cs.dt.util.TestRunnerWrapper.main(TestRunnerWrapper.java:53)

org.apache.derbyTesting.functionTests.tests.derbynet.LOBLocatorReleaseTest.testScrollableUpdateWithLocators : ERROR : 17ms
    org.apache.derby.impl.jdbc.SQLExceptionFactory40.getSQLException(Unknown Source)
    org.apache.derby.impl.jdbc.Util.generateCsSQLException(Unknown Source)
    org.apache.derby.impl.jdbc.TransactionResourceImpl.wrapInSQLException(Unknown Source)
    org.apache.derby.impl.jdbc.TransactionResourceImpl.handleException(Unknown Source)
    org.apache.derby.impl.jdbc.EmbedConnection.handleException(Unknown Source)
    org.apache.derby.impl.jdbc.ConnectionChild.handleException(Unknown Source)
    org.apache.derby.impl.jdbc.EmbedStatement.execute(Unknown Source)
    org.apache.derby.impl.jdbc.EmbedStatement.executeQuery(Unknown Source)
    org.apache.derbyTesting.functionTests.tests.derbynet.LOBLocatorReleaseTest.testScrollableUpdateWithLocators(LOBLocatorReleaseTest.java:328)
    sun.reflect.NativeMethodAccessorImpl.invoke0(Native Method)
    sun.reflect.NativeMethodAccessorImpl.invoke(NativeMethodAccessorImpl.java:57)
    sun.reflect.DelegatingMethodAccessorImpl.invoke(DelegatingMethodAccessorImpl.java:43)
    java.lang.reflect.Method.invoke(Method.java:601)
    junit.framework.TestCase.runTest(TestCase.java:168)
    junit.framework.TestCase.runBare(TestCase.java:134)
    org.apache.derbyTesting.junit.BaseTestCase.runBare(BaseTestCase.java:113)
    org.apache.derbyTesting.junit.BaseJDBCTestCase.runBareOverridable(BaseJDBCTestCase.java:424)
    org.apache.derbyTesting.junit.BaseJDBCTestCase.runBare(BaseJDBCTestCase.java:441)
    junit.framework.TestResult$1.protect(TestResult.java:110)
    junit.framework.TestResult.runProtected(TestResult.java:128)
    junit.framework.TestResult.run(TestResult.java:113)
    junit.framework.TestCase.run(TestCase.java:124)
    junit.textui.TestRunner.doRun(TestRunner.java:116)
    junit.textui.TestRunner.runSingleMethod(TestRunner.java:189)
    junit.textui.TestRunner.start(TestRunner.java:178)
    edu.washington.cs.dt.util.TestRunnerWrapper.main(TestRunnerWrapper.java:53)

org.apache.derbyTesting.functionTests.tests.derbynet.LOBLocatorReleaseTest.testNoLOBs : PASS : 63ms
org.apache.derbyTesting.functionTests.tests.derbynet.LOBLocatorReleaseTest.testForwardOnlyWithNoNulls : ERROR : 26ms
    org.apache.derby.impl.jdbc.SQLExceptionFactory40.getSQLException(Unknown Source)
    org.apache.derby.impl.jdbc.Util.generateCsSQLException(Unknown Source)
    org.apache.derby.impl.jdbc.TransactionResourceImpl.wrapInSQLException(Unknown Source)
    org.apache.derby.impl.jdbc.TransactionResourceImpl.handleException(Unknown Source)
    org.apache.derby.impl.jdbc.EmbedConnection.handleException(Unknown Source)
    org.apache.derby.impl.jdbc.ConnectionChild.handleException(Unknown Source)
    org.apache.derby.impl.jdbc.EmbedStatement.execute(Unknown Source)
    org.apache.derby.impl.jdbc.EmbedStatement.executeQuery(Unknown Source)
    org.apache.derbyTesting.functionTests.tests.derbynet.LOBLocatorReleaseTest.forwardOnlyTest(LOBLocatorReleaseTest.java:117)
    org.apache.derbyTesting.functionTests.tests.derbynet.LOBLocatorReleaseTest.testForwardOnlyWithNoNulls(LOBLocatorReleaseTest.java:96)
    sun.reflect.NativeMethodAccessorImpl.invoke0(Native Method)
    sun.reflect.NativeMethodAccessorImpl.invoke(NativeMethodAccessorImpl.java:57)
    sun.reflect.DelegatingMethodAccessorImpl.invoke(DelegatingMethodAccessorImpl.java:43)
    java.lang.reflect.Method.invoke(Method.java:601)
    junit.framework.TestCase.runTest(TestCase.java:168)
    junit.framework.TestCase.runBare(TestCase.java:134)
    org.apache.derbyTesting.junit.BaseTestCase.runBare(BaseTestCase.java:113)
    org.apache.derbyTesting.junit.BaseJDBCTestCase.runBareOverridable(BaseJDBCTestCase.java:424)
    org.apache.derbyTesting.junit.BaseJDBCTestCase.runBare(BaseJDBCTestCase.java:441)
    junit.framework.TestResult$1.protect(TestResult.java:110)
    junit.framework.TestResult.runProtected(TestResult.java:128)
    junit.framework.TestResult.run(TestResult.java:113)
    junit.framework.TestCase.run(TestCase.java:124)
    junit.textui.TestRunner.doRun(TestRunner.java:116)
    junit.textui.TestRunner.runSingleMethod(TestRunner.java:189)
    junit.textui.TestRunner.start(TestRunner.java:178)
    edu.washington.cs.dt.util.TestRunnerWrapper.main(TestRunnerWrapper.java:53)

org.apache.derbyTesting.functionTests.tests.derbynet.LOBLocatorReleaseTest.testForwardOnlyWithNulls : ERROR : 16ms
    org.apache.derby.impl.jdbc.SQLExceptionFactory40.getSQLException(Unknown Source)
    org.apache.derby.impl.jdbc.Util.generateCsSQLException(Unknown Source)
    org.apache.derby.impl.jdbc.TransactionResourceImpl.wrapInSQLException(Unknown Source)
    org.apache.derby.impl.jdbc.TransactionResourceImpl.handleException(Unknown Source)
    org.apache.derby.impl.jdbc.EmbedConnection.handleException(Unknown Source)
    org.apache.derby.impl.jdbc.ConnectionChild.handleException(Unknown Source)
    org.apache.derby.impl.jdbc.EmbedStatement.execute(Unknown Source)
    org.apache.derby.impl.jdbc.EmbedStatement.executeQuery(Unknown Source)
    org.apache.derbyTesting.functionTests.tests.derbynet.LOBLocatorReleaseTest.forwardOnlyTest(LOBLocatorReleaseTest.java:117)
    org.apache.derbyTesting.functionTests.tests.derbynet.LOBLocatorReleaseTest.testForwardOnlyWithNulls(LOBLocatorReleaseTest.java:108)
    sun.reflect.NativeMethodAccessorImpl.invoke0(Native Method)
    sun.reflect.NativeMethodAccessorImpl.invoke(NativeMethodAccessorImpl.java:57)
    sun.reflect.DelegatingMethodAccessorImpl.invoke(DelegatingMethodAccessorImpl.java:43)
    java.lang.reflect.Method.invoke(Method.java:601)
    junit.framework.TestCase.runTest(TestCase.java:168)
    junit.framework.TestCase.runBare(TestCase.java:134)
    org.apache.derbyTesting.junit.BaseTestCase.runBare(BaseTestCase.java:113)
    org.apache.derbyTesting.junit.BaseJDBCTestCase.runBareOverridable(BaseJDBCTestCase.java:424)
    org.apache.derbyTesting.junit.BaseJDBCTestCase.runBare(BaseJDBCTestCase.java:441)
    junit.framework.TestResult$1.protect(TestResult.java:110)
    junit.framework.TestResult.runProtected(TestResult.java:128)
    junit.framework.TestResult.run(TestResult.java:113)
    junit.framework.TestCase.run(TestCase.java:124)
    junit.textui.TestRunner.doRun(TestRunner.java:116)
    junit.textui.TestRunner.runSingleMethod(TestRunner.java:189)
    junit.textui.TestRunner.start(TestRunner.java:178)
    edu.washington.cs.dt.util.TestRunnerWrapper.main(TestRunnerWrapper.java:53)

org.apache.derbyTesting.functionTests.tests.derbynet.NSSecurityMechanismTest.testNetworkServerSecurityMechanism : FAILURE : 22ms
    junit.framework.Assert.fail(Assert.java:47)
    org.apache.derbyTesting.junit.JDBCDataSource.setBeanProperty(JDBCDataSource.java:212)
    org.apache.derbyTesting.functionTests.tests.derbynet.NSSecurityMechanismTest.getDS(NSSecurityMechanismTest.java:1179)
    org.apache.derbyTesting.functionTests.tests.derbynet.NSSecurityMechanismTest.getDS(NSSecurityMechanismTest.java:1160)
    org.apache.derbyTesting.functionTests.tests.derbynet.NSSecurityMechanismTest.assertSecurityMechanismOK(NSSecurityMechanismTest.java:483)
    org.apache.derbyTesting.functionTests.tests.derbynet.NSSecurityMechanismTest.assertConnectionUsingDataSource(NSSecurityMechanismTest.java:456)
    org.apache.derbyTesting.functionTests.tests.derbynet.NSSecurityMechanismTest.testNetworkServerSecurityMechanism(NSSecurityMechanismTest.java:297)
    sun.reflect.NativeMethodAccessorImpl.invoke0(Native Method)
    sun.reflect.NativeMethodAccessorImpl.invoke(NativeMethodAccessorImpl.java:57)
    sun.reflect.DelegatingMethodAccessorImpl.invoke(DelegatingMethodAccessorImpl.java:43)
    java.lang.reflect.Method.invoke(Method.java:601)
    junit.framework.TestCase.runTest(TestCase.java:168)
    junit.framework.TestCase.runBare(TestCase.java:134)
    org.apache.derbyTesting.junit.BaseTestCase.runBare(BaseTestCase.java:113)
    org.apache.derbyTesting.junit.BaseJDBCTestCase.runBareOverridable(BaseJDBCTestCase.java:424)
    org.apache.derbyTesting.junit.BaseJDBCTestCase.runBare(BaseJDBCTestCase.java:441)
    junit.framework.TestResult$1.protect(TestResult.java:110)
    junit.framework.TestResult.runProtected(TestResult.java:128)
    junit.framework.TestResult.run(TestResult.java:113)
    junit.framework.TestCase.run(TestCase.java:124)
    junit.textui.TestRunner.doRun(TestRunner.java:116)
    junit.textui.TestRunner.runSingleMethod(TestRunner.java:189)
    junit.textui.TestRunner.start(TestRunner.java:178)
    edu.washington.cs.dt.util.TestRunnerWrapper.main(TestRunnerWrapper.java:53)

org.apache.derbyTesting.functionTests.tests.derbynet.NSSecurityMechanismTest.testSecurityMechanismOnEmbedded : PASS : 2ms
org.apache.derbyTesting.functionTests.tests.derbynet.NSinSameJVMTest.testShutdown : ERROR : 23ms
    org.apache.derby.impl.drda.NetworkServerControlImpl.consolePropertyMessageWork(Unknown Source)
    org.apache.derby.impl.drda.NetworkServerControlImpl.consolePropertyMessage(Unknown Source)
    org.apache.derby.impl.drda.NetworkServerControlImpl.setUpSocket(Unknown Source)
    org.apache.derby.impl.drda.NetworkServerControlImpl.shutdown(Unknown Source)
    org.apache.derby.drda.NetworkServerControl.shutdown(Unknown Source)
    org.apache.derbyTesting.functionTests.tests.derbynet.NSinSameJVMTest.testShutdown(NSinSameJVMTest.java:58)
    sun.reflect.NativeMethodAccessorImpl.invoke0(Native Method)
    sun.reflect.NativeMethodAccessorImpl.invoke(NativeMethodAccessorImpl.java:57)
    sun.reflect.DelegatingMethodAccessorImpl.invoke(DelegatingMethodAccessorImpl.java:43)
    java.lang.reflect.Method.invoke(Method.java:601)
    junit.framework.TestCase.runTest(TestCase.java:168)
    junit.framework.TestCase.runBare(TestCase.java:134)
    org.apache.derbyTesting.junit.BaseTestCase.runBare(BaseTestCase.java:113)
    org.apache.derbyTesting.junit.BaseJDBCTestCase.runBareOverridable(BaseJDBCTestCase.java:424)
    org.apache.derbyTesting.junit.BaseJDBCTestCase.runBare(BaseJDBCTestCase.java:441)
    junit.framework.TestResult$1.protect(TestResult.java:110)
    junit.framework.TestResult.runProtected(TestResult.java:128)
    junit.framework.TestResult.run(TestResult.java:113)
    junit.framework.TestCase.run(TestCase.java:124)
    junit.textui.TestRunner.doRun(TestRunner.java:116)
    junit.textui.TestRunner.runSingleMethod(TestRunner.java:189)
    junit.textui.TestRunner.start(TestRunner.java:178)
    edu.washington.cs.dt.util.TestRunnerWrapper.main(TestRunnerWrapper.java:53)

org.apache.derbyTesting.functionTests.tests.derbynet.NetworkServerControlApiTest.test_01_WrongUsage : PASS : 2522ms
org.apache.derbyTesting.functionTests.tests.derbynet.NetworkServerControlApiTest.test_02_TraceCommands : ERROR : 25ms
    org.apache.derby.impl.drda.NetworkServerControlImpl.consolePropertyMessageWork(Unknown Source)
    org.apache.derby.impl.drda.NetworkServerControlImpl.consolePropertyMessage(Unknown Source)
    org.apache.derby.impl.drda.NetworkServerControlImpl.setUpSocket(Unknown Source)
    org.apache.derby.impl.drda.NetworkServerControlImpl.sendSetTraceDirectory(Unknown Source)
    org.apache.derby.drda.NetworkServerControl.setTraceDirectory(Unknown Source)
    org.apache.derbyTesting.functionTests.tests.derbynet.NetworkServerControlApiTest.test_02_TraceCommands(NetworkServerControlApiTest.java:112)
    sun.reflect.NativeMethodAccessorImpl.invoke0(Native Method)
    sun.reflect.NativeMethodAccessorImpl.invoke(NativeMethodAccessorImpl.java:57)
    sun.reflect.DelegatingMethodAccessorImpl.invoke(DelegatingMethodAccessorImpl.java:43)
    java.lang.reflect.Method.invoke(Method.java:601)
    junit.framework.TestCase.runTest(TestCase.java:168)
    junit.framework.TestCase.runBare(TestCase.java:134)
    org.apache.derbyTesting.junit.BaseTestCase.runBare(BaseTestCase.java:113)
    org.apache.derbyTesting.junit.BaseJDBCTestCase.runBareOverridable(BaseJDBCTestCase.java:424)
    org.apache.derbyTesting.junit.BaseJDBCTestCase.runBare(BaseJDBCTestCase.java:441)
    junit.framework.TestResult$1.protect(TestResult.java:110)
    junit.framework.TestResult.runProtected(TestResult.java:128)
    junit.framework.TestResult.run(TestResult.java:113)
    junit.framework.TestCase.run(TestCase.java:124)
    junit.textui.TestRunner.doRun(TestRunner.java:116)
    junit.textui.TestRunner.runSingleMethod(TestRunner.java:189)
    junit.textui.TestRunner.start(TestRunner.java:178)
    edu.washington.cs.dt.util.TestRunnerWrapper.main(TestRunnerWrapper.java:53)

org.apache.derbyTesting.functionTests.tests.derbynet.NetworkServerControlApiTest.test_04_MaxThreads_0 : FAILURE : 525ms
    junit.framework.Assert.fail(Assert.java:47)
    junit.framework.Assert.failNotEquals(Assert.java:277)
    junit.framework.Assert.assertEquals(Assert.java:64)
    junit.framework.Assert.assertEquals(Assert.java:195)
    org.apache.derbyTesting.junit.BaseTestCase.assertExecJavaCmdAsExpected(BaseTestCase.java:513)
    org.apache.derbyTesting.functionTests.tests.derbynet.NetworkServerControlApiTest.test_04_MaxThreads_0(NetworkServerControlApiTest.java:349)
    sun.reflect.NativeMethodAccessorImpl.invoke0(Native Method)
    sun.reflect.NativeMethodAccessorImpl.invoke(NativeMethodAccessorImpl.java:57)
    sun.reflect.DelegatingMethodAccessorImpl.invoke(DelegatingMethodAccessorImpl.java:43)
    java.lang.reflect.Method.invoke(Method.java:601)
    junit.framework.TestCase.runTest(TestCase.java:168)
    junit.framework.TestCase.runBare(TestCase.java:134)
    org.apache.derbyTesting.junit.BaseTestCase.runBare(BaseTestCase.java:113)
    org.apache.derbyTesting.junit.BaseJDBCTestCase.runBareOverridable(BaseJDBCTestCase.java:424)
    org.apache.derbyTesting.junit.BaseJDBCTestCase.runBare(BaseJDBCTestCase.java:441)
    junit.framework.TestResult$1.protect(TestResult.java:110)
    junit.framework.TestResult.runProtected(TestResult.java:128)
    junit.framework.TestResult.run(TestResult.java:113)
    junit.framework.TestCase.run(TestCase.java:124)
    junit.textui.TestRunner.doRun(TestRunner.java:116)
    junit.textui.TestRunner.runSingleMethod(TestRunner.java:189)
    junit.textui.TestRunner.start(TestRunner.java:178)
    edu.washington.cs.dt.util.TestRunnerWrapper.main(TestRunnerWrapper.java:53)

org.apache.derbyTesting.functionTests.tests.derbynet.NetworkServerControlApiTest.test_05_MaxThreads_Neg1 : FAILURE : 538ms
    junit.framework.Assert.fail(Assert.java:47)
    junit.framework.Assert.failNotEquals(Assert.java:277)
    junit.framework.Assert.assertEquals(Assert.java:64)
    junit.framework.Assert.assertEquals(Assert.java:195)
    org.apache.derbyTesting.junit.BaseTestCase.assertExecJavaCmdAsExpected(BaseTestCase.java:513)
    org.apache.derbyTesting.functionTests.tests.derbynet.NetworkServerControlApiTest.test_05_MaxThreads_Neg1(NetworkServerControlApiTest.java:361)
    sun.reflect.NativeMethodAccessorImpl.invoke0(Native Method)
    sun.reflect.NativeMethodAccessorImpl.invoke(NativeMethodAccessorImpl.java:57)
    sun.reflect.DelegatingMethodAccessorImpl.invoke(DelegatingMethodAccessorImpl.java:43)
    java.lang.reflect.Method.invoke(Method.java:601)
    junit.framework.TestCase.runTest(TestCase.java:168)
    junit.framework.TestCase.runBare(TestCase.java:134)
    org.apache.derbyTesting.junit.BaseTestCase.runBare(BaseTestCase.java:113)
    org.apache.derbyTesting.junit.BaseJDBCTestCase.runBareOverridable(BaseJDBCTestCase.java:424)
    org.apache.derbyTesting.junit.BaseJDBCTestCase.runBare(BaseJDBCTestCase.java:441)
    junit.framework.TestResult$1.protect(TestResult.java:110)
    junit.framework.TestResult.runProtected(TestResult.java:128)
    junit.framework.TestResult.run(TestResult.java:113)
    junit.framework.TestCase.run(TestCase.java:124)
    junit.textui.TestRunner.doRun(TestRunner.java:116)
    junit.textui.TestRunner.runSingleMethod(TestRunner.java:189)
    junit.textui.TestRunner.start(TestRunner.java:178)
    edu.washington.cs.dt.util.TestRunnerWrapper.main(TestRunnerWrapper.java:53)

org.apache.derbyTesting.functionTests.tests.derbynet.NetworkServerControlApiTest.test_06_MaxThreads_Neg12 : ERROR : 539ms
    org.apache.derby.impl.drda.NetworkServerControlImpl.consolePropertyMessageWork(Unknown Source)
    org.apache.derby.impl.drda.NetworkServerControlImpl.consolePropertyMessage(Unknown Source)
    org.apache.derby.impl.drda.NetworkServerControlImpl.setUpSocket(Unknown Source)
    org.apache.derby.impl.drda.NetworkServerControlImpl.getCurrentProperties(Unknown Source)
    org.apache.derby.drda.NetworkServerControl.getMaxThreads(Unknown Source)
    org.apache.derbyTesting.functionTests.tests.derbynet.NetworkServerControlApiTest.test_06_MaxThreads_Neg12(NetworkServerControlApiTest.java:392)
    sun.reflect.NativeMethodAccessorImpl.invoke0(Native Method)
    sun.reflect.NativeMethodAccessorImpl.invoke(NativeMethodAccessorImpl.java:57)
    sun.reflect.DelegatingMethodAccessorImpl.invoke(DelegatingMethodAccessorImpl.java:43)
    java.lang.reflect.Method.invoke(Method.java:601)
    junit.framework.TestCase.runTest(TestCase.java:168)
    junit.framework.TestCase.runBare(TestCase.java:134)
    org.apache.derbyTesting.junit.BaseTestCase.runBare(BaseTestCase.java:113)
    org.apache.derbyTesting.junit.BaseJDBCTestCase.runBareOverridable(BaseJDBCTestCase.java:424)
    org.apache.derbyTesting.junit.BaseJDBCTestCase.runBare(BaseJDBCTestCase.java:441)
    junit.framework.TestResult$1.protect(TestResult.java:110)
    junit.framework.TestResult.runProtected(TestResult.java:128)
    junit.framework.TestResult.run(TestResult.java:113)
    junit.framework.TestCase.run(TestCase.java:124)
    junit.textui.TestRunner.doRun(TestRunner.java:116)
    junit.textui.TestRunner.runSingleMethod(TestRunner.java:189)
    junit.textui.TestRunner.start(TestRunner.java:178)
    edu.washington.cs.dt.util.TestRunnerWrapper.main(TestRunnerWrapper.java:53)

org.apache.derbyTesting.functionTests.tests.derbynet.NetworkServerControlApiTest.test_07_MaxThreads_2147483647 : FAILURE : 522ms
    junit.framework.Assert.fail(Assert.java:47)
    junit.framework.Assert.failNotEquals(Assert.java:277)
    junit.framework.Assert.assertEquals(Assert.java:64)
    junit.framework.Assert.assertEquals(Assert.java:195)
    org.apache.derbyTesting.junit.BaseTestCase.assertExecJavaCmdAsExpected(BaseTestCase.java:513)
    org.apache.derbyTesting.functionTests.tests.derbynet.NetworkServerControlApiTest.test_07_MaxThreads_2147483647(NetworkServerControlApiTest.java:400)
    sun.reflect.NativeMethodAccessorImpl.invoke0(Native Method)
    sun.reflect.NativeMethodAccessorImpl.invoke(NativeMethodAccessorImpl.java:57)
    sun.reflect.DelegatingMethodAccessorImpl.invoke(DelegatingMethodAccessorImpl.java:43)
    java.lang.reflect.Method.invoke(Method.java:601)
    junit.framework.TestCase.runTest(TestCase.java:168)
    junit.framework.TestCase.runBare(TestCase.java:134)
    org.apache.derbyTesting.junit.BaseTestCase.runBare(BaseTestCase.java:113)
    org.apache.derbyTesting.junit.BaseJDBCTestCase.runBareOverridable(BaseJDBCTestCase.java:424)
    org.apache.derbyTesting.junit.BaseJDBCTestCase.runBare(BaseJDBCTestCase.java:441)
    junit.framework.TestResult$1.protect(TestResult.java:110)
    junit.framework.TestResult.runProtected(TestResult.java:128)
    junit.framework.TestResult.run(TestResult.java:113)
    junit.framework.TestCase.run(TestCase.java:124)
    junit.textui.TestRunner.doRun(TestRunner.java:116)
    junit.textui.TestRunner.runSingleMethod(TestRunner.java:189)
    junit.textui.TestRunner.start(TestRunner.java:178)
    edu.washington.cs.dt.util.TestRunnerWrapper.main(TestRunnerWrapper.java:53)

org.apache.derbyTesting.functionTests.tests.derbynet.NetworkServerControlApiTest.test_08_MaxThreads_9000 : FAILURE : 533ms
    junit.framework.Assert.fail(Assert.java:47)
    junit.framework.Assert.failNotEquals(Assert.java:277)
    junit.framework.Assert.assertEquals(Assert.java:64)
    junit.framework.Assert.assertEquals(Assert.java:195)
    org.apache.derbyTesting.junit.BaseTestCase.assertExecJavaCmdAsExpected(BaseTestCase.java:513)
    org.apache.derbyTesting.functionTests.tests.derbynet.NetworkServerControlApiTest.test_08_MaxThreads_9000(NetworkServerControlApiTest.java:409)
    sun.reflect.NativeMethodAccessorImpl.invoke0(Native Method)
    sun.reflect.NativeMethodAccessorImpl.invoke(NativeMethodAccessorImpl.java:57)
    sun.reflect.DelegatingMethodAccessorImpl.invoke(DelegatingMethodAccessorImpl.java:43)
    java.lang.reflect.Method.invoke(Method.java:601)
    junit.framework.TestCase.runTest(TestCase.java:168)
    junit.framework.TestCase.runBare(TestCase.java:134)
    org.apache.derbyTesting.junit.BaseTestCase.runBare(BaseTestCase.java:113)
    org.apache.derbyTesting.junit.BaseJDBCTestCase.runBareOverridable(BaseJDBCTestCase.java:424)
    org.apache.derbyTesting.junit.BaseJDBCTestCase.runBare(BaseJDBCTestCase.java:441)
    junit.framework.TestResult$1.protect(TestResult.java:110)
    junit.framework.TestResult.runProtected(TestResult.java:128)
    junit.framework.TestResult.run(TestResult.java:113)
    junit.framework.TestCase.run(TestCase.java:124)
    junit.textui.TestRunner.doRun(TestRunner.java:116)
    junit.textui.TestRunner.runSingleMethod(TestRunner.java:189)
    junit.textui.TestRunner.start(TestRunner.java:178)
    edu.washington.cs.dt.util.TestRunnerWrapper.main(TestRunnerWrapper.java:53)

org.apache.derbyTesting.functionTests.tests.derbynet.NetworkServerControlApiTest.test_09_MaxThreads_Invalid : FAILURE : 521ms
    junit.framework.Assert.fail(Assert.java:47)
    junit.framework.Assert.failNotEquals(Assert.java:277)
    junit.framework.Assert.assertEquals(Assert.java:64)
    junit.framework.Assert.assertEquals(Assert.java:195)
    org.apache.derbyTesting.junit.BaseTestCase.assertExecJavaCmdAsExpected(BaseTestCase.java:513)
    org.apache.derbyTesting.functionTests.tests.derbynet.NetworkServerControlApiTest.test_09_MaxThreads_Invalid(NetworkServerControlApiTest.java:422)
    sun.reflect.NativeMethodAccessorImpl.invoke0(Native Method)
    sun.reflect.NativeMethodAccessorImpl.invoke(NativeMethodAccessorImpl.java:57)
    sun.reflect.DelegatingMethodAccessorImpl.invoke(DelegatingMethodAccessorImpl.java:43)
    java.lang.reflect.Method.invoke(Method.java:601)
    junit.framework.TestCase.runTest(TestCase.java:168)
    junit.framework.TestCase.runBare(TestCase.java:134)
    org.apache.derbyTesting.junit.BaseTestCase.runBare(BaseTestCase.java:113)
    org.apache.derbyTesting.junit.BaseJDBCTestCase.runBareOverridable(BaseJDBCTestCase.java:424)
    org.apache.derbyTesting.junit.BaseJDBCTestCase.runBare(BaseJDBCTestCase.java:441)
    junit.framework.TestResult$1.protect(TestResult.java:110)
    junit.framework.TestResult.runProtected(TestResult.java:128)
    junit.framework.TestResult.run(TestResult.java:113)
    junit.framework.TestCase.run(TestCase.java:124)
    junit.textui.TestRunner.doRun(TestRunner.java:116)
    junit.textui.TestRunner.runSingleMethod(TestRunner.java:189)
    junit.textui.TestRunner.start(TestRunner.java:178)
    edu.washington.cs.dt.util.TestRunnerWrapper.main(TestRunnerWrapper.java:53)

org.apache.derbyTesting.functionTests.tests.derbynet.NetworkServerControlApiTest.test_10_MaxThreadsCallable_0 : ERROR : 12ms
    org.apache.derby.impl.drda.NetworkServerControlImpl.consolePropertyMessageWork(Unknown Source)
    org.apache.derby.impl.drda.NetworkServerControlImpl.consolePropertyMessage(Unknown Source)
    org.apache.derby.impl.drda.NetworkServerControlImpl.setUpSocket(Unknown Source)
    org.apache.derby.impl.drda.NetworkServerControlImpl.netSetMaxThreads(Unknown Source)
    org.apache.derby.drda.NetworkServerControl.setMaxThreads(Unknown Source)
    org.apache.derbyTesting.functionTests.tests.derbynet.NetworkServerControlApiTest.test_10_MaxThreadsCallable_0(NetworkServerControlApiTest.java:449)
    sun.reflect.NativeMethodAccessorImpl.invoke0(Native Method)
    sun.reflect.NativeMethodAccessorImpl.invoke(NativeMethodAccessorImpl.java:57)
    sun.reflect.DelegatingMethodAccessorImpl.invoke(DelegatingMethodAccessorImpl.java:43)
    java.lang.reflect.Method.invoke(Method.java:601)
    junit.framework.TestCase.runTest(TestCase.java:168)
    junit.framework.TestCase.runBare(TestCase.java:134)
    org.apache.derbyTesting.junit.BaseTestCase.runBare(BaseTestCase.java:113)
    org.apache.derbyTesting.junit.BaseJDBCTestCase.runBareOverridable(BaseJDBCTestCase.java:424)
    org.apache.derbyTesting.junit.BaseJDBCTestCase.runBare(BaseJDBCTestCase.java:441)
    junit.framework.TestResult$1.protect(TestResult.java:110)
    junit.framework.TestResult.runProtected(TestResult.java:128)
    junit.framework.TestResult.run(TestResult.java:113)
    junit.framework.TestCase.run(TestCase.java:124)
    junit.textui.TestRunner.doRun(TestRunner.java:116)
    junit.textui.TestRunner.runSingleMethod(TestRunner.java:189)
    junit.textui.TestRunner.start(TestRunner.java:178)
    edu.washington.cs.dt.util.TestRunnerWrapper.main(TestRunnerWrapper.java:53)

org.apache.derbyTesting.functionTests.tests.derbynet.NetworkServerControlApiTest.test_11_MaxThreadsCallable_Neg1 : ERROR : 15ms
    org.apache.derby.impl.drda.NetworkServerControlImpl.consolePropertyMessageWork(Unknown Source)
    org.apache.derby.impl.drda.NetworkServerControlImpl.consolePropertyMessage(Unknown Source)
    org.apache.derby.impl.drda.NetworkServerControlImpl.setUpSocket(Unknown Source)
    org.apache.derby.impl.drda.NetworkServerControlImpl.netSetMaxThreads(Unknown Source)
    org.apache.derby.drda.NetworkServerControl.setMaxThreads(Unknown Source)
    org.apache.derbyTesting.functionTests.tests.derbynet.NetworkServerControlApiTest.test_11_MaxThreadsCallable_Neg1(NetworkServerControlApiTest.java:456)
    sun.reflect.NativeMethodAccessorImpl.invoke0(Native Method)
    sun.reflect.NativeMethodAccessorImpl.invoke(NativeMethodAccessorImpl.java:57)
    sun.reflect.DelegatingMethodAccessorImpl.invoke(DelegatingMethodAccessorImpl.java:43)
    java.lang.reflect.Method.invoke(Method.java:601)
    junit.framework.TestCase.runTest(TestCase.java:168)
    junit.framework.TestCase.runBare(TestCase.java:134)
    org.apache.derbyTesting.junit.BaseTestCase.runBare(BaseTestCase.java:113)
    org.apache.derbyTesting.junit.BaseJDBCTestCase.runBareOverridable(BaseJDBCTestCase.java:424)
    org.apache.derbyTesting.junit.BaseJDBCTestCase.runBare(BaseJDBCTestCase.java:441)
    junit.framework.TestResult$1.protect(TestResult.java:110)
    junit.framework.TestResult.runProtected(TestResult.java:128)
    junit.framework.TestResult.run(TestResult.java:113)
    junit.framework.TestCase.run(TestCase.java:124)
    junit.textui.TestRunner.doRun(TestRunner.java:116)
    junit.textui.TestRunner.runSingleMethod(TestRunner.java:189)
    junit.textui.TestRunner.start(TestRunner.java:178)
    edu.washington.cs.dt.util.TestRunnerWrapper.main(TestRunnerWrapper.java:53)

org.apache.derbyTesting.functionTests.tests.derbynet.NetworkServerControlApiTest.test_12_MaxThreadsCallable_Neg12 : FAILURE : 13ms
    junit.framework.Assert.assertEquals(Assert.java:81)
    junit.framework.Assert.assertEquals(Assert.java:87)
    org.apache.derbyTesting.functionTests.tests.derbynet.NetworkServerControlApiTest.test_12_MaxThreadsCallable_Neg12(NetworkServerControlApiTest.java:471)
    sun.reflect.NativeMethodAccessorImpl.invoke0(Native Method)
    sun.reflect.NativeMethodAccessorImpl.invoke(NativeMethodAccessorImpl.java:57)
    sun.reflect.DelegatingMethodAccessorImpl.invoke(DelegatingMethodAccessorImpl.java:43)
    java.lang.reflect.Method.invoke(Method.java:601)
    junit.framework.TestCase.runTest(TestCase.java:168)
    junit.framework.TestCase.runBare(TestCase.java:134)
    org.apache.derbyTesting.junit.BaseTestCase.runBare(BaseTestCase.java:113)
    org.apache.derbyTesting.junit.BaseJDBCTestCase.runBareOverridable(BaseJDBCTestCase.java:424)
    org.apache.derbyTesting.junit.BaseJDBCTestCase.runBare(BaseJDBCTestCase.java:441)
    junit.framework.TestResult$1.protect(TestResult.java:110)
    junit.framework.TestResult.runProtected(TestResult.java:128)
    junit.framework.TestResult.run(TestResult.java:113)
    junit.framework.TestCase.run(TestCase.java:124)
    junit.textui.TestRunner.doRun(TestRunner.java:116)
    junit.textui.TestRunner.runSingleMethod(TestRunner.java:189)
    junit.textui.TestRunner.start(TestRunner.java:178)
    edu.washington.cs.dt.util.TestRunnerWrapper.main(TestRunnerWrapper.java:53)

org.apache.derbyTesting.functionTests.tests.derbynet.NetworkServerControlApiTest.test_13_MaxThreadsCallable_2147483647 : ERROR : 17ms
    org.apache.derby.impl.drda.NetworkServerControlImpl.consolePropertyMessageWork(Unknown Source)
    org.apache.derby.impl.drda.NetworkServerControlImpl.consolePropertyMessage(Unknown Source)
    org.apache.derby.impl.drda.NetworkServerControlImpl.setUpSocket(Unknown Source)
    org.apache.derby.impl.drda.NetworkServerControlImpl.netSetMaxThreads(Unknown Source)
    org.apache.derby.drda.NetworkServerControl.setMaxThreads(Unknown Source)
    org.apache.derbyTesting.functionTests.tests.derbynet.NetworkServerControlApiTest.test_13_MaxThreadsCallable_2147483647(NetworkServerControlApiTest.java:477)
    sun.reflect.NativeMethodAccessorImpl.invoke0(Native Method)
    sun.reflect.NativeMethodAccessorImpl.invoke(NativeMethodAccessorImpl.java:57)
    sun.reflect.DelegatingMethodAccessorImpl.invoke(DelegatingMethodAccessorImpl.java:43)
    java.lang.reflect.Method.invoke(Method.java:601)
    junit.framework.TestCase.runTest(TestCase.java:168)
    junit.framework.TestCase.runBare(TestCase.java:134)
    org.apache.derbyTesting.junit.BaseTestCase.runBare(BaseTestCase.java:113)
    org.apache.derbyTesting.junit.BaseJDBCTestCase.runBareOverridable(BaseJDBCTestCase.java:424)
    org.apache.derbyTesting.junit.BaseJDBCTestCase.runBare(BaseJDBCTestCase.java:441)
    junit.framework.TestResult$1.protect(TestResult.java:110)
    junit.framework.TestResult.runProtected(TestResult.java:128)
    junit.framework.TestResult.run(TestResult.java:113)
    junit.framework.TestCase.run(TestCase.java:124)
    junit.textui.TestRunner.doRun(TestRunner.java:116)
    junit.textui.TestRunner.runSingleMethod(TestRunner.java:189)
    junit.textui.TestRunner.start(TestRunner.java:178)
    edu.washington.cs.dt.util.TestRunnerWrapper.main(TestRunnerWrapper.java:53)

org.apache.derbyTesting.functionTests.tests.derbynet.NetworkServerControlApiTest.test_14_MaxThreadsCallable_9000 : ERROR : 19ms
    org.apache.derby.impl.drda.NetworkServerControlImpl.consolePropertyMessageWork(Unknown Source)
    org.apache.derby.impl.drda.NetworkServerControlImpl.consolePropertyMessage(Unknown Source)
    org.apache.derby.impl.drda.NetworkServerControlImpl.setUpSocket(Unknown Source)
    org.apache.derby.impl.drda.NetworkServerControlImpl.netSetMaxThreads(Unknown Source)
    org.apache.derby.drda.NetworkServerControl.setMaxThreads(Unknown Source)
    org.apache.derbyTesting.functionTests.tests.derbynet.NetworkServerControlApiTest.test_14_MaxThreadsCallable_9000(NetworkServerControlApiTest.java:484)
    sun.reflect.NativeMethodAccessorImpl.invoke0(Native Method)
    sun.reflect.NativeMethodAccessorImpl.invoke(NativeMethodAccessorImpl.java:57)
    sun.reflect.DelegatingMethodAccessorImpl.invoke(DelegatingMethodAccessorImpl.java:43)
    java.lang.reflect.Method.invoke(Method.java:601)
    junit.framework.TestCase.runTest(TestCase.java:168)
    junit.framework.TestCase.runBare(TestCase.java:134)
    org.apache.derbyTesting.junit.BaseTestCase.runBare(BaseTestCase.java:113)
    org.apache.derbyTesting.junit.BaseJDBCTestCase.runBareOverridable(BaseJDBCTestCase.java:424)
    org.apache.derbyTesting.junit.BaseJDBCTestCase.runBare(BaseJDBCTestCase.java:441)
    junit.framework.TestResult$1.protect(TestResult.java:110)
    junit.framework.TestResult.runProtected(TestResult.java:128)
    junit.framework.TestResult.run(TestResult.java:113)
    junit.framework.TestCase.run(TestCase.java:124)
    junit.textui.TestRunner.doRun(TestRunner.java:116)
    junit.textui.TestRunner.runSingleMethod(TestRunner.java:189)
    junit.textui.TestRunner.start(TestRunner.java:178)
    edu.washington.cs.dt.util.TestRunnerWrapper.main(TestRunnerWrapper.java:53)

org.apache.derbyTesting.functionTests.tests.derbynet.NetworkServerControlApiTest.test_15_TimeSlice_0 : FAILURE : 522ms
    junit.framework.Assert.fail(Assert.java:47)
    junit.framework.Assert.failNotEquals(Assert.java:277)
    junit.framework.Assert.assertEquals(Assert.java:64)
    junit.framework.Assert.assertEquals(Assert.java:195)
    org.apache.derbyTesting.junit.BaseTestCase.assertExecJavaCmdAsExpected(BaseTestCase.java:513)
    org.apache.derbyTesting.functionTests.tests.derbynet.NetworkServerControlApiTest.test_15_TimeSlice_0(NetworkServerControlApiTest.java:495)
    sun.reflect.NativeMethodAccessorImpl.invoke0(Native Method)
    sun.reflect.NativeMethodAccessorImpl.invoke(NativeMethodAccessorImpl.java:57)
    sun.reflect.DelegatingMethodAccessorImpl.invoke(DelegatingMethodAccessorImpl.java:43)
    java.lang.reflect.Method.invoke(Method.java:601)
    junit.framework.TestCase.runTest(TestCase.java:168)
    junit.framework.TestCase.runBare(TestCase.java:134)
    org.apache.derbyTesting.junit.BaseTestCase.runBare(BaseTestCase.java:113)
    org.apache.derbyTesting.junit.BaseJDBCTestCase.runBareOverridable(BaseJDBCTestCase.java:424)
    org.apache.derbyTesting.junit.BaseJDBCTestCase.runBare(BaseJDBCTestCase.java:441)
    junit.framework.TestResult$1.protect(TestResult.java:110)
    junit.framework.TestResult.runProtected(TestResult.java:128)
    junit.framework.TestResult.run(TestResult.java:113)
    junit.framework.TestCase.run(TestCase.java:124)
    junit.textui.TestRunner.doRun(TestRunner.java:116)
    junit.textui.TestRunner.runSingleMethod(TestRunner.java:189)
    junit.textui.TestRunner.start(TestRunner.java:178)
    edu.washington.cs.dt.util.TestRunnerWrapper.main(TestRunnerWrapper.java:53)

org.apache.derbyTesting.functionTests.tests.derbynet.NetworkServerControlApiTest.test_16_TimeSlice_Neg1 : FAILURE : 518ms
    junit.framework.Assert.fail(Assert.java:47)
    junit.framework.Assert.failNotEquals(Assert.java:277)
    junit.framework.Assert.assertEquals(Assert.java:64)
    junit.framework.Assert.assertEquals(Assert.java:195)
    org.apache.derbyTesting.junit.BaseTestCase.assertExecJavaCmdAsExpected(BaseTestCase.java:513)
    org.apache.derbyTesting.functionTests.tests.derbynet.NetworkServerControlApiTest.test_16_TimeSlice_Neg1(NetworkServerControlApiTest.java:507)
    sun.reflect.NativeMethodAccessorImpl.invoke0(Native Method)
    sun.reflect.NativeMethodAccessorImpl.invoke(NativeMethodAccessorImpl.java:57)
    sun.reflect.DelegatingMethodAccessorImpl.invoke(DelegatingMethodAccessorImpl.java:43)
    java.lang.reflect.Method.invoke(Method.java:601)
    junit.framework.TestCase.runTest(TestCase.java:168)
    junit.framework.TestCase.runBare(TestCase.java:134)
    org.apache.derbyTesting.junit.BaseTestCase.runBare(BaseTestCase.java:113)
    org.apache.derbyTesting.junit.BaseJDBCTestCase.runBareOverridable(BaseJDBCTestCase.java:424)
    org.apache.derbyTesting.junit.BaseJDBCTestCase.runBare(BaseJDBCTestCase.java:441)
    junit.framework.TestResult$1.protect(TestResult.java:110)
    junit.framework.TestResult.runProtected(TestResult.java:128)
    junit.framework.TestResult.run(TestResult.java:113)
    junit.framework.TestCase.run(TestCase.java:124)
    junit.textui.TestRunner.doRun(TestRunner.java:116)
    junit.textui.TestRunner.runSingleMethod(TestRunner.java:189)
    junit.textui.TestRunner.start(TestRunner.java:178)
    edu.washington.cs.dt.util.TestRunnerWrapper.main(TestRunnerWrapper.java:53)

org.apache.derbyTesting.functionTests.tests.derbynet.NetworkServerControlApiTest.test_17_TimeSlice_Neg12 : ERROR : 517ms
    org.apache.derby.impl.drda.NetworkServerControlImpl.consolePropertyMessageWork(Unknown Source)
    org.apache.derby.impl.drda.NetworkServerControlImpl.consolePropertyMessage(Unknown Source)
    org.apache.derby.impl.drda.NetworkServerControlImpl.setUpSocket(Unknown Source)
    org.apache.derby.impl.drda.NetworkServerControlImpl.getCurrentProperties(Unknown Source)
    org.apache.derby.drda.NetworkServerControl.getTimeSlice(Unknown Source)
    org.apache.derbyTesting.functionTests.tests.derbynet.NetworkServerControlApiTest.test_17_TimeSlice_Neg12(NetworkServerControlApiTest.java:530)
    sun.reflect.NativeMethodAccessorImpl.invoke0(Native Method)
    sun.reflect.NativeMethodAccessorImpl.invoke(NativeMethodAccessorImpl.java:57)
    sun.reflect.DelegatingMethodAccessorImpl.invoke(DelegatingMethodAccessorImpl.java:43)
    java.lang.reflect.Method.invoke(Method.java:601)
    junit.framework.TestCase.runTest(TestCase.java:168)
    junit.framework.TestCase.runBare(TestCase.java:134)
    org.apache.derbyTesting.junit.BaseTestCase.runBare(BaseTestCase.java:113)
    org.apache.derbyTesting.junit.BaseJDBCTestCase.runBareOverridable(BaseJDBCTestCase.java:424)
    org.apache.derbyTesting.junit.BaseJDBCTestCase.runBare(BaseJDBCTestCase.java:441)
    junit.framework.TestResult$1.protect(TestResult.java:110)
    junit.framework.TestResult.runProtected(TestResult.java:128)
    junit.framework.TestResult.run(TestResult.java:113)
    junit.framework.TestCase.run(TestCase.java:124)
    junit.textui.TestRunner.doRun(TestRunner.java:116)
    junit.textui.TestRunner.runSingleMethod(TestRunner.java:189)
    junit.textui.TestRunner.start(TestRunner.java:178)
    edu.washington.cs.dt.util.TestRunnerWrapper.main(TestRunnerWrapper.java:53)

org.apache.derbyTesting.functionTests.tests.derbynet.NetworkServerControlApiTest.test_18_TimeSlice_2147483647 : FAILURE : 522ms
    junit.framework.Assert.fail(Assert.java:47)
    junit.framework.Assert.failNotEquals(Assert.java:277)
    junit.framework.Assert.assertEquals(Assert.java:64)
    junit.framework.Assert.assertEquals(Assert.java:195)
    org.apache.derbyTesting.junit.BaseTestCase.assertExecJavaCmdAsExpected(BaseTestCase.java:513)
    org.apache.derbyTesting.functionTests.tests.derbynet.NetworkServerControlApiTest.test_18_TimeSlice_2147483647(NetworkServerControlApiTest.java:539)
    sun.reflect.NativeMethodAccessorImpl.invoke0(Native Method)
    sun.reflect.NativeMethodAccessorImpl.invoke(NativeMethodAccessorImpl.java:57)
    sun.reflect.DelegatingMethodAccessorImpl.invoke(DelegatingMethodAccessorImpl.java:43)
    java.lang.reflect.Method.invoke(Method.java:601)
    junit.framework.TestCase.runTest(TestCase.java:168)
    junit.framework.TestCase.runBare(TestCase.java:134)
    org.apache.derbyTesting.junit.BaseTestCase.runBare(BaseTestCase.java:113)
    org.apache.derbyTesting.junit.BaseJDBCTestCase.runBareOverridable(BaseJDBCTestCase.java:424)
    org.apache.derbyTesting.junit.BaseJDBCTestCase.runBare(BaseJDBCTestCase.java:441)
    junit.framework.TestResult$1.protect(TestResult.java:110)
    junit.framework.TestResult.runProtected(TestResult.java:128)
    junit.framework.TestResult.run(TestResult.java:113)
    junit.framework.TestCase.run(TestCase.java:124)
    junit.textui.TestRunner.doRun(TestRunner.java:116)
    junit.textui.TestRunner.runSingleMethod(TestRunner.java:189)
    junit.textui.TestRunner.start(TestRunner.java:178)
    edu.washington.cs.dt.util.TestRunnerWrapper.main(TestRunnerWrapper.java:53)

org.apache.derbyTesting.functionTests.tests.derbynet.NetworkServerControlApiTest.test_19_TimeSlice_9000 : FAILURE : 520ms
    junit.framework.Assert.fail(Assert.java:47)
    junit.framework.Assert.failNotEquals(Assert.java:277)
    junit.framework.Assert.assertEquals(Assert.java:64)
    junit.framework.Assert.assertEquals(Assert.java:195)
    org.apache.derbyTesting.junit.BaseTestCase.assertExecJavaCmdAsExpected(BaseTestCase.java:513)
    org.apache.derbyTesting.functionTests.tests.derbynet.NetworkServerControlApiTest.test_19_TimeSlice_9000(NetworkServerControlApiTest.java:549)
    sun.reflect.NativeMethodAccessorImpl.invoke0(Native Method)
    sun.reflect.NativeMethodAccessorImpl.invoke(NativeMethodAccessorImpl.java:57)
    sun.reflect.DelegatingMethodAccessorImpl.invoke(DelegatingMethodAccessorImpl.java:43)
    java.lang.reflect.Method.invoke(Method.java:601)
    junit.framework.TestCase.runTest(TestCase.java:168)
    junit.framework.TestCase.runBare(TestCase.java:134)
    org.apache.derbyTesting.junit.BaseTestCase.runBare(BaseTestCase.java:113)
    org.apache.derbyTesting.junit.BaseJDBCTestCase.runBareOverridable(BaseJDBCTestCase.java:424)
    org.apache.derbyTesting.junit.BaseJDBCTestCase.runBare(BaseJDBCTestCase.java:441)
    junit.framework.TestResult$1.protect(TestResult.java:110)
    junit.framework.TestResult.runProtected(TestResult.java:128)
    junit.framework.TestResult.run(TestResult.java:113)
    junit.framework.TestCase.run(TestCase.java:124)
    junit.textui.TestRunner.doRun(TestRunner.java:116)
    junit.textui.TestRunner.runSingleMethod(TestRunner.java:189)
    junit.textui.TestRunner.start(TestRunner.java:178)
    edu.washington.cs.dt.util.TestRunnerWrapper.main(TestRunnerWrapper.java:53)

org.apache.derbyTesting.functionTests.tests.derbynet.NetworkServerControlApiTest.test_20_TimeSlice_a : FAILURE : 529ms
    junit.framework.Assert.fail(Assert.java:47)
    junit.framework.Assert.failNotEquals(Assert.java:277)
    junit.framework.Assert.assertEquals(Assert.java:64)
    junit.framework.Assert.assertEquals(Assert.java:195)
    org.apache.derbyTesting.junit.BaseTestCase.assertExecJavaCmdAsExpected(BaseTestCase.java:513)
    org.apache.derbyTesting.functionTests.tests.derbynet.NetworkServerControlApiTest.test_20_TimeSlice_a(NetworkServerControlApiTest.java:559)
    sun.reflect.NativeMethodAccessorImpl.invoke0(Native Method)
    sun.reflect.NativeMethodAccessorImpl.invoke(NativeMethodAccessorImpl.java:57)
    sun.reflect.DelegatingMethodAccessorImpl.invoke(DelegatingMethodAccessorImpl.java:43)
    java.lang.reflect.Method.invoke(Method.java:601)
    junit.framework.TestCase.runTest(TestCase.java:168)
    junit.framework.TestCase.runBare(TestCase.java:134)
    org.apache.derbyTesting.junit.BaseTestCase.runBare(BaseTestCase.java:113)
    org.apache.derbyTesting.junit.BaseJDBCTestCase.runBareOverridable(BaseJDBCTestCase.java:424)
    org.apache.derbyTesting.junit.BaseJDBCTestCase.runBare(BaseJDBCTestCase.java:441)
    junit.framework.TestResult$1.protect(TestResult.java:110)
    junit.framework.TestResult.runProtected(TestResult.java:128)
    junit.framework.TestResult.run(TestResult.java:113)
    junit.framework.TestCase.run(TestCase.java:124)
    junit.textui.TestRunner.doRun(TestRunner.java:116)
    junit.textui.TestRunner.runSingleMethod(TestRunner.java:189)
    junit.textui.TestRunner.start(TestRunner.java:178)
    edu.washington.cs.dt.util.TestRunnerWrapper.main(TestRunnerWrapper.java:53)

org.apache.derbyTesting.functionTests.tests.derbynet.NetworkServerControlApiTest.test_21_TimeSliceCallable_0 : ERROR : 14ms
    org.apache.derby.impl.drda.NetworkServerControlImpl.consolePropertyMessageWork(Unknown Source)
    org.apache.derby.impl.drda.NetworkServerControlImpl.consolePropertyMessage(Unknown Source)
    org.apache.derby.impl.drda.NetworkServerControlImpl.setUpSocket(Unknown Source)
    org.apache.derby.impl.drda.NetworkServerControlImpl.netSetTimeSlice(Unknown Source)
    org.apache.derby.drda.NetworkServerControl.setTimeSlice(Unknown Source)
    org.apache.derbyTesting.functionTests.tests.derbynet.NetworkServerControlApiTest.test_21_TimeSliceCallable_0(NetworkServerControlApiTest.java:584)
    sun.reflect.NativeMethodAccessorImpl.invoke0(Native Method)
    sun.reflect.NativeMethodAccessorImpl.invoke(NativeMethodAccessorImpl.java:57)
    sun.reflect.DelegatingMethodAccessorImpl.invoke(DelegatingMethodAccessorImpl.java:43)
    java.lang.reflect.Method.invoke(Method.java:601)
    junit.framework.TestCase.runTest(TestCase.java:168)
    junit.framework.TestCase.runBare(TestCase.java:134)
    org.apache.derbyTesting.junit.BaseTestCase.runBare(BaseTestCase.java:113)
    org.apache.derbyTesting.junit.BaseJDBCTestCase.runBareOverridable(BaseJDBCTestCase.java:424)
    org.apache.derbyTesting.junit.BaseJDBCTestCase.runBare(BaseJDBCTestCase.java:441)
    junit.framework.TestResult$1.protect(TestResult.java:110)
    junit.framework.TestResult.runProtected(TestResult.java:128)
    junit.framework.TestResult.run(TestResult.java:113)
    junit.framework.TestCase.run(TestCase.java:124)
    junit.textui.TestRunner.doRun(TestRunner.java:116)
    junit.textui.TestRunner.runSingleMethod(TestRunner.java:189)
    junit.textui.TestRunner.start(TestRunner.java:178)
    edu.washington.cs.dt.util.TestRunnerWrapper.main(TestRunnerWrapper.java:53)

org.apache.derbyTesting.functionTests.tests.derbynet.NetworkServerControlApiTest.test_22_TimeSliceCallable_Neg1 : ERROR : 11ms
    org.apache.derby.impl.drda.NetworkServerControlImpl.consolePropertyMessageWork(Unknown Source)
    org.apache.derby.impl.drda.NetworkServerControlImpl.consolePropertyMessage(Unknown Source)
    org.apache.derby.impl.drda.NetworkServerControlImpl.setUpSocket(Unknown Source)
    org.apache.derby.impl.drda.NetworkServerControlImpl.netSetTimeSlice(Unknown Source)
    org.apache.derby.drda.NetworkServerControl.setTimeSlice(Unknown Source)
    org.apache.derbyTesting.functionTests.tests.derbynet.NetworkServerControlApiTest.test_22_TimeSliceCallable_Neg1(NetworkServerControlApiTest.java:592)
    sun.reflect.NativeMethodAccessorImpl.invoke0(Native Method)
    sun.reflect.NativeMethodAccessorImpl.invoke(NativeMethodAccessorImpl.java:57)
    sun.reflect.DelegatingMethodAccessorImpl.invoke(DelegatingMethodAccessorImpl.java:43)
    java.lang.reflect.Method.invoke(Method.java:601)
    junit.framework.TestCase.runTest(TestCase.java:168)
    junit.framework.TestCase.runBare(TestCase.java:134)
    org.apache.derbyTesting.junit.BaseTestCase.runBare(BaseTestCase.java:113)
    org.apache.derbyTesting.junit.BaseJDBCTestCase.runBareOverridable(BaseJDBCTestCase.java:424)
    org.apache.derbyTesting.junit.BaseJDBCTestCase.runBare(BaseJDBCTestCase.java:441)
    junit.framework.TestResult$1.protect(TestResult.java:110)
    junit.framework.TestResult.runProtected(TestResult.java:128)
    junit.framework.TestResult.run(TestResult.java:113)
    junit.framework.TestCase.run(TestCase.java:124)
    junit.textui.TestRunner.doRun(TestRunner.java:116)
    junit.textui.TestRunner.runSingleMethod(TestRunner.java:189)
    junit.textui.TestRunner.start(TestRunner.java:178)
    edu.washington.cs.dt.util.TestRunnerWrapper.main(TestRunnerWrapper.java:53)

org.apache.derbyTesting.functionTests.tests.derbynet.NetworkServerControlApiTest.test_23_TimeSliceCallable_Neg2 : FAILURE : 13ms
    junit.framework.Assert.fail(Assert.java:47)
    junit.framework.Assert.assertTrue(Assert.java:20)
    junit.framework.Assert.assertTrue(Assert.java:27)
    org.apache.derbyTesting.functionTests.tests.derbynet.NetworkServerControlApiTest.test_23_TimeSliceCallable_Neg2(NetworkServerControlApiTest.java:603)
    sun.reflect.NativeMethodAccessorImpl.invoke0(Native Method)
    sun.reflect.NativeMethodAccessorImpl.invoke(NativeMethodAccessorImpl.java:57)
    sun.reflect.DelegatingMethodAccessorImpl.invoke(DelegatingMethodAccessorImpl.java:43)
    java.lang.reflect.Method.invoke(Method.java:601)
    junit.framework.TestCase.runTest(TestCase.java:168)
    junit.framework.TestCase.runBare(TestCase.java:134)
    org.apache.derbyTesting.junit.BaseTestCase.runBare(BaseTestCase.java:113)
    org.apache.derbyTesting.junit.BaseJDBCTestCase.runBareOverridable(BaseJDBCTestCase.java:424)
    org.apache.derbyTesting.junit.BaseJDBCTestCase.runBare(BaseJDBCTestCase.java:441)
    junit.framework.TestResult$1.protect(TestResult.java:110)
    junit.framework.TestResult.runProtected(TestResult.java:128)
    junit.framework.TestResult.run(TestResult.java:113)
    junit.framework.TestCase.run(TestCase.java:124)
    junit.textui.TestRunner.doRun(TestRunner.java:116)
    junit.textui.TestRunner.runSingleMethod(TestRunner.java:189)
    junit.textui.TestRunner.start(TestRunner.java:178)
    edu.washington.cs.dt.util.TestRunnerWrapper.main(TestRunnerWrapper.java:53)

org.apache.derbyTesting.functionTests.tests.derbynet.NetworkServerControlApiTest.test_24_TimeSliceCallable_2147483647 : ERROR : 10ms
    org.apache.derby.impl.drda.NetworkServerControlImpl.consolePropertyMessageWork(Unknown Source)
    org.apache.derby.impl.drda.NetworkServerControlImpl.consolePropertyMessage(Unknown Source)
    org.apache.derby.impl.drda.NetworkServerControlImpl.setUpSocket(Unknown Source)
    org.apache.derby.impl.drda.NetworkServerControlImpl.netSetTimeSlice(Unknown Source)
    org.apache.derby.drda.NetworkServerControl.setTimeSlice(Unknown Source)
    org.apache.derbyTesting.functionTests.tests.derbynet.NetworkServerControlApiTest.test_24_TimeSliceCallable_2147483647(NetworkServerControlApiTest.java:612)
    sun.reflect.NativeMethodAccessorImpl.invoke0(Native Method)
    sun.reflect.NativeMethodAccessorImpl.invoke(NativeMethodAccessorImpl.java:57)
    sun.reflect.DelegatingMethodAccessorImpl.invoke(DelegatingMethodAccessorImpl.java:43)
    java.lang.reflect.Method.invoke(Method.java:601)
    junit.framework.TestCase.runTest(TestCase.java:168)
    junit.framework.TestCase.runBare(TestCase.java:134)
    org.apache.derbyTesting.junit.BaseTestCase.runBare(BaseTestCase.java:113)
    org.apache.derbyTesting.junit.BaseJDBCTestCase.runBareOverridable(BaseJDBCTestCase.java:424)
    org.apache.derbyTesting.junit.BaseJDBCTestCase.runBare(BaseJDBCTestCase.java:441)
    junit.framework.TestResult$1.protect(TestResult.java:110)
    junit.framework.TestResult.runProtected(TestResult.java:128)
    junit.framework.TestResult.run(TestResult.java:113)
    junit.framework.TestCase.run(TestCase.java:124)
    junit.textui.TestRunner.doRun(TestRunner.java:116)
    junit.textui.TestRunner.runSingleMethod(TestRunner.java:189)
    junit.textui.TestRunner.start(TestRunner.java:178)
    edu.washington.cs.dt.util.TestRunnerWrapper.main(TestRunnerWrapper.java:53)

org.apache.derbyTesting.functionTests.tests.derbynet.NetworkServerControlApiTest.test_25_TimeSliceCallable_9000 : ERROR : 13ms
    org.apache.derby.impl.drda.NetworkServerControlImpl.consolePropertyMessageWork(Unknown Source)
    org.apache.derby.impl.drda.NetworkServerControlImpl.consolePropertyMessage(Unknown Source)
    org.apache.derby.impl.drda.NetworkServerControlImpl.setUpSocket(Unknown Source)
    org.apache.derby.impl.drda.NetworkServerControlImpl.netSetTimeSlice(Unknown Source)
    org.apache.derby.drda.NetworkServerControl.setTimeSlice(Unknown Source)
    org.apache.derbyTesting.functionTests.tests.derbynet.NetworkServerControlApiTest.test_25_TimeSliceCallable_9000(NetworkServerControlApiTest.java:620)
    sun.reflect.NativeMethodAccessorImpl.invoke0(Native Method)
    sun.reflect.NativeMethodAccessorImpl.invoke(NativeMethodAccessorImpl.java:57)
    sun.reflect.DelegatingMethodAccessorImpl.invoke(DelegatingMethodAccessorImpl.java:43)
    java.lang.reflect.Method.invoke(Method.java:601)
    junit.framework.TestCase.runTest(TestCase.java:168)
    junit.framework.TestCase.runBare(TestCase.java:134)
    org.apache.derbyTesting.junit.BaseTestCase.runBare(BaseTestCase.java:113)
    org.apache.derbyTesting.junit.BaseJDBCTestCase.runBareOverridable(BaseJDBCTestCase.java:424)
    org.apache.derbyTesting.junit.BaseJDBCTestCase.runBare(BaseJDBCTestCase.java:441)
    junit.framework.TestResult$1.protect(TestResult.java:110)
    junit.framework.TestResult.runProtected(TestResult.java:128)
    junit.framework.TestResult.run(TestResult.java:113)
    junit.framework.TestCase.run(TestCase.java:124)
    junit.textui.TestRunner.doRun(TestRunner.java:116)
    junit.textui.TestRunner.runSingleMethod(TestRunner.java:189)
    junit.textui.TestRunner.start(TestRunner.java:178)
    edu.washington.cs.dt.util.TestRunnerWrapper.main(TestRunnerWrapper.java:53)

org.apache.derbyTesting.functionTests.tests.derbynet.NetworkServerControlApiTest.test_03_Ping : ERROR : 16ms
    org.apache.derby.impl.drda.NetworkServerControlImpl.consolePropertyMessageWork(Unknown Source)
    org.apache.derby.impl.drda.NetworkServerControlImpl.consolePropertyMessage(Unknown Source)
    org.apache.derby.impl.drda.NetworkServerControlImpl.setUpSocket(Unknown Source)
    org.apache.derby.impl.drda.NetworkServerControlImpl.ping(Unknown Source)
    org.apache.derby.drda.NetworkServerControl.ping(Unknown Source)
    org.apache.derbyTesting.functionTests.tests.derbynet.NetworkServerControlApiTest.test_03_Ping(NetworkServerControlApiTest.java:180)
    sun.reflect.NativeMethodAccessorImpl.invoke0(Native Method)
    sun.reflect.NativeMethodAccessorImpl.invoke(NativeMethodAccessorImpl.java:57)
    sun.reflect.DelegatingMethodAccessorImpl.invoke(DelegatingMethodAccessorImpl.java:43)
    java.lang.reflect.Method.invoke(Method.java:601)
    junit.framework.TestCase.runTest(TestCase.java:168)
    junit.framework.TestCase.runBare(TestCase.java:134)
    org.apache.derbyTesting.junit.BaseTestCase.runBare(BaseTestCase.java:113)
    org.apache.derbyTesting.junit.BaseJDBCTestCase.runBareOverridable(BaseJDBCTestCase.java:424)
    org.apache.derbyTesting.junit.BaseJDBCTestCase.runBare(BaseJDBCTestCase.java:441)
    junit.framework.TestResult$1.protect(TestResult.java:110)
    junit.framework.TestResult.runProtected(TestResult.java:128)
    junit.framework.TestResult.run(TestResult.java:113)
    junit.framework.TestCase.run(TestCase.java:124)
    junit.textui.TestRunner.doRun(TestRunner.java:116)
    junit.textui.TestRunner.runSingleMethod(TestRunner.java:189)
    junit.textui.TestRunner.start(TestRunner.java:178)
    edu.washington.cs.dt.util.TestRunnerWrapper.main(TestRunnerWrapper.java:53)

org.apache.derbyTesting.functionTests.tests.derbynet.NetworkServerControlClientCommandTest.testPingWithoutArgs : FAILURE : 521ms
    junit.framework.Assert.fail(Assert.java:47)
    junit.framework.Assert.failNotEquals(Assert.java:277)
    junit.framework.Assert.assertEquals(Assert.java:64)
    junit.framework.Assert.assertEquals(Assert.java:195)
    org.apache.derbyTesting.junit.BaseTestCase.assertExecJavaCmdAsExpected(BaseTestCase.java:513)
    org.apache.derbyTesting.functionTests.tests.derbynet.NetworkServerControlClientCommandTest.assertSuccessfulPing(NetworkServerControlClientCommandTest.java:135)
    org.apache.derbyTesting.functionTests.tests.derbynet.NetworkServerControlClientCommandTest.testPingWithoutArgs(NetworkServerControlClientCommandTest.java:55)
    sun.reflect.NativeMethodAccessorImpl.invoke0(Native Method)
    sun.reflect.NativeMethodAccessorImpl.invoke(NativeMethodAccessorImpl.java:57)
    sun.reflect.DelegatingMethodAccessorImpl.invoke(DelegatingMethodAccessorImpl.java:43)
    java.lang.reflect.Method.invoke(Method.java:601)
    junit.framework.TestCase.runTest(TestCase.java:168)
    junit.framework.TestCase.runBare(TestCase.java:134)
    org.apache.derbyTesting.junit.BaseTestCase.runBare(BaseTestCase.java:113)
    org.apache.derbyTesting.junit.BaseJDBCTestCase.runBareOverridable(BaseJDBCTestCase.java:424)
    org.apache.derbyTesting.junit.BaseJDBCTestCase.runBare(BaseJDBCTestCase.java:441)
    junit.framework.TestResult$1.protect(TestResult.java:110)
    junit.framework.TestResult.runProtected(TestResult.java:128)
    junit.framework.TestResult.run(TestResult.java:113)
    junit.framework.TestCase.run(TestCase.java:124)
    junit.textui.TestRunner.doRun(TestRunner.java:116)
    junit.textui.TestRunner.runSingleMethod(TestRunner.java:189)
    junit.textui.TestRunner.start(TestRunner.java:178)
    edu.washington.cs.dt.util.TestRunnerWrapper.main(TestRunnerWrapper.java:53)

org.apache.derbyTesting.functionTests.tests.derbynet.NetworkServerControlClientCommandTest.testPingWithDefinedHost : FAILURE : 525ms
    junit.framework.Assert.fail(Assert.java:47)
    junit.framework.Assert.failNotEquals(Assert.java:277)
    junit.framework.Assert.assertEquals(Assert.java:64)
    junit.framework.Assert.assertEquals(Assert.java:195)
    org.apache.derbyTesting.junit.BaseTestCase.assertExecJavaCmdAsExpected(BaseTestCase.java:513)
    org.apache.derbyTesting.functionTests.tests.derbynet.NetworkServerControlClientCommandTest.assertSuccessfulPing(NetworkServerControlClientCommandTest.java:135)
    org.apache.derbyTesting.functionTests.tests.derbynet.NetworkServerControlClientCommandTest.testPingWithDefinedHost(NetworkServerControlClientCommandTest.java:91)
    sun.reflect.NativeMethodAccessorImpl.invoke0(Native Method)
    sun.reflect.NativeMethodAccessorImpl.invoke(NativeMethodAccessorImpl.java:57)
    sun.reflect.DelegatingMethodAccessorImpl.invoke(DelegatingMethodAccessorImpl.java:43)
    java.lang.reflect.Method.invoke(Method.java:601)
    junit.framework.TestCase.runTest(TestCase.java:168)
    junit.framework.TestCase.runBare(TestCase.java:134)
    org.apache.derbyTesting.junit.BaseTestCase.runBare(BaseTestCase.java:113)
    org.apache.derbyTesting.junit.BaseJDBCTestCase.runBareOverridable(BaseJDBCTestCase.java:424)
    org.apache.derbyTesting.junit.BaseJDBCTestCase.runBare(BaseJDBCTestCase.java:441)
    junit.framework.TestResult$1.protect(TestResult.java:110)
    junit.framework.TestResult.runProtected(TestResult.java:128)
    junit.framework.TestResult.run(TestResult.java:113)
    junit.framework.TestCase.run(TestCase.java:124)
    junit.textui.TestRunner.doRun(TestRunner.java:116)
    junit.textui.TestRunner.runSingleMethod(TestRunner.java:189)
    junit.textui.TestRunner.start(TestRunner.java:178)
    edu.washington.cs.dt.util.TestRunnerWrapper.main(TestRunnerWrapper.java:53)

org.apache.derbyTesting.functionTests.tests.derbynet.NetworkServerControlClientCommandTest.testPingWithDefinedHostAndPort : FAILURE : 518ms
    junit.framework.Assert.fail(Assert.java:47)
    junit.framework.Assert.failNotEquals(Assert.java:277)
    junit.framework.Assert.assertEquals(Assert.java:64)
    junit.framework.Assert.assertEquals(Assert.java:195)
    org.apache.derbyTesting.junit.BaseTestCase.assertExecJavaCmdAsExpected(BaseTestCase.java:513)
    org.apache.derbyTesting.functionTests.tests.derbynet.NetworkServerControlClientCommandTest.assertSuccessfulPing(NetworkServerControlClientCommandTest.java:135)
    org.apache.derbyTesting.functionTests.tests.derbynet.NetworkServerControlClientCommandTest.testPingWithDefinedHostAndPort(NetworkServerControlClientCommandTest.java:103)
    sun.reflect.NativeMethodAccessorImpl.invoke0(Native Method)
    sun.reflect.NativeMethodAccessorImpl.invoke(NativeMethodAccessorImpl.java:57)
    sun.reflect.DelegatingMethodAccessorImpl.invoke(DelegatingMethodAccessorImpl.java:43)
    java.lang.reflect.Method.invoke(Method.java:601)
    junit.framework.TestCase.runTest(TestCase.java:168)
    junit.framework.TestCase.runBare(TestCase.java:134)
    org.apache.derbyTesting.junit.BaseTestCase.runBare(BaseTestCase.java:113)
    org.apache.derbyTesting.junit.BaseJDBCTestCase.runBareOverridable(BaseJDBCTestCase.java:424)
    org.apache.derbyTesting.junit.BaseJDBCTestCase.runBare(BaseJDBCTestCase.java:441)
    junit.framework.TestResult$1.protect(TestResult.java:110)
    junit.framework.TestResult.runProtected(TestResult.java:128)
    junit.framework.TestResult.run(TestResult.java:113)
    junit.framework.TestCase.run(TestCase.java:124)
    junit.textui.TestRunner.doRun(TestRunner.java:116)
    junit.textui.TestRunner.runSingleMethod(TestRunner.java:189)
    junit.textui.TestRunner.start(TestRunner.java:178)
    edu.washington.cs.dt.util.TestRunnerWrapper.main(TestRunnerWrapper.java:53)

org.apache.derbyTesting.functionTests.tests.derbynet.NetworkServerControlClientCommandTest.testPingWithWrongHost : PASS : 503ms
org.apache.derbyTesting.functionTests.tests.derbynet.NetworkServerControlClientCommandTest.testPingWithBogusPort : PASS : 503ms
org.apache.derbyTesting.functionTests.tests.derbynet.OutBufferedStreamTest.testOutBufferStream : PASS : 18ms
org.apache.derbyTesting.functionTests.tests.derbynet.PrepareStatementTest.testBasicPrepare : PASS : 175ms
org.apache.derbyTesting.functionTests.tests.derbynet.PrepareStatementTest.testBigDecimalSetObject : PASS : 139ms
org.apache.derbyTesting.functionTests.tests.derbynet.PrepareStatementTest.testParameterTypes : PASS : 227ms
org.apache.derbyTesting.functionTests.tests.derbynet.PrepareStatementTest.testBigTable : PASS : 1204ms
org.apache.derbyTesting.functionTests.tests.derbynet.PrepareStatementTest.testManyPreparedStatements : PASS : 138ms
org.apache.derbyTesting.functionTests.tests.derbynet.PrepareStatementTest.testInvalidTimestamp : PASS : 106ms
org.apache.derbyTesting.functionTests.tests.derbynet.PrepareStatementTest.testSplitQRYDTABlock : PASS : 1974ms
org.apache.derbyTesting.functionTests.tests.derbynet.PrepareStatementTest.testExcpetionWithBigParameter : PASS : 10ms
org.apache.derbyTesting.functionTests.tests.derbynet.PrepareStatementTest.testLargeReplies : PASS : 252ms
org.apache.derbyTesting.functionTests.tests.derbynet.PrepareStatementTest.testAlternatingLobValuesAndNull : PASS : 160ms
org.apache.derbyTesting.functionTests.tests.derbynet.PrepareStatementTest.testLargeBatch : PASS : 9292ms
org.apache.derbyTesting.functionTests.tests.derbynet.PrepareStatementTest.testDSSLength : PASS : 228ms
org.apache.derbyTesting.functionTests.tests.derbynet.PrepareStatementTest.testVariationOfSetObject : PASS : 198ms
org.apache.derbyTesting.functionTests.tests.derbynet.PrepareStatementTest.testLargeParameters_a : PASS : 101ms
org.apache.derbyTesting.functionTests.tests.derbynet.PrepareStatementTest.testLargeParameters_b : PASS : 796ms
org.apache.derbyTesting.functionTests.tests.derbynet.PrepareStatementTest.testDerby3230 : PASS : 183ms
org.apache.derbyTesting.functionTests.tests.derbynet.PrepareStatementTest.testReadBlobCloseToMaxDssLength : PASS : 30ms
org.apache.derbyTesting.functionTests.tests.derbynet.PrepareStatementTest.testLongColumn : PASS : 35ms
org.apache.derbyTesting.functionTests.tests.derbynet.PrepareStatementTest.testBigDecimalSetObjectWithScale : PASS : 87ms
org.apache.derbyTesting.functionTests.tests.derbynet.PrepareStatementTest.testVaryingClientParameterTypeBatch : PASS : 75ms
org.apache.derbyTesting.functionTests.tests.derbynet.PrepareStatementTest.testSmallBigDecimal : PASS : 98ms
org.apache.derbyTesting.functionTests.tests.derbynet.ProtocolTest.testProtocolSequence : FAILURE : 6ms
    junit.framework.Assert.fail(Assert.java:47)
    junit.framework.TestSuite$1.runTest(TestSuite.java:97)
    junit.framework.TestCase.runBare(TestCase.java:134)
    junit.framework.TestResult$1.protect(TestResult.java:110)
    junit.framework.TestResult.runProtected(TestResult.java:128)
    junit.framework.TestResult.run(TestResult.java:113)
    junit.framework.TestCase.run(TestCase.java:124)
    junit.textui.TestRunner.doRun(TestRunner.java:116)
    junit.textui.TestRunner.runSingleMethod(TestRunner.java:189)
    junit.textui.TestRunner.start(TestRunner.java:178)
    edu.washington.cs.dt.util.TestRunnerWrapper.main(TestRunnerWrapper.java:53)

org.apache.derbyTesting.functionTests.tests.derbynet.RuntimeInfoTest.testRunTests : FAILURE : 537ms
    junit.framework.Assert.assertEquals(Assert.java:81)
    org.apache.derbyTesting.functionTests.tests.derbynet.RuntimeInfoTest.x_testRuntimeInfoWithActiveConn(RuntimeInfoTest.java:111)
    org.apache.derbyTesting.functionTests.tests.derbynet.RuntimeInfoTest.testRunTests(RuntimeInfoTest.java:94)
    sun.reflect.NativeMethodAccessorImpl.invoke0(Native Method)
    sun.reflect.NativeMethodAccessorImpl.invoke(NativeMethodAccessorImpl.java:57)
    sun.reflect.DelegatingMethodAccessorImpl.invoke(DelegatingMethodAccessorImpl.java:43)
    java.lang.reflect.Method.invoke(Method.java:601)
    junit.framework.TestCase.runTest(TestCase.java:168)
    junit.framework.TestCase.runBare(TestCase.java:134)
    org.apache.derbyTesting.junit.BaseTestCase.runBare(BaseTestCase.java:113)
    org.apache.derbyTesting.junit.BaseJDBCTestCase.runBareOverridable(BaseJDBCTestCase.java:424)
    org.apache.derbyTesting.junit.BaseJDBCTestCase.runBare(BaseJDBCTestCase.java:441)
    junit.framework.TestResult$1.protect(TestResult.java:110)
    junit.framework.TestResult.runProtected(TestResult.java:128)
    junit.framework.TestResult.run(TestResult.java:113)
    junit.framework.TestCase.run(TestCase.java:124)
    junit.textui.TestRunner.doRun(TestRunner.java:116)
    junit.textui.TestRunner.runSingleMethod(TestRunner.java:189)
    junit.textui.TestRunner.start(TestRunner.java:178)
    edu.washington.cs.dt.util.TestRunnerWrapper.main(TestRunnerWrapper.java:53)

org.apache.derbyTesting.functionTests.tests.derbynet.SSLTest.testSSLBasicDSConnect : FAILURE : 23ms
    junit.framework.Assert.fail(Assert.java:47)
    org.apache.derbyTesting.junit.JDBCDataSource.setBeanProperty(JDBCDataSource.java:212)
    org.apache.derbyTesting.functionTests.tests.derbynet.SSLTest.testSSLBasicDSConnect(SSLTest.java:145)
    sun.reflect.NativeMethodAccessorImpl.invoke0(Native Method)
    sun.reflect.NativeMethodAccessorImpl.invoke(NativeMethodAccessorImpl.java:57)
    sun.reflect.DelegatingMethodAccessorImpl.invoke(DelegatingMethodAccessorImpl.java:43)
    java.lang.reflect.Method.invoke(Method.java:601)
    junit.framework.TestCase.runTest(TestCase.java:168)
    junit.framework.TestCase.runBare(TestCase.java:134)
    org.apache.derbyTesting.junit.BaseTestCase.runBare(BaseTestCase.java:113)
    org.apache.derbyTesting.junit.BaseJDBCTestCase.runBareOverridable(BaseJDBCTestCase.java:424)
    org.apache.derbyTesting.junit.BaseJDBCTestCase.runBare(BaseJDBCTestCase.java:441)
    junit.framework.TestResult$1.protect(TestResult.java:110)
    junit.framework.TestResult.runProtected(TestResult.java:128)
    junit.framework.TestResult.run(TestResult.java:113)
    junit.framework.TestCase.run(TestCase.java:124)
    junit.textui.TestRunner.doRun(TestRunner.java:116)
    junit.textui.TestRunner.runSingleMethod(TestRunner.java:189)
    junit.textui.TestRunner.start(TestRunner.java:178)
    edu.washington.cs.dt.util.TestRunnerWrapper.main(TestRunnerWrapper.java:53)

org.apache.derbyTesting.functionTests.tests.derbynet.SSLTest.testSSLBasicDSPlainConnect : FAILURE : 24ms
    junit.framework.Assert.fail(Assert.java:47)
    junit.framework.Assert.fail(Assert.java:53)
    org.apache.derbyTesting.functionTests.tests.derbynet.SSLTest.testSSLBasicDSPlainConnect(SSLTest.java:163)
    sun.reflect.NativeMethodAccessorImpl.invoke0(Native Method)
    sun.reflect.NativeMethodAccessorImpl.invoke(NativeMethodAccessorImpl.java:57)
    sun.reflect.DelegatingMethodAccessorImpl.invoke(DelegatingMethodAccessorImpl.java:43)
    java.lang.reflect.Method.invoke(Method.java:601)
    junit.framework.TestCase.runTest(TestCase.java:168)
    junit.framework.TestCase.runBare(TestCase.java:134)
    org.apache.derbyTesting.junit.BaseTestCase.runBare(BaseTestCase.java:113)
    org.apache.derbyTesting.junit.BaseJDBCTestCase.runBareOverridable(BaseJDBCTestCase.java:424)
    org.apache.derbyTesting.junit.BaseJDBCTestCase.runBare(BaseJDBCTestCase.java:441)
    junit.framework.TestResult$1.protect(TestResult.java:110)
    junit.framework.TestResult.runProtected(TestResult.java:128)
    junit.framework.TestResult.run(TestResult.java:113)
    junit.framework.TestCase.run(TestCase.java:124)
    junit.textui.TestRunner.doRun(TestRunner.java:116)
    junit.textui.TestRunner.runSingleMethod(TestRunner.java:189)
    junit.textui.TestRunner.start(TestRunner.java:178)
    edu.washington.cs.dt.util.TestRunnerWrapper.main(TestRunnerWrapper.java:53)

org.apache.derbyTesting.functionTests.tests.derbynet.SecureServerTest.testServerStartup : FAILURE : 2ms
    junit.framework.Assert.fail(Assert.java:47)
    junit.framework.TestSuite$1.runTest(TestSuite.java:97)
    junit.framework.TestCase.runBare(TestCase.java:134)
    junit.framework.TestResult$1.protect(TestResult.java:110)
    junit.framework.TestResult.runProtected(TestResult.java:128)
    junit.framework.TestResult.run(TestResult.java:113)
    junit.framework.TestCase.run(TestCase.java:124)
    junit.textui.TestRunner.doRun(TestRunner.java:116)
    junit.textui.TestRunner.runSingleMethod(TestRunner.java:189)
    junit.textui.TestRunner.start(TestRunner.java:178)
    edu.washington.cs.dt.util.TestRunnerWrapper.main(TestRunnerWrapper.java:53)

org.apache.derbyTesting.functionTests.tests.derbynet.ServerPropertiesTest.testToggleTrace : FAILURE : 25ms
    junit.framework.Assert.fail(Assert.java:47)
    org.apache.derbyTesting.functionTests.tests.derbynet.ServerPropertiesTest.getTheProperties(ServerPropertiesTest.java:227)
    org.apache.derbyTesting.functionTests.tests.derbynet.ServerPropertiesTest.verifyProperties(ServerPropertiesTest.java:235)
    org.apache.derbyTesting.functionTests.tests.derbynet.ServerPropertiesTest.testToggleTrace(ServerPropertiesTest.java:550)
    sun.reflect.NativeMethodAccessorImpl.invoke0(Native Method)
    sun.reflect.NativeMethodAccessorImpl.invoke(NativeMethodAccessorImpl.java:57)
    sun.reflect.DelegatingMethodAccessorImpl.invoke(DelegatingMethodAccessorImpl.java:43)
    java.lang.reflect.Method.invoke(Method.java:601)
    junit.framework.TestCase.runTest(TestCase.java:168)
    junit.framework.TestCase.runBare(TestCase.java:134)
    org.apache.derbyTesting.junit.BaseTestCase.runBare(BaseTestCase.java:113)
    org.apache.derbyTesting.junit.BaseJDBCTestCase.runBareOverridable(BaseJDBCTestCase.java:424)
    org.apache.derbyTesting.junit.BaseJDBCTestCase.runBare(BaseJDBCTestCase.java:441)
    junit.framework.TestResult$1.protect(TestResult.java:110)
    junit.framework.TestResult.runProtected(TestResult.java:128)
    junit.framework.TestResult.run(TestResult.java:113)
    junit.framework.TestCase.run(TestCase.java:124)
    junit.textui.TestRunner.doRun(TestRunner.java:116)
    junit.textui.TestRunner.runSingleMethod(TestRunner.java:189)
    junit.textui.TestRunner.start(TestRunner.java:178)
    edu.washington.cs.dt.util.TestRunnerWrapper.main(TestRunnerWrapper.java:53)

org.apache.derbyTesting.functionTests.tests.derbynet.ServerPropertiesTest.testToggleLogConnections : FAILURE : 25ms
    junit.framework.Assert.fail(Assert.java:47)
    org.apache.derbyTesting.functionTests.tests.derbynet.ServerPropertiesTest.getTheProperties(ServerPropertiesTest.java:227)
    org.apache.derbyTesting.functionTests.tests.derbynet.ServerPropertiesTest.verifyProperties(ServerPropertiesTest.java:235)
    org.apache.derbyTesting.functionTests.tests.derbynet.ServerPropertiesTest.testToggleLogConnections(ServerPropertiesTest.java:576)
    sun.reflect.NativeMethodAccessorImpl.invoke0(Native Method)
    sun.reflect.NativeMethodAccessorImpl.invoke(NativeMethodAccessorImpl.java:57)
    sun.reflect.DelegatingMethodAccessorImpl.invoke(DelegatingMethodAccessorImpl.java:43)
    java.lang.reflect.Method.invoke(Method.java:601)
    junit.framework.TestCase.runTest(TestCase.java:168)
    junit.framework.TestCase.runBare(TestCase.java:134)
    org.apache.derbyTesting.junit.BaseTestCase.runBare(BaseTestCase.java:113)
    org.apache.derbyTesting.junit.BaseJDBCTestCase.runBareOverridable(BaseJDBCTestCase.java:424)
    org.apache.derbyTesting.junit.BaseJDBCTestCase.runBare(BaseJDBCTestCase.java:441)
    junit.framework.TestResult$1.protect(TestResult.java:110)
    junit.framework.TestResult.runProtected(TestResult.java:128)
    junit.framework.TestResult.run(TestResult.java:113)
    junit.framework.TestCase.run(TestCase.java:124)
    junit.textui.TestRunner.doRun(TestRunner.java:116)
    junit.textui.TestRunner.runSingleMethod(TestRunner.java:189)
    junit.textui.TestRunner.start(TestRunner.java:178)
    edu.washington.cs.dt.util.TestRunnerWrapper.main(TestRunnerWrapper.java:53)

org.apache.derbyTesting.functionTests.tests.derbynet.ShutDownDBWhenNSShutsDownTest.testDatabasesShutDownWhenNSShutdownAPI : ERROR : 173ms
    org.apache.derby.impl.jdbc.SQLExceptionFactory40.getSQLException(Unknown Source)
    org.apache.derby.impl.jdbc.Util.generateCsSQLException(Unknown Source)
    org.apache.derby.impl.jdbc.TransactionResourceImpl.wrapInSQLException(Unknown Source)
    org.apache.derby.impl.jdbc.TransactionResourceImpl.handleException(Unknown Source)
    org.apache.derby.impl.jdbc.EmbedConnection.handleException(Unknown Source)
    org.apache.derby.impl.jdbc.ConnectionChild.handleException(Unknown Source)
    org.apache.derby.impl.jdbc.EmbedStatement.executeStatement(Unknown Source)
    org.apache.derby.impl.jdbc.EmbedStatement.execute(Unknown Source)
    org.apache.derby.impl.jdbc.EmbedStatement.execute(Unknown Source)
    org.apache.derbyTesting.functionTests.tests.derbynet.ShutDownDBWhenNSShutsDownTest.createDatabase(ShutDownDBWhenNSShutsDownTest.java:225)
    org.apache.derbyTesting.functionTests.tests.derbynet.ShutDownDBWhenNSShutsDownTest.shutdownServerCheckDBShutDown(ShutDownDBWhenNSShutsDownTest.java:185)
    org.apache.derbyTesting.functionTests.tests.derbynet.ShutDownDBWhenNSShutsDownTest.testDatabasesShutDownWhenNSShutdownAPI(ShutDownDBWhenNSShutsDownTest.java:151)
    sun.reflect.NativeMethodAccessorImpl.invoke0(Native Method)
    sun.reflect.NativeMethodAccessorImpl.invoke(NativeMethodAccessorImpl.java:57)
    sun.reflect.DelegatingMethodAccessorImpl.invoke(DelegatingMethodAccessorImpl.java:43)
    java.lang.reflect.Method.invoke(Method.java:601)
    junit.framework.TestCase.runTest(TestCase.java:168)
    junit.framework.TestCase.runBare(TestCase.java:134)
    org.apache.derbyTesting.junit.BaseTestCase.runBare(BaseTestCase.java:113)
    org.apache.derbyTesting.junit.BaseJDBCTestCase.runBareOverridable(BaseJDBCTestCase.java:424)
    org.apache.derbyTesting.junit.BaseJDBCTestCase.runBare(BaseJDBCTestCase.java:441)
    junit.framework.TestResult$1.protect(TestResult.java:110)
    junit.framework.TestResult.runProtected(TestResult.java:128)
    junit.framework.TestResult.run(TestResult.java:113)
    junit.framework.TestCase.run(TestCase.java:124)
    junit.textui.TestRunner.doRun(TestRunner.java:116)
    junit.textui.TestRunner.runSingleMethod(TestRunner.java:189)
    junit.textui.TestRunner.start(TestRunner.java:178)
    edu.washington.cs.dt.util.TestRunnerWrapper.main(TestRunnerWrapper.java:53)

org.apache.derbyTesting.functionTests.tests.derbynet.ShutDownDBWhenNSShutsDownTest.testEngineShutdownDoesNotTakeDownNSManualReload : PASS : 3314ms
org.apache.derbyTesting.functionTests.tests.derbynet.ShutDownDBWhenNSShutsDownTest.testEngineShutdownDoesNotTakeDownNSAutoReload : PASS : 828ms
org.apache.derbyTesting.functionTests.tests.derbynet.SqlExceptionTest.testChainedException : PASS : 359ms
org.apache.derbyTesting.functionTests.tests.derbynet.SqlExceptionTest.testSerializedException : PASS : 432ms
-----------------
Passing tests: 46
Failing tests: 24
Error tests: 29
