org.apache.derbyTesting.functionTests.tests.derbynet.BadConnectionTest.testDatabaseNotFound : FAILURE : 1956ms
    junit.framework.Assert.assertEquals(Assert.java:81)
    org.apache.derbyTesting.junit.BaseJDBCTestCase.assertSQLState(BaseJDBCTestCase.java:853)
    org.apache.derbyTesting.junit.BaseJDBCTestCase.assertSQLState(BaseJDBCTestCase.java:896)
    org.apache.derbyTesting.functionTests.tests.derbynet.BadConnectionTest.testDatabaseNotFound(BadConnectionTest.java:80)
    sun.reflect.NativeMethodAccessorImpl.invoke0(Native Method)
    sun.reflect.NativeMethodAccessorImpl.invoke(NativeMethodAccessorImpl.java:57)
    sun.reflect.DelegatingMethodAccessorImpl.invoke(DelegatingMethodAccessorImpl.java:43)
    java.lang.reflect.Method.invoke(Method.java:601)
    junit.framework.TestCase.runTest(TestCase.java:168)
    junit.framework.TestCase.runBare(TestCase.java:134)
    org.apache.derbyTesting.junit.BaseTestCase.runBare(BaseTestCase.java:113)
    org.apache.derbyTesting.junit.BaseJDBCTestCase.runBareOverridable(BaseJDBCTestCase.java:424)
    org.apache.derbyTesting.junit.BaseJDBCTestCase.runBare(BaseJDBCTestCase.java:441)
    junit.framework.TestResult$1.protect(TestResult.java:110)
    junit.framework.TestResult.runProtected(TestResult.java:128)
    junit.framework.TestResult.run(TestResult.java:113)
    junit.framework.TestCase.run(TestCase.java:124)
    junit.textui.TestRunner.doRun(TestRunner.java:116)
    junit.textui.TestRunner.runSingleMethod(TestRunner.java:189)
    junit.textui.TestRunner.start(TestRunner.java:178)
    edu.washington.cs.dt.util.TestRunnerWrapper.main(TestRunnerWrapper.java:53)

org.apache.derbyTesting.functionTests.tests.derbynet.ByteArrayCombinerStreamTest.testCominbe100SmallArrays : PASS : 161ms
org.apache.derbyTesting.functionTests.tests.derbynet.ByteArrayCombinerStreamTest.testTruncateDataFromOneArray : PASS : 159ms
org.apache.derbyTesting.functionTests.tests.derbynet.ByteArrayCombinerStreamTest.testTruncateDataFromTwoArrays : PASS : 160ms
org.apache.derbyTesting.functionTests.tests.derbynet.ByteArrayCombinerStreamTest.testTooLittleDataNoCombine : PASS : 145ms
org.apache.derbyTesting.functionTests.tests.derbynet.ByteArrayCombinerStreamTest.testTooLittleDataWithCombine : PASS : 170ms
org.apache.derbyTesting.functionTests.tests.derbynet.ByteArrayCombinerStreamTest.testNegativeLengthArgument : PASS : 147ms
org.apache.derbyTesting.functionTests.tests.derbynet.ByteArrayCombinerStreamTest.testNegativeValueInDataCausesEndOfStream : PASS : 161ms
org.apache.derbyTesting.functionTests.tests.derbynet.ByteArrayCombinerStreamTest.testCombineNullRead : PASS : 160ms
org.apache.derbyTesting.functionTests.tests.derbynet.ByteArrayCombinerStreamTest.testCombineNullReadArray : PASS : 160ms
org.apache.derbyTesting.functionTests.tests.derbynet.ByteArrayCombinerStreamTest.testCombineAvailableNull : PASS : 156ms
org.apache.derbyTesting.functionTests.tests.derbynet.ByteArrayCombinerStreamTest.testCombineWithExtraEmptyByteArray : PASS : 164ms
org.apache.derbyTesting.functionTests.tests.derbynet.ByteArrayCombinerStreamTest.testCombineAvailable4bytes : PASS : 148ms
org.apache.derbyTesting.functionTests.tests.derbynet.ByteArrayCombinerStreamTest.testCombineOneArray : PASS : 170ms
org.apache.derbyTesting.functionTests.tests.derbynet.ClientSideSystemPropertiesTest.testConnection : ERROR : 216ms
    java.io.File.<init>(File.java:251)
    org.apache.derbyTesting.functionTests.tests.derbynet.ClientSideSystemPropertiesTest$2.run(ClientSideSystemPropertiesTest.java:69)
    java.security.AccessController.doPrivileged(Native Method)
    org.apache.derbyTesting.functionTests.tests.derbynet.ClientSideSystemPropertiesTest.setUp(ClientSideSystemPropertiesTest.java:66)
    junit.framework.TestCase.runBare(TestCase.java:132)
    org.apache.derbyTesting.junit.BaseTestCase.runBare(BaseTestCase.java:113)
    org.apache.derbyTesting.junit.BaseJDBCTestCase.runBareOverridable(BaseJDBCTestCase.java:424)
    org.apache.derbyTesting.junit.BaseJDBCTestCase.runBare(BaseJDBCTestCase.java:441)
    junit.framework.TestResult$1.protect(TestResult.java:110)
    junit.framework.TestResult.runProtected(TestResult.java:128)
    junit.framework.TestResult.run(TestResult.java:113)
    junit.framework.TestCase.run(TestCase.java:124)
    junit.textui.TestRunner.doRun(TestRunner.java:116)
    junit.textui.TestRunner.runSingleMethod(TestRunner.java:189)
    junit.textui.TestRunner.start(TestRunner.java:178)
    edu.washington.cs.dt.util.TestRunnerWrapper.main(TestRunnerWrapper.java:53)

org.apache.derbyTesting.functionTests.tests.derbynet.DRDAProtocolTest.testNonEBCDICCharacters : ERROR : 233ms
    org.apache.derbyTesting.junit.TestConfiguration.getAndVetPhysicalDatabaseName(TestConfiguration.java:1665)
    org.apache.derbyTesting.junit.TestConfiguration.openConnection(TestConfiguration.java:1655)
    org.apache.derbyTesting.junit.BaseJDBCTestCase.openConnection(BaseJDBCTestCase.java:586)
    org.apache.derbyTesting.functionTests.tests.derbynet.DRDAProtocolTest.testNonEBCDICCharacters(DRDAProtocolTest.java:65)
    sun.reflect.NativeMethodAccessorImpl.invoke0(Native Method)
    sun.reflect.NativeMethodAccessorImpl.invoke(NativeMethodAccessorImpl.java:57)
    sun.reflect.DelegatingMethodAccessorImpl.invoke(DelegatingMethodAccessorImpl.java:43)
    java.lang.reflect.Method.invoke(Method.java:601)
    junit.framework.TestCase.runTest(TestCase.java:168)
    junit.framework.TestCase.runBare(TestCase.java:134)
    org.apache.derbyTesting.junit.BaseTestCase.runBare(BaseTestCase.java:113)
    org.apache.derbyTesting.junit.BaseJDBCTestCase.runBareOverridable(BaseJDBCTestCase.java:424)
    org.apache.derbyTesting.junit.BaseJDBCTestCase.runBare(BaseJDBCTestCase.java:441)
    junit.framework.TestResult$1.protect(TestResult.java:110)
    junit.framework.TestResult.runProtected(TestResult.java:128)
    junit.framework.TestResult.run(TestResult.java:113)
    junit.framework.TestCase.run(TestCase.java:124)
    junit.textui.TestRunner.doRun(TestRunner.java:116)
    junit.textui.TestRunner.runSingleMethod(TestRunner.java:189)
    junit.textui.TestRunner.start(TestRunner.java:178)
    edu.washington.cs.dt.util.TestRunnerWrapper.main(TestRunnerWrapper.java:53)

org.apache.derbyTesting.functionTests.tests.derbynet.DRDAProtocolTest.testMultipleConnections : ERROR : 216ms
    org.apache.derbyTesting.junit.TestConfiguration.getAndVetPhysicalDatabaseName(TestConfiguration.java:1665)
    org.apache.derbyTesting.junit.TestConfiguration.openConnection(TestConfiguration.java:1655)
    org.apache.derbyTesting.junit.BaseJDBCTestCase.openConnection(BaseJDBCTestCase.java:586)
    org.apache.derbyTesting.functionTests.tests.derbynet.DRDAProtocolTest.testMultipleConnections(DRDAProtocolTest.java:76)
    sun.reflect.NativeMethodAccessorImpl.invoke0(Native Method)
    sun.reflect.NativeMethodAccessorImpl.invoke(NativeMethodAccessorImpl.java:57)
    sun.reflect.DelegatingMethodAccessorImpl.invoke(DelegatingMethodAccessorImpl.java:43)
    java.lang.reflect.Method.invoke(Method.java:601)
    junit.framework.TestCase.runTest(TestCase.java:168)
    junit.framework.TestCase.runBare(TestCase.java:134)
    org.apache.derbyTesting.junit.BaseTestCase.runBare(BaseTestCase.java:113)
    org.apache.derbyTesting.junit.BaseJDBCTestCase.runBareOverridable(BaseJDBCTestCase.java:424)
    org.apache.derbyTesting.junit.BaseJDBCTestCase.runBare(BaseJDBCTestCase.java:441)
    junit.framework.TestResult$1.protect(TestResult.java:110)
    junit.framework.TestResult.runProtected(TestResult.java:128)
    junit.framework.TestResult.run(TestResult.java:113)
    junit.framework.TestCase.run(TestCase.java:124)
    junit.textui.TestRunner.doRun(TestRunner.java:116)
    junit.textui.TestRunner.runSingleMethod(TestRunner.java:189)
    junit.textui.TestRunner.start(TestRunner.java:178)
    edu.washington.cs.dt.util.TestRunnerWrapper.main(TestRunnerWrapper.java:53)

org.apache.derbyTesting.functionTests.tests.derbynet.DerbyNetNewServerTest.testStartWithPrintWriter : PASS : 604ms
org.apache.derbyTesting.functionTests.tests.derbynet.DerbyNetNewServerTest.testStartWithoutPrintWriter : PASS : 581ms
org.apache.derbyTesting.functionTests.tests.derbynet.GetCurrentPropertiesTest.test_01_propertiesBeforeConnection : ERROR : 254ms
    org.apache.derby.impl.drda.NetworkServerControlImpl.consolePropertyMessageWork(Unknown Source)
    org.apache.derby.impl.drda.NetworkServerControlImpl.consolePropertyMessage(Unknown Source)
    org.apache.derby.impl.drda.NetworkServerControlImpl.setUpSocket(Unknown Source)
    org.apache.derby.impl.drda.NetworkServerControlImpl.getCurrentProperties(Unknown Source)
    org.apache.derby.drda.NetworkServerControl.getCurrentProperties(Unknown Source)
    org.apache.derbyTesting.functionTests.tests.derbynet.GetCurrentPropertiesTest.test_01_propertiesBeforeConnection(GetCurrentPropertiesTest.java:127)
    sun.reflect.NativeMethodAccessorImpl.invoke0(Native Method)
    sun.reflect.NativeMethodAccessorImpl.invoke(NativeMethodAccessorImpl.java:57)
    sun.reflect.DelegatingMethodAccessorImpl.invoke(DelegatingMethodAccessorImpl.java:43)
    java.lang.reflect.Method.invoke(Method.java:601)
    junit.framework.TestCase.runTest(TestCase.java:168)
    junit.framework.TestCase.runBare(TestCase.java:134)
    org.apache.derbyTesting.junit.BaseTestCase.runBare(BaseTestCase.java:113)
    org.apache.derbyTesting.junit.BaseJDBCTestCase.runBareOverridable(BaseJDBCTestCase.java:424)
    org.apache.derbyTesting.junit.BaseJDBCTestCase.runBare(BaseJDBCTestCase.java:441)
    junit.framework.TestResult$1.protect(TestResult.java:110)
    junit.framework.TestResult.runProtected(TestResult.java:128)
    junit.framework.TestResult.run(TestResult.java:113)
    junit.framework.TestCase.run(TestCase.java:124)
    junit.textui.TestRunner.doRun(TestRunner.java:116)
    junit.textui.TestRunner.runSingleMethod(TestRunner.java:189)
    junit.textui.TestRunner.start(TestRunner.java:178)
    edu.washington.cs.dt.util.TestRunnerWrapper.main(TestRunnerWrapper.java:53)

org.apache.derbyTesting.functionTests.tests.derbynet.GetCurrentPropertiesTest.test_03_propertiesTraceOn : ERROR : 272ms
    org.apache.derby.impl.drda.NetworkServerControlImpl.consolePropertyMessageWork(Unknown Source)
    org.apache.derby.impl.drda.NetworkServerControlImpl.consolePropertyMessage(Unknown Source)
    org.apache.derby.impl.drda.NetworkServerControlImpl.setUpSocket(Unknown Source)
    org.apache.derby.impl.drda.NetworkServerControlImpl.trace(Unknown Source)
    org.apache.derby.impl.drda.NetworkServerControlImpl.trace(Unknown Source)
    org.apache.derby.drda.NetworkServerControl.trace(Unknown Source)
    org.apache.derbyTesting.functionTests.tests.derbynet.GetCurrentPropertiesTest.test_03_propertiesTraceOn(GetCurrentPropertiesTest.java:187)
    sun.reflect.NativeMethodAccessorImpl.invoke0(Native Method)
    sun.reflect.NativeMethodAccessorImpl.invoke(NativeMethodAccessorImpl.java:57)
    sun.reflect.DelegatingMethodAccessorImpl.invoke(DelegatingMethodAccessorImpl.java:43)
    java.lang.reflect.Method.invoke(Method.java:601)
    junit.framework.TestCase.runTest(TestCase.java:168)
    junit.framework.TestCase.runBare(TestCase.java:134)
    org.apache.derbyTesting.junit.BaseTestCase.runBare(BaseTestCase.java:113)
    org.apache.derbyTesting.junit.BaseJDBCTestCase.runBareOverridable(BaseJDBCTestCase.java:424)
    org.apache.derbyTesting.junit.BaseJDBCTestCase.runBare(BaseJDBCTestCase.java:441)
    junit.framework.TestResult$1.protect(TestResult.java:110)
    junit.framework.TestResult.runProtected(TestResult.java:128)
    junit.framework.TestResult.run(TestResult.java:113)
    junit.framework.TestCase.run(TestCase.java:124)
    junit.textui.TestRunner.doRun(TestRunner.java:116)
    junit.textui.TestRunner.runSingleMethod(TestRunner.java:189)
    junit.textui.TestRunner.start(TestRunner.java:178)
    edu.washington.cs.dt.util.TestRunnerWrapper.main(TestRunnerWrapper.java:53)

org.apache.derbyTesting.functionTests.tests.derbynet.GetCurrentPropertiesTest.test_02_propertiesAfterConnection : ERROR : 1057ms
    org.apache.derby.impl.drda.NetworkServerControlImpl.consolePropertyMessageWork(Unknown Source)
    org.apache.derby.impl.drda.NetworkServerControlImpl.consolePropertyMessage(Unknown Source)
    org.apache.derby.impl.drda.NetworkServerControlImpl.setUpSocket(Unknown Source)
    org.apache.derby.impl.drda.NetworkServerControlImpl.trace(Unknown Source)
    org.apache.derby.drda.NetworkServerControl.trace(Unknown Source)
    org.apache.derbyTesting.functionTests.tests.derbynet.GetCurrentPropertiesTest.test_02_propertiesAfterConnection(GetCurrentPropertiesTest.java:164)
    sun.reflect.NativeMethodAccessorImpl.invoke0(Native Method)
    sun.reflect.NativeMethodAccessorImpl.invoke(NativeMethodAccessorImpl.java:57)
    sun.reflect.DelegatingMethodAccessorImpl.invoke(DelegatingMethodAccessorImpl.java:43)
    java.lang.reflect.Method.invoke(Method.java:601)
    junit.framework.TestCase.runTest(TestCase.java:168)
    junit.framework.TestCase.runBare(TestCase.java:134)
    org.apache.derbyTesting.junit.BaseTestCase.runBare(BaseTestCase.java:113)
    org.apache.derbyTesting.junit.BaseJDBCTestCase.runBareOverridable(BaseJDBCTestCase.java:424)
    org.apache.derbyTesting.junit.BaseJDBCTestCase.runBare(BaseJDBCTestCase.java:441)
    junit.framework.TestResult$1.protect(TestResult.java:110)
    junit.framework.TestResult.runProtected(TestResult.java:128)
    junit.framework.TestResult.run(TestResult.java:113)
    junit.framework.TestCase.run(TestCase.java:124)
    junit.textui.TestRunner.doRun(TestRunner.java:116)
    junit.textui.TestRunner.runSingleMethod(TestRunner.java:189)
    junit.textui.TestRunner.start(TestRunner.java:178)
    edu.washington.cs.dt.util.TestRunnerWrapper.main(TestRunnerWrapper.java:53)

org.apache.derbyTesting.functionTests.tests.derbynet.LOBLocatorReleaseTest.testBlobClobStateForwardOnlyWithNoNulls : ERROR : 1136ms
    org.apache.derby.impl.jdbc.SQLExceptionFactory40.getSQLException(Unknown Source)
    org.apache.derby.impl.jdbc.Util.generateCsSQLException(Unknown Source)
    org.apache.derby.impl.jdbc.TransactionResourceImpl.wrapInSQLException(Unknown Source)
    org.apache.derby.impl.jdbc.TransactionResourceImpl.handleException(Unknown Source)
    org.apache.derby.impl.jdbc.EmbedConnection.handleException(Unknown Source)
    org.apache.derby.impl.jdbc.ConnectionChild.handleException(Unknown Source)
    org.apache.derby.impl.jdbc.EmbedStatement.execute(Unknown Source)
    org.apache.derby.impl.jdbc.EmbedStatement.executeQuery(Unknown Source)
    org.apache.derbyTesting.functionTests.tests.derbynet.LOBLocatorReleaseTest.testBlobClobStateForwardOnlyWithNoNulls(LOBLocatorReleaseTest.java:177)
    sun.reflect.NativeMethodAccessorImpl.invoke0(Native Method)
    sun.reflect.NativeMethodAccessorImpl.invoke(NativeMethodAccessorImpl.java:57)
    sun.reflect.DelegatingMethodAccessorImpl.invoke(DelegatingMethodAccessorImpl.java:43)
    java.lang.reflect.Method.invoke(Method.java:601)
    junit.framework.TestCase.runTest(TestCase.java:168)
    junit.framework.TestCase.runBare(TestCase.java:134)
    org.apache.derbyTesting.junit.BaseTestCase.runBare(BaseTestCase.java:113)
    org.apache.derbyTesting.junit.BaseJDBCTestCase.runBareOverridable(BaseJDBCTestCase.java:424)
    org.apache.derbyTesting.junit.BaseJDBCTestCase.runBare(BaseJDBCTestCase.java:441)
    junit.framework.TestResult$1.protect(TestResult.java:110)
    junit.framework.TestResult.runProtected(TestResult.java:128)
    junit.framework.TestResult.run(TestResult.java:113)
    junit.framework.TestCase.run(TestCase.java:124)
    junit.textui.TestRunner.doRun(TestRunner.java:116)
    junit.textui.TestRunner.runSingleMethod(TestRunner.java:189)
    junit.textui.TestRunner.start(TestRunner.java:178)
    edu.washington.cs.dt.util.TestRunnerWrapper.main(TestRunnerWrapper.java:53)

org.apache.derbyTesting.functionTests.tests.derbynet.LOBLocatorReleaseTest.testBlobClobStateAfterCloseOnScrollable : ERROR : 1077ms
    org.apache.derby.impl.jdbc.SQLExceptionFactory40.getSQLException(Unknown Source)
    org.apache.derby.impl.jdbc.Util.generateCsSQLException(Unknown Source)
    org.apache.derby.impl.jdbc.TransactionResourceImpl.wrapInSQLException(Unknown Source)
    org.apache.derby.impl.jdbc.TransactionResourceImpl.handleException(Unknown Source)
    org.apache.derby.impl.jdbc.EmbedConnection.handleException(Unknown Source)
    org.apache.derby.impl.jdbc.ConnectionChild.handleException(Unknown Source)
    org.apache.derby.impl.jdbc.EmbedStatement.execute(Unknown Source)
    org.apache.derby.impl.jdbc.EmbedStatement.executeQuery(Unknown Source)
    org.apache.derbyTesting.functionTests.tests.derbynet.LOBLocatorReleaseTest.testBlobClobStateAfterCloseOnScrollable(LOBLocatorReleaseTest.java:210)
    sun.reflect.NativeMethodAccessorImpl.invoke0(Native Method)
    sun.reflect.NativeMethodAccessorImpl.invoke(NativeMethodAccessorImpl.java:57)
    sun.reflect.DelegatingMethodAccessorImpl.invoke(DelegatingMethodAccessorImpl.java:43)
    java.lang.reflect.Method.invoke(Method.java:601)
    junit.framework.TestCase.runTest(TestCase.java:168)
    junit.framework.TestCase.runBare(TestCase.java:134)
    org.apache.derbyTesting.junit.BaseTestCase.runBare(BaseTestCase.java:113)
    org.apache.derbyTesting.junit.BaseJDBCTestCase.runBareOverridable(BaseJDBCTestCase.java:424)
    org.apache.derbyTesting.junit.BaseJDBCTestCase.runBare(BaseJDBCTestCase.java:441)
    junit.framework.TestResult$1.protect(TestResult.java:110)
    junit.framework.TestResult.runProtected(TestResult.java:128)
    junit.framework.TestResult.run(TestResult.java:113)
    junit.framework.TestCase.run(TestCase.java:124)
    junit.textui.TestRunner.doRun(TestRunner.java:116)
    junit.textui.TestRunner.runSingleMethod(TestRunner.java:189)
    junit.textui.TestRunner.start(TestRunner.java:178)
    edu.washington.cs.dt.util.TestRunnerWrapper.main(TestRunnerWrapper.java:53)

org.apache.derbyTesting.functionTests.tests.derbynet.LOBLocatorReleaseTest.testScrollableWithNoNulls : ERROR : 1116ms
    org.apache.derby.impl.jdbc.SQLExceptionFactory40.getSQLException(Unknown Source)
    org.apache.derby.impl.jdbc.Util.generateCsSQLException(Unknown Source)
    org.apache.derby.impl.jdbc.TransactionResourceImpl.wrapInSQLException(Unknown Source)
    org.apache.derby.impl.jdbc.TransactionResourceImpl.handleException(Unknown Source)
    org.apache.derby.impl.jdbc.EmbedConnection.handleException(Unknown Source)
    org.apache.derby.impl.jdbc.ConnectionChild.handleException(Unknown Source)
    org.apache.derby.impl.jdbc.EmbedStatement.execute(Unknown Source)
    org.apache.derby.impl.jdbc.EmbedStatement.executeQuery(Unknown Source)
    org.apache.derbyTesting.functionTests.tests.derbynet.LOBLocatorReleaseTest.scrollableTest(LOBLocatorReleaseTest.java:264)
    org.apache.derbyTesting.functionTests.tests.derbynet.LOBLocatorReleaseTest.testScrollableWithNoNulls(LOBLocatorReleaseTest.java:238)
    sun.reflect.NativeMethodAccessorImpl.invoke0(Native Method)
    sun.reflect.NativeMethodAccessorImpl.invoke(NativeMethodAccessorImpl.java:57)
    sun.reflect.DelegatingMethodAccessorImpl.invoke(DelegatingMethodAccessorImpl.java:43)
    java.lang.reflect.Method.invoke(Method.java:601)
    junit.framework.TestCase.runTest(TestCase.java:168)
    junit.framework.TestCase.runBare(TestCase.java:134)
    org.apache.derbyTesting.junit.BaseTestCase.runBare(BaseTestCase.java:113)
    org.apache.derbyTesting.junit.BaseJDBCTestCase.runBareOverridable(BaseJDBCTestCase.java:424)
    org.apache.derbyTesting.junit.BaseJDBCTestCase.runBare(BaseJDBCTestCase.java:441)
    junit.framework.TestResult$1.protect(TestResult.java:110)
    junit.framework.TestResult.runProtected(TestResult.java:128)
    junit.framework.TestResult.run(TestResult.java:113)
    junit.framework.TestCase.run(TestCase.java:124)
    junit.textui.TestRunner.doRun(TestRunner.java:116)
    junit.textui.TestRunner.runSingleMethod(TestRunner.java:189)
    junit.textui.TestRunner.start(TestRunner.java:178)
    edu.washington.cs.dt.util.TestRunnerWrapper.main(TestRunnerWrapper.java:53)

org.apache.derbyTesting.functionTests.tests.derbynet.LOBLocatorReleaseTest.testScrollableWithNulls : ERROR : 1099ms
    org.apache.derby.impl.jdbc.SQLExceptionFactory40.getSQLException(Unknown Source)
    org.apache.derby.impl.jdbc.Util.generateCsSQLException(Unknown Source)
    org.apache.derby.impl.jdbc.TransactionResourceImpl.wrapInSQLException(Unknown Source)
    org.apache.derby.impl.jdbc.TransactionResourceImpl.handleException(Unknown Source)
    org.apache.derby.impl.jdbc.EmbedConnection.handleException(Unknown Source)
    org.apache.derby.impl.jdbc.ConnectionChild.handleException(Unknown Source)
    org.apache.derby.impl.jdbc.EmbedStatement.execute(Unknown Source)
    org.apache.derby.impl.jdbc.EmbedStatement.executeQuery(Unknown Source)
    org.apache.derbyTesting.functionTests.tests.derbynet.LOBLocatorReleaseTest.scrollableTest(LOBLocatorReleaseTest.java:264)
    org.apache.derbyTesting.functionTests.tests.derbynet.LOBLocatorReleaseTest.testScrollableWithNulls(LOBLocatorReleaseTest.java:248)
    sun.reflect.NativeMethodAccessorImpl.invoke0(Native Method)
    sun.reflect.NativeMethodAccessorImpl.invoke(NativeMethodAccessorImpl.java:57)
    sun.reflect.DelegatingMethodAccessorImpl.invoke(DelegatingMethodAccessorImpl.java:43)
    java.lang.reflect.Method.invoke(Method.java:601)
    junit.framework.TestCase.runTest(TestCase.java:168)
    junit.framework.TestCase.runBare(TestCase.java:134)
    org.apache.derbyTesting.junit.BaseTestCase.runBare(BaseTestCase.java:113)
    org.apache.derbyTesting.junit.BaseJDBCTestCase.runBareOverridable(BaseJDBCTestCase.java:424)
    org.apache.derbyTesting.junit.BaseJDBCTestCase.runBare(BaseJDBCTestCase.java:441)
    junit.framework.TestResult$1.protect(TestResult.java:110)
    junit.framework.TestResult.runProtected(TestResult.java:128)
    junit.framework.TestResult.run(TestResult.java:113)
    junit.framework.TestCase.run(TestCase.java:124)
    junit.textui.TestRunner.doRun(TestRunner.java:116)
    junit.textui.TestRunner.runSingleMethod(TestRunner.java:189)
    junit.textui.TestRunner.start(TestRunner.java:178)
    edu.washington.cs.dt.util.TestRunnerWrapper.main(TestRunnerWrapper.java:53)

org.apache.derbyTesting.functionTests.tests.derbynet.LOBLocatorReleaseTest.testScrollableMoveToCurrentRow : ERROR : 1132ms
    org.apache.derby.impl.jdbc.SQLExceptionFactory40.getSQLException(Unknown Source)
    org.apache.derby.impl.jdbc.Util.generateCsSQLException(Unknown Source)
    org.apache.derby.impl.jdbc.TransactionResourceImpl.wrapInSQLException(Unknown Source)
    org.apache.derby.impl.jdbc.TransactionResourceImpl.handleException(Unknown Source)
    org.apache.derby.impl.jdbc.EmbedConnection.handleException(Unknown Source)
    org.apache.derby.impl.jdbc.ConnectionChild.handleException(Unknown Source)
    org.apache.derby.impl.jdbc.EmbedStatement.execute(Unknown Source)
    org.apache.derby.impl.jdbc.EmbedStatement.executeQuery(Unknown Source)
    org.apache.derbyTesting.functionTests.tests.derbynet.LOBLocatorReleaseTest.testScrollableMoveToCurrentRow(LOBLocatorReleaseTest.java:294)
    sun.reflect.NativeMethodAccessorImpl.invoke0(Native Method)
    sun.reflect.NativeMethodAccessorImpl.invoke(NativeMethodAccessorImpl.java:57)
    sun.reflect.DelegatingMethodAccessorImpl.invoke(DelegatingMethodAccessorImpl.java:43)
    java.lang.reflect.Method.invoke(Method.java:601)
    junit.framework.TestCase.runTest(TestCase.java:168)
    junit.framework.TestCase.runBare(TestCase.java:134)
    org.apache.derbyTesting.junit.BaseTestCase.runBare(BaseTestCase.java:113)
    org.apache.derbyTesting.junit.BaseJDBCTestCase.runBareOverridable(BaseJDBCTestCase.java:424)
    org.apache.derbyTesting.junit.BaseJDBCTestCase.runBare(BaseJDBCTestCase.java:441)
    junit.framework.TestResult$1.protect(TestResult.java:110)
    junit.framework.TestResult.runProtected(TestResult.java:128)
    junit.framework.TestResult.run(TestResult.java:113)
    junit.framework.TestCase.run(TestCase.java:124)
    junit.textui.TestRunner.doRun(TestRunner.java:116)
    junit.textui.TestRunner.runSingleMethod(TestRunner.java:189)
    junit.textui.TestRunner.start(TestRunner.java:178)
    edu.washington.cs.dt.util.TestRunnerWrapper.main(TestRunnerWrapper.java:53)

org.apache.derbyTesting.functionTests.tests.derbynet.LOBLocatorReleaseTest.testScrollableAbsoluteRow : ERROR : 1108ms
    org.apache.derby.impl.jdbc.SQLExceptionFactory40.getSQLException(Unknown Source)
    org.apache.derby.impl.jdbc.Util.generateCsSQLException(Unknown Source)
    org.apache.derby.impl.jdbc.TransactionResourceImpl.wrapInSQLException(Unknown Source)
    org.apache.derby.impl.jdbc.TransactionResourceImpl.handleException(Unknown Source)
    org.apache.derby.impl.jdbc.EmbedConnection.handleException(Unknown Source)
    org.apache.derby.impl.jdbc.ConnectionChild.handleException(Unknown Source)
    org.apache.derby.impl.jdbc.EmbedStatement.execute(Unknown Source)
    org.apache.derby.impl.jdbc.EmbedStatement.executeQuery(Unknown Source)
    org.apache.derbyTesting.functionTests.tests.derbynet.LOBLocatorReleaseTest.testScrollableAbsoluteRow(LOBLocatorReleaseTest.java:310)
    sun.reflect.NativeMethodAccessorImpl.invoke0(Native Method)
    sun.reflect.NativeMethodAccessorImpl.invoke(NativeMethodAccessorImpl.java:57)
    sun.reflect.DelegatingMethodAccessorImpl.invoke(DelegatingMethodAccessorImpl.java:43)
    java.lang.reflect.Method.invoke(Method.java:601)
    junit.framework.TestCase.runTest(TestCase.java:168)
    junit.framework.TestCase.runBare(TestCase.java:134)
    org.apache.derbyTesting.junit.BaseTestCase.runBare(BaseTestCase.java:113)
    org.apache.derbyTesting.junit.BaseJDBCTestCase.runBareOverridable(BaseJDBCTestCase.java:424)
    org.apache.derbyTesting.junit.BaseJDBCTestCase.runBare(BaseJDBCTestCase.java:441)
    junit.framework.TestResult$1.protect(TestResult.java:110)
    junit.framework.TestResult.runProtected(TestResult.java:128)
    junit.framework.TestResult.run(TestResult.java:113)
    junit.framework.TestCase.run(TestCase.java:124)
    junit.textui.TestRunner.doRun(TestRunner.java:116)
    junit.textui.TestRunner.runSingleMethod(TestRunner.java:189)
    junit.textui.TestRunner.start(TestRunner.java:178)
    edu.washington.cs.dt.util.TestRunnerWrapper.main(TestRunnerWrapper.java:53)

org.apache.derbyTesting.functionTests.tests.derbynet.LOBLocatorReleaseTest.testScrollableUpdateWithLocators : ERROR : 1723ms
    org.apache.derby.impl.jdbc.SQLExceptionFactory40.getSQLException(Unknown Source)
    org.apache.derby.impl.jdbc.Util.generateCsSQLException(Unknown Source)
    org.apache.derby.impl.jdbc.TransactionResourceImpl.wrapInSQLException(Unknown Source)
    org.apache.derby.impl.jdbc.TransactionResourceImpl.handleException(Unknown Source)
    org.apache.derby.impl.jdbc.EmbedConnection.handleException(Unknown Source)
    org.apache.derby.impl.jdbc.ConnectionChild.handleException(Unknown Source)
    org.apache.derby.impl.jdbc.EmbedStatement.execute(Unknown Source)
    org.apache.derby.impl.jdbc.EmbedStatement.executeQuery(Unknown Source)
    org.apache.derbyTesting.functionTests.tests.derbynet.LOBLocatorReleaseTest.testScrollableUpdateWithLocators(LOBLocatorReleaseTest.java:328)
    sun.reflect.NativeMethodAccessorImpl.invoke0(Native Method)
    sun.reflect.NativeMethodAccessorImpl.invoke(NativeMethodAccessorImpl.java:57)
    sun.reflect.DelegatingMethodAccessorImpl.invoke(DelegatingMethodAccessorImpl.java:43)
    java.lang.reflect.Method.invoke(Method.java:601)
    junit.framework.TestCase.runTest(TestCase.java:168)
    junit.framework.TestCase.runBare(TestCase.java:134)
    org.apache.derbyTesting.junit.BaseTestCase.runBare(BaseTestCase.java:113)
    org.apache.derbyTesting.junit.BaseJDBCTestCase.runBareOverridable(BaseJDBCTestCase.java:424)
    org.apache.derbyTesting.junit.BaseJDBCTestCase.runBare(BaseJDBCTestCase.java:441)
    junit.framework.TestResult$1.protect(TestResult.java:110)
    junit.framework.TestResult.runProtected(TestResult.java:128)
    junit.framework.TestResult.run(TestResult.java:113)
    junit.framework.TestCase.run(TestCase.java:124)
    junit.textui.TestRunner.doRun(TestRunner.java:116)
    junit.textui.TestRunner.runSingleMethod(TestRunner.java:189)
    junit.textui.TestRunner.start(TestRunner.java:178)
    edu.washington.cs.dt.util.TestRunnerWrapper.main(TestRunnerWrapper.java:53)

org.apache.derbyTesting.functionTests.tests.derbynet.LOBLocatorReleaseTest.testNoLOBs : PASS : 1138ms
org.apache.derbyTesting.functionTests.tests.derbynet.LOBLocatorReleaseTest.testForwardOnlyWithNoNulls : ERROR : 1116ms
    org.apache.derby.impl.jdbc.SQLExceptionFactory40.getSQLException(Unknown Source)
    org.apache.derby.impl.jdbc.Util.generateCsSQLException(Unknown Source)
    org.apache.derby.impl.jdbc.TransactionResourceImpl.wrapInSQLException(Unknown Source)
    org.apache.derby.impl.jdbc.TransactionResourceImpl.handleException(Unknown Source)
    org.apache.derby.impl.jdbc.EmbedConnection.handleException(Unknown Source)
    org.apache.derby.impl.jdbc.ConnectionChild.handleException(Unknown Source)
    org.apache.derby.impl.jdbc.EmbedStatement.execute(Unknown Source)
    org.apache.derby.impl.jdbc.EmbedStatement.executeQuery(Unknown Source)
    org.apache.derbyTesting.functionTests.tests.derbynet.LOBLocatorReleaseTest.forwardOnlyTest(LOBLocatorReleaseTest.java:117)
    org.apache.derbyTesting.functionTests.tests.derbynet.LOBLocatorReleaseTest.testForwardOnlyWithNoNulls(LOBLocatorReleaseTest.java:96)
    sun.reflect.NativeMethodAccessorImpl.invoke0(Native Method)
    sun.reflect.NativeMethodAccessorImpl.invoke(NativeMethodAccessorImpl.java:57)
    sun.reflect.DelegatingMethodAccessorImpl.invoke(DelegatingMethodAccessorImpl.java:43)
    java.lang.reflect.Method.invoke(Method.java:601)
    junit.framework.TestCase.runTest(TestCase.java:168)
    junit.framework.TestCase.runBare(TestCase.java:134)
    org.apache.derbyTesting.junit.BaseTestCase.runBare(BaseTestCase.java:113)
    org.apache.derbyTesting.junit.BaseJDBCTestCase.runBareOverridable(BaseJDBCTestCase.java:424)
    org.apache.derbyTesting.junit.BaseJDBCTestCase.runBare(BaseJDBCTestCase.java:441)
    junit.framework.TestResult$1.protect(TestResult.java:110)
    junit.framework.TestResult.runProtected(TestResult.java:128)
    junit.framework.TestResult.run(TestResult.java:113)
    junit.framework.TestCase.run(TestCase.java:124)
    junit.textui.TestRunner.doRun(TestRunner.java:116)
    junit.textui.TestRunner.runSingleMethod(TestRunner.java:189)
    junit.textui.TestRunner.start(TestRunner.java:178)
    edu.washington.cs.dt.util.TestRunnerWrapper.main(TestRunnerWrapper.java:53)

org.apache.derbyTesting.functionTests.tests.derbynet.LOBLocatorReleaseTest.testForwardOnlyWithNulls : ERROR : 1193ms
    org.apache.derby.impl.jdbc.SQLExceptionFactory40.getSQLException(Unknown Source)
    org.apache.derby.impl.jdbc.Util.generateCsSQLException(Unknown Source)
    org.apache.derby.impl.jdbc.TransactionResourceImpl.wrapInSQLException(Unknown Source)
    org.apache.derby.impl.jdbc.TransactionResourceImpl.handleException(Unknown Source)
    org.apache.derby.impl.jdbc.EmbedConnection.handleException(Unknown Source)
    org.apache.derby.impl.jdbc.ConnectionChild.handleException(Unknown Source)
    org.apache.derby.impl.jdbc.EmbedStatement.execute(Unknown Source)
    org.apache.derby.impl.jdbc.EmbedStatement.executeQuery(Unknown Source)
    org.apache.derbyTesting.functionTests.tests.derbynet.LOBLocatorReleaseTest.forwardOnlyTest(LOBLocatorReleaseTest.java:117)
    org.apache.derbyTesting.functionTests.tests.derbynet.LOBLocatorReleaseTest.testForwardOnlyWithNulls(LOBLocatorReleaseTest.java:108)
    sun.reflect.NativeMethodAccessorImpl.invoke0(Native Method)
    sun.reflect.NativeMethodAccessorImpl.invoke(NativeMethodAccessorImpl.java:57)
    sun.reflect.DelegatingMethodAccessorImpl.invoke(DelegatingMethodAccessorImpl.java:43)
    java.lang.reflect.Method.invoke(Method.java:601)
    junit.framework.TestCase.runTest(TestCase.java:168)
    junit.framework.TestCase.runBare(TestCase.java:134)
    org.apache.derbyTesting.junit.BaseTestCase.runBare(BaseTestCase.java:113)
    org.apache.derbyTesting.junit.BaseJDBCTestCase.runBareOverridable(BaseJDBCTestCase.java:424)
    org.apache.derbyTesting.junit.BaseJDBCTestCase.runBare(BaseJDBCTestCase.java:441)
    junit.framework.TestResult$1.protect(TestResult.java:110)
    junit.framework.TestResult.runProtected(TestResult.java:128)
    junit.framework.TestResult.run(TestResult.java:113)
    junit.framework.TestCase.run(TestCase.java:124)
    junit.textui.TestRunner.doRun(TestRunner.java:116)
    junit.textui.TestRunner.runSingleMethod(TestRunner.java:189)
    junit.textui.TestRunner.start(TestRunner.java:178)
    edu.washington.cs.dt.util.TestRunnerWrapper.main(TestRunnerWrapper.java:53)

org.apache.derbyTesting.functionTests.tests.derbynet.NSSecurityMechanismTest.testNetworkServerSecurityMechanism : FAILURE : 1065ms
    junit.framework.Assert.fail(Assert.java:47)
    org.apache.derbyTesting.junit.JDBCDataSource.setBeanProperty(JDBCDataSource.java:212)
    org.apache.derbyTesting.functionTests.tests.derbynet.NSSecurityMechanismTest.getDS(NSSecurityMechanismTest.java:1179)
    org.apache.derbyTesting.functionTests.tests.derbynet.NSSecurityMechanismTest.getDS(NSSecurityMechanismTest.java:1160)
    org.apache.derbyTesting.functionTests.tests.derbynet.NSSecurityMechanismTest.assertSecurityMechanismOK(NSSecurityMechanismTest.java:483)
    org.apache.derbyTesting.functionTests.tests.derbynet.NSSecurityMechanismTest.assertConnectionUsingDataSource(NSSecurityMechanismTest.java:456)
    org.apache.derbyTesting.functionTests.tests.derbynet.NSSecurityMechanismTest.testNetworkServerSecurityMechanism(NSSecurityMechanismTest.java:297)
    sun.reflect.NativeMethodAccessorImpl.invoke0(Native Method)
    sun.reflect.NativeMethodAccessorImpl.invoke(NativeMethodAccessorImpl.java:57)
    sun.reflect.DelegatingMethodAccessorImpl.invoke(DelegatingMethodAccessorImpl.java:43)
    java.lang.reflect.Method.invoke(Method.java:601)
    junit.framework.TestCase.runTest(TestCase.java:168)
    junit.framework.TestCase.runBare(TestCase.java:134)
    org.apache.derbyTesting.junit.BaseTestCase.runBare(BaseTestCase.java:113)
    org.apache.derbyTesting.junit.BaseJDBCTestCase.runBareOverridable(BaseJDBCTestCase.java:424)
    org.apache.derbyTesting.junit.BaseJDBCTestCase.runBare(BaseJDBCTestCase.java:441)
    junit.framework.TestResult$1.protect(TestResult.java:110)
    junit.framework.TestResult.runProtected(TestResult.java:128)
    junit.framework.TestResult.run(TestResult.java:113)
    junit.framework.TestCase.run(TestCase.java:124)
    junit.textui.TestRunner.doRun(TestRunner.java:116)
    junit.textui.TestRunner.runSingleMethod(TestRunner.java:189)
    junit.textui.TestRunner.start(TestRunner.java:178)
    edu.washington.cs.dt.util.TestRunnerWrapper.main(TestRunnerWrapper.java:53)

org.apache.derbyTesting.functionTests.tests.derbynet.NSSecurityMechanismTest.testSecurityMechanismOnEmbedded : PASS : 1051ms
org.apache.derbyTesting.functionTests.tests.derbynet.NSinSameJVMTest.testShutdown : ERROR : 1198ms
    org.apache.derby.impl.drda.NetworkServerControlImpl.consolePropertyMessageWork(Unknown Source)
    org.apache.derby.impl.drda.NetworkServerControlImpl.consolePropertyMessage(Unknown Source)
    org.apache.derby.impl.drda.NetworkServerControlImpl.setUpSocket(Unknown Source)
    org.apache.derby.impl.drda.NetworkServerControlImpl.shutdown(Unknown Source)
    org.apache.derby.drda.NetworkServerControl.shutdown(Unknown Source)
    org.apache.derbyTesting.functionTests.tests.derbynet.NSinSameJVMTest.testShutdown(NSinSameJVMTest.java:58)
    sun.reflect.NativeMethodAccessorImpl.invoke0(Native Method)
    sun.reflect.NativeMethodAccessorImpl.invoke(NativeMethodAccessorImpl.java:57)
    sun.reflect.DelegatingMethodAccessorImpl.invoke(DelegatingMethodAccessorImpl.java:43)
    java.lang.reflect.Method.invoke(Method.java:601)
    junit.framework.TestCase.runTest(TestCase.java:168)
    junit.framework.TestCase.runBare(TestCase.java:134)
    org.apache.derbyTesting.junit.BaseTestCase.runBare(BaseTestCase.java:113)
    org.apache.derbyTesting.junit.BaseJDBCTestCase.runBareOverridable(BaseJDBCTestCase.java:424)
    org.apache.derbyTesting.junit.BaseJDBCTestCase.runBare(BaseJDBCTestCase.java:441)
    junit.framework.TestResult$1.protect(TestResult.java:110)
    junit.framework.TestResult.runProtected(TestResult.java:128)
    junit.framework.TestResult.run(TestResult.java:113)
    junit.framework.TestCase.run(TestCase.java:124)
    junit.textui.TestRunner.doRun(TestRunner.java:116)
    junit.textui.TestRunner.runSingleMethod(TestRunner.java:189)
    junit.textui.TestRunner.start(TestRunner.java:178)
    edu.washington.cs.dt.util.TestRunnerWrapper.main(TestRunnerWrapper.java:53)

org.apache.derbyTesting.functionTests.tests.derbynet.NetworkServerControlApiTest.test_01_WrongUsage : PASS : 2672ms
org.apache.derbyTesting.functionTests.tests.derbynet.NetworkServerControlApiTest.test_02_TraceCommands : ERROR : 266ms
    org.apache.derby.impl.drda.NetworkServerControlImpl.consolePropertyMessageWork(Unknown Source)
    org.apache.derby.impl.drda.NetworkServerControlImpl.consolePropertyMessage(Unknown Source)
    org.apache.derby.impl.drda.NetworkServerControlImpl.setUpSocket(Unknown Source)
    org.apache.derby.impl.drda.NetworkServerControlImpl.sendSetTraceDirectory(Unknown Source)
    org.apache.derby.drda.NetworkServerControl.setTraceDirectory(Unknown Source)
    org.apache.derbyTesting.functionTests.tests.derbynet.NetworkServerControlApiTest.test_02_TraceCommands(NetworkServerControlApiTest.java:112)
    sun.reflect.NativeMethodAccessorImpl.invoke0(Native Method)
    sun.reflect.NativeMethodAccessorImpl.invoke(NativeMethodAccessorImpl.java:57)
    sun.reflect.DelegatingMethodAccessorImpl.invoke(DelegatingMethodAccessorImpl.java:43)
    java.lang.reflect.Method.invoke(Method.java:601)
    junit.framework.TestCase.runTest(TestCase.java:168)
    junit.framework.TestCase.runBare(TestCase.java:134)
    org.apache.derbyTesting.junit.BaseTestCase.runBare(BaseTestCase.java:113)
    org.apache.derbyTesting.junit.BaseJDBCTestCase.runBareOverridable(BaseJDBCTestCase.java:424)
    org.apache.derbyTesting.junit.BaseJDBCTestCase.runBare(BaseJDBCTestCase.java:441)
    junit.framework.TestResult$1.protect(TestResult.java:110)
    junit.framework.TestResult.runProtected(TestResult.java:128)
    junit.framework.TestResult.run(TestResult.java:113)
    junit.framework.TestCase.run(TestCase.java:124)
    junit.textui.TestRunner.doRun(TestRunner.java:116)
    junit.textui.TestRunner.runSingleMethod(TestRunner.java:189)
    junit.textui.TestRunner.start(TestRunner.java:178)
    edu.washington.cs.dt.util.TestRunnerWrapper.main(TestRunnerWrapper.java:53)

org.apache.derbyTesting.functionTests.tests.derbynet.NetworkServerControlApiTest.test_04_MaxThreads_0 : FAILURE : 766ms
    junit.framework.Assert.fail(Assert.java:47)
    junit.framework.Assert.failNotEquals(Assert.java:277)
    junit.framework.Assert.assertEquals(Assert.java:64)
    junit.framework.Assert.assertEquals(Assert.java:195)
    org.apache.derbyTesting.junit.BaseTestCase.assertExecJavaCmdAsExpected(BaseTestCase.java:513)
    org.apache.derbyTesting.functionTests.tests.derbynet.NetworkServerControlApiTest.test_04_MaxThreads_0(NetworkServerControlApiTest.java:349)
    sun.reflect.NativeMethodAccessorImpl.invoke0(Native Method)
    sun.reflect.NativeMethodAccessorImpl.invoke(NativeMethodAccessorImpl.java:57)
    sun.reflect.DelegatingMethodAccessorImpl.invoke(DelegatingMethodAccessorImpl.java:43)
    java.lang.reflect.Method.invoke(Method.java:601)
    junit.framework.TestCase.runTest(TestCase.java:168)
    junit.framework.TestCase.runBare(TestCase.java:134)
    org.apache.derbyTesting.junit.BaseTestCase.runBare(BaseTestCase.java:113)
    org.apache.derbyTesting.junit.BaseJDBCTestCase.runBareOverridable(BaseJDBCTestCase.java:424)
    org.apache.derbyTesting.junit.BaseJDBCTestCase.runBare(BaseJDBCTestCase.java:441)
    junit.framework.TestResult$1.protect(TestResult.java:110)
    junit.framework.TestResult.runProtected(TestResult.java:128)
    junit.framework.TestResult.run(TestResult.java:113)
    junit.framework.TestCase.run(TestCase.java:124)
    junit.textui.TestRunner.doRun(TestRunner.java:116)
    junit.textui.TestRunner.runSingleMethod(TestRunner.java:189)
    junit.textui.TestRunner.start(TestRunner.java:178)
    edu.washington.cs.dt.util.TestRunnerWrapper.main(TestRunnerWrapper.java:53)

org.apache.derbyTesting.functionTests.tests.derbynet.NetworkServerControlApiTest.test_05_MaxThreads_Neg1 : FAILURE : 780ms
    junit.framework.Assert.fail(Assert.java:47)
    junit.framework.Assert.failNotEquals(Assert.java:277)
    junit.framework.Assert.assertEquals(Assert.java:64)
    junit.framework.Assert.assertEquals(Assert.java:195)
    org.apache.derbyTesting.junit.BaseTestCase.assertExecJavaCmdAsExpected(BaseTestCase.java:513)
    org.apache.derbyTesting.functionTests.tests.derbynet.NetworkServerControlApiTest.test_05_MaxThreads_Neg1(NetworkServerControlApiTest.java:361)
    sun.reflect.NativeMethodAccessorImpl.invoke0(Native Method)
    sun.reflect.NativeMethodAccessorImpl.invoke(NativeMethodAccessorImpl.java:57)
    sun.reflect.DelegatingMethodAccessorImpl.invoke(DelegatingMethodAccessorImpl.java:43)
    java.lang.reflect.Method.invoke(Method.java:601)
    junit.framework.TestCase.runTest(TestCase.java:168)
    junit.framework.TestCase.runBare(TestCase.java:134)
    org.apache.derbyTesting.junit.BaseTestCase.runBare(BaseTestCase.java:113)
    org.apache.derbyTesting.junit.BaseJDBCTestCase.runBareOverridable(BaseJDBCTestCase.java:424)
    org.apache.derbyTesting.junit.BaseJDBCTestCase.runBare(BaseJDBCTestCase.java:441)
    junit.framework.TestResult$1.protect(TestResult.java:110)
    junit.framework.TestResult.runProtected(TestResult.java:128)
    junit.framework.TestResult.run(TestResult.java:113)
    junit.framework.TestCase.run(TestCase.java:124)
    junit.textui.TestRunner.doRun(TestRunner.java:116)
    junit.textui.TestRunner.runSingleMethod(TestRunner.java:189)
    junit.textui.TestRunner.start(TestRunner.java:178)
    edu.washington.cs.dt.util.TestRunnerWrapper.main(TestRunnerWrapper.java:53)

org.apache.derbyTesting.functionTests.tests.derbynet.NetworkServerControlApiTest.test_06_MaxThreads_Neg12 : ERROR : 784ms
    org.apache.derby.impl.drda.NetworkServerControlImpl.consolePropertyMessageWork(Unknown Source)
    org.apache.derby.impl.drda.NetworkServerControlImpl.consolePropertyMessage(Unknown Source)
    org.apache.derby.impl.drda.NetworkServerControlImpl.setUpSocket(Unknown Source)
    org.apache.derby.impl.drda.NetworkServerControlImpl.getCurrentProperties(Unknown Source)
    org.apache.derby.drda.NetworkServerControl.getMaxThreads(Unknown Source)
    org.apache.derbyTesting.functionTests.tests.derbynet.NetworkServerControlApiTest.test_06_MaxThreads_Neg12(NetworkServerControlApiTest.java:392)
    sun.reflect.NativeMethodAccessorImpl.invoke0(Native Method)
    sun.reflect.NativeMethodAccessorImpl.invoke(NativeMethodAccessorImpl.java:57)
    sun.reflect.DelegatingMethodAccessorImpl.invoke(DelegatingMethodAccessorImpl.java:43)
    java.lang.reflect.Method.invoke(Method.java:601)
    junit.framework.TestCase.runTest(TestCase.java:168)
    junit.framework.TestCase.runBare(TestCase.java:134)
    org.apache.derbyTesting.junit.BaseTestCase.runBare(BaseTestCase.java:113)
    org.apache.derbyTesting.junit.BaseJDBCTestCase.runBareOverridable(BaseJDBCTestCase.java:424)
    org.apache.derbyTesting.junit.BaseJDBCTestCase.runBare(BaseJDBCTestCase.java:441)
    junit.framework.TestResult$1.protect(TestResult.java:110)
    junit.framework.TestResult.runProtected(TestResult.java:128)
    junit.framework.TestResult.run(TestResult.java:113)
    junit.framework.TestCase.run(TestCase.java:124)
    junit.textui.TestRunner.doRun(TestRunner.java:116)
    junit.textui.TestRunner.runSingleMethod(TestRunner.java:189)
    junit.textui.TestRunner.start(TestRunner.java:178)
    edu.washington.cs.dt.util.TestRunnerWrapper.main(TestRunnerWrapper.java:53)

org.apache.derbyTesting.functionTests.tests.derbynet.NetworkServerControlApiTest.test_07_MaxThreads_2147483647 : FAILURE : 782ms
    junit.framework.Assert.fail(Assert.java:47)
    junit.framework.Assert.failNotEquals(Assert.java:277)
    junit.framework.Assert.assertEquals(Assert.java:64)
    junit.framework.Assert.assertEquals(Assert.java:195)
    org.apache.derbyTesting.junit.BaseTestCase.assertExecJavaCmdAsExpected(BaseTestCase.java:513)
    org.apache.derbyTesting.functionTests.tests.derbynet.NetworkServerControlApiTest.test_07_MaxThreads_2147483647(NetworkServerControlApiTest.java:400)
    sun.reflect.NativeMethodAccessorImpl.invoke0(Native Method)
    sun.reflect.NativeMethodAccessorImpl.invoke(NativeMethodAccessorImpl.java:57)
    sun.reflect.DelegatingMethodAccessorImpl.invoke(DelegatingMethodAccessorImpl.java:43)
    java.lang.reflect.Method.invoke(Method.java:601)
    junit.framework.TestCase.runTest(TestCase.java:168)
    junit.framework.TestCase.runBare(TestCase.java:134)
    org.apache.derbyTesting.junit.BaseTestCase.runBare(BaseTestCase.java:113)
    org.apache.derbyTesting.junit.BaseJDBCTestCase.runBareOverridable(BaseJDBCTestCase.java:424)
    org.apache.derbyTesting.junit.BaseJDBCTestCase.runBare(BaseJDBCTestCase.java:441)
    junit.framework.TestResult$1.protect(TestResult.java:110)
    junit.framework.TestResult.runProtected(TestResult.java:128)
    junit.framework.TestResult.run(TestResult.java:113)
    junit.framework.TestCase.run(TestCase.java:124)
    junit.textui.TestRunner.doRun(TestRunner.java:116)
    junit.textui.TestRunner.runSingleMethod(TestRunner.java:189)
    junit.textui.TestRunner.start(TestRunner.java:178)
    edu.washington.cs.dt.util.TestRunnerWrapper.main(TestRunnerWrapper.java:53)

org.apache.derbyTesting.functionTests.tests.derbynet.NetworkServerControlApiTest.test_08_MaxThreads_9000 : FAILURE : 800ms
    junit.framework.Assert.fail(Assert.java:47)
    junit.framework.Assert.failNotEquals(Assert.java:277)
    junit.framework.Assert.assertEquals(Assert.java:64)
    junit.framework.Assert.assertEquals(Assert.java:195)
    org.apache.derbyTesting.junit.BaseTestCase.assertExecJavaCmdAsExpected(BaseTestCase.java:513)
    org.apache.derbyTesting.functionTests.tests.derbynet.NetworkServerControlApiTest.test_08_MaxThreads_9000(NetworkServerControlApiTest.java:409)
    sun.reflect.NativeMethodAccessorImpl.invoke0(Native Method)
    sun.reflect.NativeMethodAccessorImpl.invoke(NativeMethodAccessorImpl.java:57)
    sun.reflect.DelegatingMethodAccessorImpl.invoke(DelegatingMethodAccessorImpl.java:43)
    java.lang.reflect.Method.invoke(Method.java:601)
    junit.framework.TestCase.runTest(TestCase.java:168)
    junit.framework.TestCase.runBare(TestCase.java:134)
    org.apache.derbyTesting.junit.BaseTestCase.runBare(BaseTestCase.java:113)
    org.apache.derbyTesting.junit.BaseJDBCTestCase.runBareOverridable(BaseJDBCTestCase.java:424)
    org.apache.derbyTesting.junit.BaseJDBCTestCase.runBare(BaseJDBCTestCase.java:441)
    junit.framework.TestResult$1.protect(TestResult.java:110)
    junit.framework.TestResult.runProtected(TestResult.java:128)
    junit.framework.TestResult.run(TestResult.java:113)
    junit.framework.TestCase.run(TestCase.java:124)
    junit.textui.TestRunner.doRun(TestRunner.java:116)
    junit.textui.TestRunner.runSingleMethod(TestRunner.java:189)
    junit.textui.TestRunner.start(TestRunner.java:178)
    edu.washington.cs.dt.util.TestRunnerWrapper.main(TestRunnerWrapper.java:53)

org.apache.derbyTesting.functionTests.tests.derbynet.NetworkServerControlApiTest.test_09_MaxThreads_Invalid : FAILURE : 790ms
    junit.framework.Assert.fail(Assert.java:47)
    junit.framework.Assert.failNotEquals(Assert.java:277)
    junit.framework.Assert.assertEquals(Assert.java:64)
    junit.framework.Assert.assertEquals(Assert.java:195)
    org.apache.derbyTesting.junit.BaseTestCase.assertExecJavaCmdAsExpected(BaseTestCase.java:513)
    org.apache.derbyTesting.functionTests.tests.derbynet.NetworkServerControlApiTest.test_09_MaxThreads_Invalid(NetworkServerControlApiTest.java:422)
    sun.reflect.NativeMethodAccessorImpl.invoke0(Native Method)
    sun.reflect.NativeMethodAccessorImpl.invoke(NativeMethodAccessorImpl.java:57)
    sun.reflect.DelegatingMethodAccessorImpl.invoke(DelegatingMethodAccessorImpl.java:43)
    java.lang.reflect.Method.invoke(Method.java:601)
    junit.framework.TestCase.runTest(TestCase.java:168)
    junit.framework.TestCase.runBare(TestCase.java:134)
    org.apache.derbyTesting.junit.BaseTestCase.runBare(BaseTestCase.java:113)
    org.apache.derbyTesting.junit.BaseJDBCTestCase.runBareOverridable(BaseJDBCTestCase.java:424)
    org.apache.derbyTesting.junit.BaseJDBCTestCase.runBare(BaseJDBCTestCase.java:441)
    junit.framework.TestResult$1.protect(TestResult.java:110)
    junit.framework.TestResult.runProtected(TestResult.java:128)
    junit.framework.TestResult.run(TestResult.java:113)
    junit.framework.TestCase.run(TestCase.java:124)
    junit.textui.TestRunner.doRun(TestRunner.java:116)
    junit.textui.TestRunner.runSingleMethod(TestRunner.java:189)
    junit.textui.TestRunner.start(TestRunner.java:178)
    edu.washington.cs.dt.util.TestRunnerWrapper.main(TestRunnerWrapper.java:53)

org.apache.derbyTesting.functionTests.tests.derbynet.NetworkServerControlApiTest.test_10_MaxThreadsCallable_0 : ERROR : 285ms
    org.apache.derby.impl.drda.NetworkServerControlImpl.consolePropertyMessageWork(Unknown Source)
    org.apache.derby.impl.drda.NetworkServerControlImpl.consolePropertyMessage(Unknown Source)
    org.apache.derby.impl.drda.NetworkServerControlImpl.setUpSocket(Unknown Source)
    org.apache.derby.impl.drda.NetworkServerControlImpl.netSetMaxThreads(Unknown Source)
    org.apache.derby.drda.NetworkServerControl.setMaxThreads(Unknown Source)
    org.apache.derbyTesting.functionTests.tests.derbynet.NetworkServerControlApiTest.test_10_MaxThreadsCallable_0(NetworkServerControlApiTest.java:449)
    sun.reflect.NativeMethodAccessorImpl.invoke0(Native Method)
    sun.reflect.NativeMethodAccessorImpl.invoke(NativeMethodAccessorImpl.java:57)
    sun.reflect.DelegatingMethodAccessorImpl.invoke(DelegatingMethodAccessorImpl.java:43)
    java.lang.reflect.Method.invoke(Method.java:601)
    junit.framework.TestCase.runTest(TestCase.java:168)
    junit.framework.TestCase.runBare(TestCase.java:134)
    org.apache.derbyTesting.junit.BaseTestCase.runBare(BaseTestCase.java:113)
    org.apache.derbyTesting.junit.BaseJDBCTestCase.runBareOverridable(BaseJDBCTestCase.java:424)
    org.apache.derbyTesting.junit.BaseJDBCTestCase.runBare(BaseJDBCTestCase.java:441)
    junit.framework.TestResult$1.protect(TestResult.java:110)
    junit.framework.TestResult.runProtected(TestResult.java:128)
    junit.framework.TestResult.run(TestResult.java:113)
    junit.framework.TestCase.run(TestCase.java:124)
    junit.textui.TestRunner.doRun(TestRunner.java:116)
    junit.textui.TestRunner.runSingleMethod(TestRunner.java:189)
    junit.textui.TestRunner.start(TestRunner.java:178)
    edu.washington.cs.dt.util.TestRunnerWrapper.main(TestRunnerWrapper.java:53)

org.apache.derbyTesting.functionTests.tests.derbynet.NetworkServerControlApiTest.test_11_MaxThreadsCallable_Neg1 : ERROR : 271ms
    org.apache.derby.impl.drda.NetworkServerControlImpl.consolePropertyMessageWork(Unknown Source)
    org.apache.derby.impl.drda.NetworkServerControlImpl.consolePropertyMessage(Unknown Source)
    org.apache.derby.impl.drda.NetworkServerControlImpl.setUpSocket(Unknown Source)
    org.apache.derby.impl.drda.NetworkServerControlImpl.netSetMaxThreads(Unknown Source)
    org.apache.derby.drda.NetworkServerControl.setMaxThreads(Unknown Source)
    org.apache.derbyTesting.functionTests.tests.derbynet.NetworkServerControlApiTest.test_11_MaxThreadsCallable_Neg1(NetworkServerControlApiTest.java:456)
    sun.reflect.NativeMethodAccessorImpl.invoke0(Native Method)
    sun.reflect.NativeMethodAccessorImpl.invoke(NativeMethodAccessorImpl.java:57)
    sun.reflect.DelegatingMethodAccessorImpl.invoke(DelegatingMethodAccessorImpl.java:43)
    java.lang.reflect.Method.invoke(Method.java:601)
    junit.framework.TestCase.runTest(TestCase.java:168)
    junit.framework.TestCase.runBare(TestCase.java:134)
    org.apache.derbyTesting.junit.BaseTestCase.runBare(BaseTestCase.java:113)
    org.apache.derbyTesting.junit.BaseJDBCTestCase.runBareOverridable(BaseJDBCTestCase.java:424)
    org.apache.derbyTesting.junit.BaseJDBCTestCase.runBare(BaseJDBCTestCase.java:441)
    junit.framework.TestResult$1.protect(TestResult.java:110)
    junit.framework.TestResult.runProtected(TestResult.java:128)
    junit.framework.TestResult.run(TestResult.java:113)
    junit.framework.TestCase.run(TestCase.java:124)
    junit.textui.TestRunner.doRun(TestRunner.java:116)
    junit.textui.TestRunner.runSingleMethod(TestRunner.java:189)
    junit.textui.TestRunner.start(TestRunner.java:178)
    edu.washington.cs.dt.util.TestRunnerWrapper.main(TestRunnerWrapper.java:53)

org.apache.derbyTesting.functionTests.tests.derbynet.NetworkServerControlApiTest.test_12_MaxThreadsCallable_Neg12 : FAILURE : 280ms
    junit.framework.Assert.assertEquals(Assert.java:81)
    junit.framework.Assert.assertEquals(Assert.java:87)
    org.apache.derbyTesting.functionTests.tests.derbynet.NetworkServerControlApiTest.test_12_MaxThreadsCallable_Neg12(NetworkServerControlApiTest.java:471)
    sun.reflect.NativeMethodAccessorImpl.invoke0(Native Method)
    sun.reflect.NativeMethodAccessorImpl.invoke(NativeMethodAccessorImpl.java:57)
    sun.reflect.DelegatingMethodAccessorImpl.invoke(DelegatingMethodAccessorImpl.java:43)
    java.lang.reflect.Method.invoke(Method.java:601)
    junit.framework.TestCase.runTest(TestCase.java:168)
    junit.framework.TestCase.runBare(TestCase.java:134)
    org.apache.derbyTesting.junit.BaseTestCase.runBare(BaseTestCase.java:113)
    org.apache.derbyTesting.junit.BaseJDBCTestCase.runBareOverridable(BaseJDBCTestCase.java:424)
    org.apache.derbyTesting.junit.BaseJDBCTestCase.runBare(BaseJDBCTestCase.java:441)
    junit.framework.TestResult$1.protect(TestResult.java:110)
    junit.framework.TestResult.runProtected(TestResult.java:128)
    junit.framework.TestResult.run(TestResult.java:113)
    junit.framework.TestCase.run(TestCase.java:124)
    junit.textui.TestRunner.doRun(TestRunner.java:116)
    junit.textui.TestRunner.runSingleMethod(TestRunner.java:189)
    junit.textui.TestRunner.start(TestRunner.java:178)
    edu.washington.cs.dt.util.TestRunnerWrapper.main(TestRunnerWrapper.java:53)

org.apache.derbyTesting.functionTests.tests.derbynet.NetworkServerControlApiTest.test_13_MaxThreadsCallable_2147483647 : ERROR : 267ms
    org.apache.derby.impl.drda.NetworkServerControlImpl.consolePropertyMessageWork(Unknown Source)
    org.apache.derby.impl.drda.NetworkServerControlImpl.consolePropertyMessage(Unknown Source)
    org.apache.derby.impl.drda.NetworkServerControlImpl.setUpSocket(Unknown Source)
    org.apache.derby.impl.drda.NetworkServerControlImpl.netSetMaxThreads(Unknown Source)
    org.apache.derby.drda.NetworkServerControl.setMaxThreads(Unknown Source)
    org.apache.derbyTesting.functionTests.tests.derbynet.NetworkServerControlApiTest.test_13_MaxThreadsCallable_2147483647(NetworkServerControlApiTest.java:477)
    sun.reflect.NativeMethodAccessorImpl.invoke0(Native Method)
    sun.reflect.NativeMethodAccessorImpl.invoke(NativeMethodAccessorImpl.java:57)
    sun.reflect.DelegatingMethodAccessorImpl.invoke(DelegatingMethodAccessorImpl.java:43)
    java.lang.reflect.Method.invoke(Method.java:601)
    junit.framework.TestCase.runTest(TestCase.java:168)
    junit.framework.TestCase.runBare(TestCase.java:134)
    org.apache.derbyTesting.junit.BaseTestCase.runBare(BaseTestCase.java:113)
    org.apache.derbyTesting.junit.BaseJDBCTestCase.runBareOverridable(BaseJDBCTestCase.java:424)
    org.apache.derbyTesting.junit.BaseJDBCTestCase.runBare(BaseJDBCTestCase.java:441)
    junit.framework.TestResult$1.protect(TestResult.java:110)
    junit.framework.TestResult.runProtected(TestResult.java:128)
    junit.framework.TestResult.run(TestResult.java:113)
    junit.framework.TestCase.run(TestCase.java:124)
    junit.textui.TestRunner.doRun(TestRunner.java:116)
    junit.textui.TestRunner.runSingleMethod(TestRunner.java:189)
    junit.textui.TestRunner.start(TestRunner.java:178)
    edu.washington.cs.dt.util.TestRunnerWrapper.main(TestRunnerWrapper.java:53)

org.apache.derbyTesting.functionTests.tests.derbynet.NetworkServerControlApiTest.test_14_MaxThreadsCallable_9000 : ERROR : 276ms
    org.apache.derby.impl.drda.NetworkServerControlImpl.consolePropertyMessageWork(Unknown Source)
    org.apache.derby.impl.drda.NetworkServerControlImpl.consolePropertyMessage(Unknown Source)
    org.apache.derby.impl.drda.NetworkServerControlImpl.setUpSocket(Unknown Source)
    org.apache.derby.impl.drda.NetworkServerControlImpl.netSetMaxThreads(Unknown Source)
    org.apache.derby.drda.NetworkServerControl.setMaxThreads(Unknown Source)
    org.apache.derbyTesting.functionTests.tests.derbynet.NetworkServerControlApiTest.test_14_MaxThreadsCallable_9000(NetworkServerControlApiTest.java:484)
    sun.reflect.NativeMethodAccessorImpl.invoke0(Native Method)
    sun.reflect.NativeMethodAccessorImpl.invoke(NativeMethodAccessorImpl.java:57)
    sun.reflect.DelegatingMethodAccessorImpl.invoke(DelegatingMethodAccessorImpl.java:43)
    java.lang.reflect.Method.invoke(Method.java:601)
    junit.framework.TestCase.runTest(TestCase.java:168)
    junit.framework.TestCase.runBare(TestCase.java:134)
    org.apache.derbyTesting.junit.BaseTestCase.runBare(BaseTestCase.java:113)
    org.apache.derbyTesting.junit.BaseJDBCTestCase.runBareOverridable(BaseJDBCTestCase.java:424)
    org.apache.derbyTesting.junit.BaseJDBCTestCase.runBare(BaseJDBCTestCase.java:441)
    junit.framework.TestResult$1.protect(TestResult.java:110)
    junit.framework.TestResult.runProtected(TestResult.java:128)
    junit.framework.TestResult.run(TestResult.java:113)
    junit.framework.TestCase.run(TestCase.java:124)
    junit.textui.TestRunner.doRun(TestRunner.java:116)
    junit.textui.TestRunner.runSingleMethod(TestRunner.java:189)
    junit.textui.TestRunner.start(TestRunner.java:178)
    edu.washington.cs.dt.util.TestRunnerWrapper.main(TestRunnerWrapper.java:53)

org.apache.derbyTesting.functionTests.tests.derbynet.NetworkServerControlApiTest.test_15_TimeSlice_0 : FAILURE : 775ms
    junit.framework.Assert.fail(Assert.java:47)
    junit.framework.Assert.failNotEquals(Assert.java:277)
    junit.framework.Assert.assertEquals(Assert.java:64)
    junit.framework.Assert.assertEquals(Assert.java:195)
    org.apache.derbyTesting.junit.BaseTestCase.assertExecJavaCmdAsExpected(BaseTestCase.java:513)
    org.apache.derbyTesting.functionTests.tests.derbynet.NetworkServerControlApiTest.test_15_TimeSlice_0(NetworkServerControlApiTest.java:495)
    sun.reflect.NativeMethodAccessorImpl.invoke0(Native Method)
    sun.reflect.NativeMethodAccessorImpl.invoke(NativeMethodAccessorImpl.java:57)
    sun.reflect.DelegatingMethodAccessorImpl.invoke(DelegatingMethodAccessorImpl.java:43)
    java.lang.reflect.Method.invoke(Method.java:601)
    junit.framework.TestCase.runTest(TestCase.java:168)
    junit.framework.TestCase.runBare(TestCase.java:134)
    org.apache.derbyTesting.junit.BaseTestCase.runBare(BaseTestCase.java:113)
    org.apache.derbyTesting.junit.BaseJDBCTestCase.runBareOverridable(BaseJDBCTestCase.java:424)
    org.apache.derbyTesting.junit.BaseJDBCTestCase.runBare(BaseJDBCTestCase.java:441)
    junit.framework.TestResult$1.protect(TestResult.java:110)
    junit.framework.TestResult.runProtected(TestResult.java:128)
    junit.framework.TestResult.run(TestResult.java:113)
    junit.framework.TestCase.run(TestCase.java:124)
    junit.textui.TestRunner.doRun(TestRunner.java:116)
    junit.textui.TestRunner.runSingleMethod(TestRunner.java:189)
    junit.textui.TestRunner.start(TestRunner.java:178)
    edu.washington.cs.dt.util.TestRunnerWrapper.main(TestRunnerWrapper.java:53)

org.apache.derbyTesting.functionTests.tests.derbynet.NetworkServerControlApiTest.test_16_TimeSlice_Neg1 : FAILURE : 764ms
    junit.framework.Assert.fail(Assert.java:47)
    junit.framework.Assert.failNotEquals(Assert.java:277)
    junit.framework.Assert.assertEquals(Assert.java:64)
    junit.framework.Assert.assertEquals(Assert.java:195)
    org.apache.derbyTesting.junit.BaseTestCase.assertExecJavaCmdAsExpected(BaseTestCase.java:513)
    org.apache.derbyTesting.functionTests.tests.derbynet.NetworkServerControlApiTest.test_16_TimeSlice_Neg1(NetworkServerControlApiTest.java:507)
    sun.reflect.NativeMethodAccessorImpl.invoke0(Native Method)
    sun.reflect.NativeMethodAccessorImpl.invoke(NativeMethodAccessorImpl.java:57)
    sun.reflect.DelegatingMethodAccessorImpl.invoke(DelegatingMethodAccessorImpl.java:43)
    java.lang.reflect.Method.invoke(Method.java:601)
    junit.framework.TestCase.runTest(TestCase.java:168)
    junit.framework.TestCase.runBare(TestCase.java:134)
    org.apache.derbyTesting.junit.BaseTestCase.runBare(BaseTestCase.java:113)
    org.apache.derbyTesting.junit.BaseJDBCTestCase.runBareOverridable(BaseJDBCTestCase.java:424)
    org.apache.derbyTesting.junit.BaseJDBCTestCase.runBare(BaseJDBCTestCase.java:441)
    junit.framework.TestResult$1.protect(TestResult.java:110)
    junit.framework.TestResult.runProtected(TestResult.java:128)
    junit.framework.TestResult.run(TestResult.java:113)
    junit.framework.TestCase.run(TestCase.java:124)
    junit.textui.TestRunner.doRun(TestRunner.java:116)
    junit.textui.TestRunner.runSingleMethod(TestRunner.java:189)
    junit.textui.TestRunner.start(TestRunner.java:178)
    edu.washington.cs.dt.util.TestRunnerWrapper.main(TestRunnerWrapper.java:53)

org.apache.derbyTesting.functionTests.tests.derbynet.NetworkServerControlApiTest.test_17_TimeSlice_Neg12 : ERROR : 790ms
    org.apache.derby.impl.drda.NetworkServerControlImpl.consolePropertyMessageWork(Unknown Source)
    org.apache.derby.impl.drda.NetworkServerControlImpl.consolePropertyMessage(Unknown Source)
    org.apache.derby.impl.drda.NetworkServerControlImpl.setUpSocket(Unknown Source)
    org.apache.derby.impl.drda.NetworkServerControlImpl.getCurrentProperties(Unknown Source)
    org.apache.derby.drda.NetworkServerControl.getTimeSlice(Unknown Source)
    org.apache.derbyTesting.functionTests.tests.derbynet.NetworkServerControlApiTest.test_17_TimeSlice_Neg12(NetworkServerControlApiTest.java:530)
    sun.reflect.NativeMethodAccessorImpl.invoke0(Native Method)
    sun.reflect.NativeMethodAccessorImpl.invoke(NativeMethodAccessorImpl.java:57)
    sun.reflect.DelegatingMethodAccessorImpl.invoke(DelegatingMethodAccessorImpl.java:43)
    java.lang.reflect.Method.invoke(Method.java:601)
    junit.framework.TestCase.runTest(TestCase.java:168)
    junit.framework.TestCase.runBare(TestCase.java:134)
    org.apache.derbyTesting.junit.BaseTestCase.runBare(BaseTestCase.java:113)
    org.apache.derbyTesting.junit.BaseJDBCTestCase.runBareOverridable(BaseJDBCTestCase.java:424)
    org.apache.derbyTesting.junit.BaseJDBCTestCase.runBare(BaseJDBCTestCase.java:441)
    junit.framework.TestResult$1.protect(TestResult.java:110)
    junit.framework.TestResult.runProtected(TestResult.java:128)
    junit.framework.TestResult.run(TestResult.java:113)
    junit.framework.TestCase.run(TestCase.java:124)
    junit.textui.TestRunner.doRun(TestRunner.java:116)
    junit.textui.TestRunner.runSingleMethod(TestRunner.java:189)
    junit.textui.TestRunner.start(TestRunner.java:178)
    edu.washington.cs.dt.util.TestRunnerWrapper.main(TestRunnerWrapper.java:53)

org.apache.derbyTesting.functionTests.tests.derbynet.NetworkServerControlApiTest.test_18_TimeSlice_2147483647 : FAILURE : 796ms
    junit.framework.Assert.fail(Assert.java:47)
    junit.framework.Assert.failNotEquals(Assert.java:277)
    junit.framework.Assert.assertEquals(Assert.java:64)
    junit.framework.Assert.assertEquals(Assert.java:195)
    org.apache.derbyTesting.junit.BaseTestCase.assertExecJavaCmdAsExpected(BaseTestCase.java:513)
    org.apache.derbyTesting.functionTests.tests.derbynet.NetworkServerControlApiTest.test_18_TimeSlice_2147483647(NetworkServerControlApiTest.java:539)
    sun.reflect.NativeMethodAccessorImpl.invoke0(Native Method)
    sun.reflect.NativeMethodAccessorImpl.invoke(NativeMethodAccessorImpl.java:57)
    sun.reflect.DelegatingMethodAccessorImpl.invoke(DelegatingMethodAccessorImpl.java:43)
    java.lang.reflect.Method.invoke(Method.java:601)
    junit.framework.TestCase.runTest(TestCase.java:168)
    junit.framework.TestCase.runBare(TestCase.java:134)
    org.apache.derbyTesting.junit.BaseTestCase.runBare(BaseTestCase.java:113)
    org.apache.derbyTesting.junit.BaseJDBCTestCase.runBareOverridable(BaseJDBCTestCase.java:424)
    org.apache.derbyTesting.junit.BaseJDBCTestCase.runBare(BaseJDBCTestCase.java:441)
    junit.framework.TestResult$1.protect(TestResult.java:110)
    junit.framework.TestResult.runProtected(TestResult.java:128)
    junit.framework.TestResult.run(TestResult.java:113)
    junit.framework.TestCase.run(TestCase.java:124)
    junit.textui.TestRunner.doRun(TestRunner.java:116)
    junit.textui.TestRunner.runSingleMethod(TestRunner.java:189)
    junit.textui.TestRunner.start(TestRunner.java:178)
    edu.washington.cs.dt.util.TestRunnerWrapper.main(TestRunnerWrapper.java:53)

org.apache.derbyTesting.functionTests.tests.derbynet.NetworkServerControlApiTest.test_19_TimeSlice_9000 : FAILURE : 779ms
    junit.framework.Assert.fail(Assert.java:47)
    junit.framework.Assert.failNotEquals(Assert.java:277)
    junit.framework.Assert.assertEquals(Assert.java:64)
    junit.framework.Assert.assertEquals(Assert.java:195)
    org.apache.derbyTesting.junit.BaseTestCase.assertExecJavaCmdAsExpected(BaseTestCase.java:513)
    org.apache.derbyTesting.functionTests.tests.derbynet.NetworkServerControlApiTest.test_19_TimeSlice_9000(NetworkServerControlApiTest.java:549)
    sun.reflect.NativeMethodAccessorImpl.invoke0(Native Method)
    sun.reflect.NativeMethodAccessorImpl.invoke(NativeMethodAccessorImpl.java:57)
    sun.reflect.DelegatingMethodAccessorImpl.invoke(DelegatingMethodAccessorImpl.java:43)
    java.lang.reflect.Method.invoke(Method.java:601)
    junit.framework.TestCase.runTest(TestCase.java:168)
    junit.framework.TestCase.runBare(TestCase.java:134)
    org.apache.derbyTesting.junit.BaseTestCase.runBare(BaseTestCase.java:113)
    org.apache.derbyTesting.junit.BaseJDBCTestCase.runBareOverridable(BaseJDBCTestCase.java:424)
    org.apache.derbyTesting.junit.BaseJDBCTestCase.runBare(BaseJDBCTestCase.java:441)
    junit.framework.TestResult$1.protect(TestResult.java:110)
    junit.framework.TestResult.runProtected(TestResult.java:128)
    junit.framework.TestResult.run(TestResult.java:113)
    junit.framework.TestCase.run(TestCase.java:124)
    junit.textui.TestRunner.doRun(TestRunner.java:116)
    junit.textui.TestRunner.runSingleMethod(TestRunner.java:189)
    junit.textui.TestRunner.start(TestRunner.java:178)
    edu.washington.cs.dt.util.TestRunnerWrapper.main(TestRunnerWrapper.java:53)

org.apache.derbyTesting.functionTests.tests.derbynet.NetworkServerControlApiTest.test_20_TimeSlice_a : FAILURE : 782ms
    junit.framework.Assert.fail(Assert.java:47)
    junit.framework.Assert.failNotEquals(Assert.java:277)
    junit.framework.Assert.assertEquals(Assert.java:64)
    junit.framework.Assert.assertEquals(Assert.java:195)
    org.apache.derbyTesting.junit.BaseTestCase.assertExecJavaCmdAsExpected(BaseTestCase.java:513)
    org.apache.derbyTesting.functionTests.tests.derbynet.NetworkServerControlApiTest.test_20_TimeSlice_a(NetworkServerControlApiTest.java:559)
    sun.reflect.NativeMethodAccessorImpl.invoke0(Native Method)
    sun.reflect.NativeMethodAccessorImpl.invoke(NativeMethodAccessorImpl.java:57)
    sun.reflect.DelegatingMethodAccessorImpl.invoke(DelegatingMethodAccessorImpl.java:43)
    java.lang.reflect.Method.invoke(Method.java:601)
    junit.framework.TestCase.runTest(TestCase.java:168)
    junit.framework.TestCase.runBare(TestCase.java:134)
    org.apache.derbyTesting.junit.BaseTestCase.runBare(BaseTestCase.java:113)
    org.apache.derbyTesting.junit.BaseJDBCTestCase.runBareOverridable(BaseJDBCTestCase.java:424)
    org.apache.derbyTesting.junit.BaseJDBCTestCase.runBare(BaseJDBCTestCase.java:441)
    junit.framework.TestResult$1.protect(TestResult.java:110)
    junit.framework.TestResult.runProtected(TestResult.java:128)
    junit.framework.TestResult.run(TestResult.java:113)
    junit.framework.TestCase.run(TestCase.java:124)
    junit.textui.TestRunner.doRun(TestRunner.java:116)
    junit.textui.TestRunner.runSingleMethod(TestRunner.java:189)
    junit.textui.TestRunner.start(TestRunner.java:178)
    edu.washington.cs.dt.util.TestRunnerWrapper.main(TestRunnerWrapper.java:53)

org.apache.derbyTesting.functionTests.tests.derbynet.NetworkServerControlApiTest.test_21_TimeSliceCallable_0 : ERROR : 273ms
    org.apache.derby.impl.drda.NetworkServerControlImpl.consolePropertyMessageWork(Unknown Source)
    org.apache.derby.impl.drda.NetworkServerControlImpl.consolePropertyMessage(Unknown Source)
    org.apache.derby.impl.drda.NetworkServerControlImpl.setUpSocket(Unknown Source)
    org.apache.derby.impl.drda.NetworkServerControlImpl.netSetTimeSlice(Unknown Source)
    org.apache.derby.drda.NetworkServerControl.setTimeSlice(Unknown Source)
    org.apache.derbyTesting.functionTests.tests.derbynet.NetworkServerControlApiTest.test_21_TimeSliceCallable_0(NetworkServerControlApiTest.java:584)
    sun.reflect.NativeMethodAccessorImpl.invoke0(Native Method)
    sun.reflect.NativeMethodAccessorImpl.invoke(NativeMethodAccessorImpl.java:57)
    sun.reflect.DelegatingMethodAccessorImpl.invoke(DelegatingMethodAccessorImpl.java:43)
    java.lang.reflect.Method.invoke(Method.java:601)
    junit.framework.TestCase.runTest(TestCase.java:168)
    junit.framework.TestCase.runBare(TestCase.java:134)
    org.apache.derbyTesting.junit.BaseTestCase.runBare(BaseTestCase.java:113)
    org.apache.derbyTesting.junit.BaseJDBCTestCase.runBareOverridable(BaseJDBCTestCase.java:424)
    org.apache.derbyTesting.junit.BaseJDBCTestCase.runBare(BaseJDBCTestCase.java:441)
    junit.framework.TestResult$1.protect(TestResult.java:110)
    junit.framework.TestResult.runProtected(TestResult.java:128)
    junit.framework.TestResult.run(TestResult.java:113)
    junit.framework.TestCase.run(TestCase.java:124)
    junit.textui.TestRunner.doRun(TestRunner.java:116)
    junit.textui.TestRunner.runSingleMethod(TestRunner.java:189)
    junit.textui.TestRunner.start(TestRunner.java:178)
    edu.washington.cs.dt.util.TestRunnerWrapper.main(TestRunnerWrapper.java:53)

org.apache.derbyTesting.functionTests.tests.derbynet.NetworkServerControlApiTest.test_22_TimeSliceCallable_Neg1 : ERROR : 256ms
    org.apache.derby.impl.drda.NetworkServerControlImpl.consolePropertyMessageWork(Unknown Source)
    org.apache.derby.impl.drda.NetworkServerControlImpl.consolePropertyMessage(Unknown Source)
    org.apache.derby.impl.drda.NetworkServerControlImpl.setUpSocket(Unknown Source)
    org.apache.derby.impl.drda.NetworkServerControlImpl.netSetTimeSlice(Unknown Source)
    org.apache.derby.drda.NetworkServerControl.setTimeSlice(Unknown Source)
    org.apache.derbyTesting.functionTests.tests.derbynet.NetworkServerControlApiTest.test_22_TimeSliceCallable_Neg1(NetworkServerControlApiTest.java:592)
    sun.reflect.NativeMethodAccessorImpl.invoke0(Native Method)
    sun.reflect.NativeMethodAccessorImpl.invoke(NativeMethodAccessorImpl.java:57)
    sun.reflect.DelegatingMethodAccessorImpl.invoke(DelegatingMethodAccessorImpl.java:43)
    java.lang.reflect.Method.invoke(Method.java:601)
    junit.framework.TestCase.runTest(TestCase.java:168)
    junit.framework.TestCase.runBare(TestCase.java:134)
    org.apache.derbyTesting.junit.BaseTestCase.runBare(BaseTestCase.java:113)
    org.apache.derbyTesting.junit.BaseJDBCTestCase.runBareOverridable(BaseJDBCTestCase.java:424)
    org.apache.derbyTesting.junit.BaseJDBCTestCase.runBare(BaseJDBCTestCase.java:441)
    junit.framework.TestResult$1.protect(TestResult.java:110)
    junit.framework.TestResult.runProtected(TestResult.java:128)
    junit.framework.TestResult.run(TestResult.java:113)
    junit.framework.TestCase.run(TestCase.java:124)
    junit.textui.TestRunner.doRun(TestRunner.java:116)
    junit.textui.TestRunner.runSingleMethod(TestRunner.java:189)
    junit.textui.TestRunner.start(TestRunner.java:178)
    edu.washington.cs.dt.util.TestRunnerWrapper.main(TestRunnerWrapper.java:53)

org.apache.derbyTesting.functionTests.tests.derbynet.NetworkServerControlApiTest.test_23_TimeSliceCallable_Neg2 : FAILURE : 257ms
    junit.framework.Assert.fail(Assert.java:47)
    junit.framework.Assert.assertTrue(Assert.java:20)
    junit.framework.Assert.assertTrue(Assert.java:27)
    org.apache.derbyTesting.functionTests.tests.derbynet.NetworkServerControlApiTest.test_23_TimeSliceCallable_Neg2(NetworkServerControlApiTest.java:603)
    sun.reflect.NativeMethodAccessorImpl.invoke0(Native Method)
    sun.reflect.NativeMethodAccessorImpl.invoke(NativeMethodAccessorImpl.java:57)
    sun.reflect.DelegatingMethodAccessorImpl.invoke(DelegatingMethodAccessorImpl.java:43)
    java.lang.reflect.Method.invoke(Method.java:601)
    junit.framework.TestCase.runTest(TestCase.java:168)
    junit.framework.TestCase.runBare(TestCase.java:134)
    org.apache.derbyTesting.junit.BaseTestCase.runBare(BaseTestCase.java:113)
    org.apache.derbyTesting.junit.BaseJDBCTestCase.runBareOverridable(BaseJDBCTestCase.java:424)
    org.apache.derbyTesting.junit.BaseJDBCTestCase.runBare(BaseJDBCTestCase.java:441)
    junit.framework.TestResult$1.protect(TestResult.java:110)
    junit.framework.TestResult.runProtected(TestResult.java:128)
    junit.framework.TestResult.run(TestResult.java:113)
    junit.framework.TestCase.run(TestCase.java:124)
    junit.textui.TestRunner.doRun(TestRunner.java:116)
    junit.textui.TestRunner.runSingleMethod(TestRunner.java:189)
    junit.textui.TestRunner.start(TestRunner.java:178)
    edu.washington.cs.dt.util.TestRunnerWrapper.main(TestRunnerWrapper.java:53)

org.apache.derbyTesting.functionTests.tests.derbynet.NetworkServerControlApiTest.test_24_TimeSliceCallable_2147483647 : ERROR : 290ms
    org.apache.derby.impl.drda.NetworkServerControlImpl.consolePropertyMessageWork(Unknown Source)
    org.apache.derby.impl.drda.NetworkServerControlImpl.consolePropertyMessage(Unknown Source)
    org.apache.derby.impl.drda.NetworkServerControlImpl.setUpSocket(Unknown Source)
    org.apache.derby.impl.drda.NetworkServerControlImpl.netSetTimeSlice(Unknown Source)
    org.apache.derby.drda.NetworkServerControl.setTimeSlice(Unknown Source)
    org.apache.derbyTesting.functionTests.tests.derbynet.NetworkServerControlApiTest.test_24_TimeSliceCallable_2147483647(NetworkServerControlApiTest.java:612)
    sun.reflect.NativeMethodAccessorImpl.invoke0(Native Method)
    sun.reflect.NativeMethodAccessorImpl.invoke(NativeMethodAccessorImpl.java:57)
    sun.reflect.DelegatingMethodAccessorImpl.invoke(DelegatingMethodAccessorImpl.java:43)
    java.lang.reflect.Method.invoke(Method.java:601)
    junit.framework.TestCase.runTest(TestCase.java:168)
    junit.framework.TestCase.runBare(TestCase.java:134)
    org.apache.derbyTesting.junit.BaseTestCase.runBare(BaseTestCase.java:113)
    org.apache.derbyTesting.junit.BaseJDBCTestCase.runBareOverridable(BaseJDBCTestCase.java:424)
    org.apache.derbyTesting.junit.BaseJDBCTestCase.runBare(BaseJDBCTestCase.java:441)
    junit.framework.TestResult$1.protect(TestResult.java:110)
    junit.framework.TestResult.runProtected(TestResult.java:128)
    junit.framework.TestResult.run(TestResult.java:113)
    junit.framework.TestCase.run(TestCase.java:124)
    junit.textui.TestRunner.doRun(TestRunner.java:116)
    junit.textui.TestRunner.runSingleMethod(TestRunner.java:189)
    junit.textui.TestRunner.start(TestRunner.java:178)
    edu.washington.cs.dt.util.TestRunnerWrapper.main(TestRunnerWrapper.java:53)

org.apache.derbyTesting.functionTests.tests.derbynet.NetworkServerControlApiTest.test_25_TimeSliceCallable_9000 : ERROR : 266ms
    org.apache.derby.impl.drda.NetworkServerControlImpl.consolePropertyMessageWork(Unknown Source)
    org.apache.derby.impl.drda.NetworkServerControlImpl.consolePropertyMessage(Unknown Source)
    org.apache.derby.impl.drda.NetworkServerControlImpl.setUpSocket(Unknown Source)
    org.apache.derby.impl.drda.NetworkServerControlImpl.netSetTimeSlice(Unknown Source)
    org.apache.derby.drda.NetworkServerControl.setTimeSlice(Unknown Source)
    org.apache.derbyTesting.functionTests.tests.derbynet.NetworkServerControlApiTest.test_25_TimeSliceCallable_9000(NetworkServerControlApiTest.java:620)
    sun.reflect.NativeMethodAccessorImpl.invoke0(Native Method)
    sun.reflect.NativeMethodAccessorImpl.invoke(NativeMethodAccessorImpl.java:57)
    sun.reflect.DelegatingMethodAccessorImpl.invoke(DelegatingMethodAccessorImpl.java:43)
    java.lang.reflect.Method.invoke(Method.java:601)
    junit.framework.TestCase.runTest(TestCase.java:168)
    junit.framework.TestCase.runBare(TestCase.java:134)
    org.apache.derbyTesting.junit.BaseTestCase.runBare(BaseTestCase.java:113)
    org.apache.derbyTesting.junit.BaseJDBCTestCase.runBareOverridable(BaseJDBCTestCase.java:424)
    org.apache.derbyTesting.junit.BaseJDBCTestCase.runBare(BaseJDBCTestCase.java:441)
    junit.framework.TestResult$1.protect(TestResult.java:110)
    junit.framework.TestResult.runProtected(TestResult.java:128)
    junit.framework.TestResult.run(TestResult.java:113)
    junit.framework.TestCase.run(TestCase.java:124)
    junit.textui.TestRunner.doRun(TestRunner.java:116)
    junit.textui.TestRunner.runSingleMethod(TestRunner.java:189)
    junit.textui.TestRunner.start(TestRunner.java:178)
    edu.washington.cs.dt.util.TestRunnerWrapper.main(TestRunnerWrapper.java:53)

org.apache.derbyTesting.functionTests.tests.derbynet.NetworkServerControlApiTest.test_03_Ping : ERROR : 271ms
    org.apache.derby.impl.drda.NetworkServerControlImpl.consolePropertyMessageWork(Unknown Source)
    org.apache.derby.impl.drda.NetworkServerControlImpl.consolePropertyMessage(Unknown Source)
    org.apache.derby.impl.drda.NetworkServerControlImpl.setUpSocket(Unknown Source)
    org.apache.derby.impl.drda.NetworkServerControlImpl.ping(Unknown Source)
    org.apache.derby.drda.NetworkServerControl.ping(Unknown Source)
    org.apache.derbyTesting.functionTests.tests.derbynet.NetworkServerControlApiTest.test_03_Ping(NetworkServerControlApiTest.java:180)
    sun.reflect.NativeMethodAccessorImpl.invoke0(Native Method)
    sun.reflect.NativeMethodAccessorImpl.invoke(NativeMethodAccessorImpl.java:57)
    sun.reflect.DelegatingMethodAccessorImpl.invoke(DelegatingMethodAccessorImpl.java:43)
    java.lang.reflect.Method.invoke(Method.java:601)
    junit.framework.TestCase.runTest(TestCase.java:168)
    junit.framework.TestCase.runBare(TestCase.java:134)
    org.apache.derbyTesting.junit.BaseTestCase.runBare(BaseTestCase.java:113)
    org.apache.derbyTesting.junit.BaseJDBCTestCase.runBareOverridable(BaseJDBCTestCase.java:424)
    org.apache.derbyTesting.junit.BaseJDBCTestCase.runBare(BaseJDBCTestCase.java:441)
    junit.framework.TestResult$1.protect(TestResult.java:110)
    junit.framework.TestResult.runProtected(TestResult.java:128)
    junit.framework.TestResult.run(TestResult.java:113)
    junit.framework.TestCase.run(TestCase.java:124)
    junit.textui.TestRunner.doRun(TestRunner.java:116)
    junit.textui.TestRunner.runSingleMethod(TestRunner.java:189)
    junit.textui.TestRunner.start(TestRunner.java:178)
    edu.washington.cs.dt.util.TestRunnerWrapper.main(TestRunnerWrapper.java:53)

org.apache.derbyTesting.functionTests.tests.derbynet.NetworkServerControlClientCommandTest.testPingWithoutArgs : FAILURE : 708ms
    junit.framework.Assert.fail(Assert.java:47)
    junit.framework.Assert.failNotEquals(Assert.java:277)
    junit.framework.Assert.assertEquals(Assert.java:64)
    junit.framework.Assert.assertEquals(Assert.java:195)
    org.apache.derbyTesting.junit.BaseTestCase.assertExecJavaCmdAsExpected(BaseTestCase.java:513)
    org.apache.derbyTesting.functionTests.tests.derbynet.NetworkServerControlClientCommandTest.assertSuccessfulPing(NetworkServerControlClientCommandTest.java:135)
    org.apache.derbyTesting.functionTests.tests.derbynet.NetworkServerControlClientCommandTest.testPingWithoutArgs(NetworkServerControlClientCommandTest.java:55)
    sun.reflect.NativeMethodAccessorImpl.invoke0(Native Method)
    sun.reflect.NativeMethodAccessorImpl.invoke(NativeMethodAccessorImpl.java:57)
    sun.reflect.DelegatingMethodAccessorImpl.invoke(DelegatingMethodAccessorImpl.java:43)
    java.lang.reflect.Method.invoke(Method.java:601)
    junit.framework.TestCase.runTest(TestCase.java:168)
    junit.framework.TestCase.runBare(TestCase.java:134)
    org.apache.derbyTesting.junit.BaseTestCase.runBare(BaseTestCase.java:113)
    org.apache.derbyTesting.junit.BaseJDBCTestCase.runBareOverridable(BaseJDBCTestCase.java:424)
    org.apache.derbyTesting.junit.BaseJDBCTestCase.runBare(BaseJDBCTestCase.java:441)
    junit.framework.TestResult$1.protect(TestResult.java:110)
    junit.framework.TestResult.runProtected(TestResult.java:128)
    junit.framework.TestResult.run(TestResult.java:113)
    junit.framework.TestCase.run(TestCase.java:124)
    junit.textui.TestRunner.doRun(TestRunner.java:116)
    junit.textui.TestRunner.runSingleMethod(TestRunner.java:189)
    junit.textui.TestRunner.start(TestRunner.java:178)
    edu.washington.cs.dt.util.TestRunnerWrapper.main(TestRunnerWrapper.java:53)

org.apache.derbyTesting.functionTests.tests.derbynet.NetworkServerControlClientCommandTest.testPingWithDefinedHost : FAILURE : 745ms
    junit.framework.Assert.fail(Assert.java:47)
    junit.framework.Assert.failNotEquals(Assert.java:277)
    junit.framework.Assert.assertEquals(Assert.java:64)
    junit.framework.Assert.assertEquals(Assert.java:195)
    org.apache.derbyTesting.junit.BaseTestCase.assertExecJavaCmdAsExpected(BaseTestCase.java:513)
    org.apache.derbyTesting.functionTests.tests.derbynet.NetworkServerControlClientCommandTest.assertSuccessfulPing(NetworkServerControlClientCommandTest.java:135)
    org.apache.derbyTesting.functionTests.tests.derbynet.NetworkServerControlClientCommandTest.testPingWithDefinedHost(NetworkServerControlClientCommandTest.java:91)
    sun.reflect.NativeMethodAccessorImpl.invoke0(Native Method)
    sun.reflect.NativeMethodAccessorImpl.invoke(NativeMethodAccessorImpl.java:57)
    sun.reflect.DelegatingMethodAccessorImpl.invoke(DelegatingMethodAccessorImpl.java:43)
    java.lang.reflect.Method.invoke(Method.java:601)
    junit.framework.TestCase.runTest(TestCase.java:168)
    junit.framework.TestCase.runBare(TestCase.java:134)
    org.apache.derbyTesting.junit.BaseTestCase.runBare(BaseTestCase.java:113)
    org.apache.derbyTesting.junit.BaseJDBCTestCase.runBareOverridable(BaseJDBCTestCase.java:424)
    org.apache.derbyTesting.junit.BaseJDBCTestCase.runBare(BaseJDBCTestCase.java:441)
    junit.framework.TestResult$1.protect(TestResult.java:110)
    junit.framework.TestResult.runProtected(TestResult.java:128)
    junit.framework.TestResult.run(TestResult.java:113)
    junit.framework.TestCase.run(TestCase.java:124)
    junit.textui.TestRunner.doRun(TestRunner.java:116)
    junit.textui.TestRunner.runSingleMethod(TestRunner.java:189)
    junit.textui.TestRunner.start(TestRunner.java:178)
    edu.washington.cs.dt.util.TestRunnerWrapper.main(TestRunnerWrapper.java:53)

org.apache.derbyTesting.functionTests.tests.derbynet.NetworkServerControlClientCommandTest.testPingWithDefinedHostAndPort : FAILURE : 708ms
    junit.framework.Assert.fail(Assert.java:47)
    junit.framework.Assert.failNotEquals(Assert.java:277)
    junit.framework.Assert.assertEquals(Assert.java:64)
    junit.framework.Assert.assertEquals(Assert.java:195)
    org.apache.derbyTesting.junit.BaseTestCase.assertExecJavaCmdAsExpected(BaseTestCase.java:513)
    org.apache.derbyTesting.functionTests.tests.derbynet.NetworkServerControlClientCommandTest.assertSuccessfulPing(NetworkServerControlClientCommandTest.java:135)
    org.apache.derbyTesting.functionTests.tests.derbynet.NetworkServerControlClientCommandTest.testPingWithDefinedHostAndPort(NetworkServerControlClientCommandTest.java:103)
    sun.reflect.NativeMethodAccessorImpl.invoke0(Native Method)
    sun.reflect.NativeMethodAccessorImpl.invoke(NativeMethodAccessorImpl.java:57)
    sun.reflect.DelegatingMethodAccessorImpl.invoke(DelegatingMethodAccessorImpl.java:43)
    java.lang.reflect.Method.invoke(Method.java:601)
    junit.framework.TestCase.runTest(TestCase.java:168)
    junit.framework.TestCase.runBare(TestCase.java:134)
    org.apache.derbyTesting.junit.BaseTestCase.runBare(BaseTestCase.java:113)
    org.apache.derbyTesting.junit.BaseJDBCTestCase.runBareOverridable(BaseJDBCTestCase.java:424)
    org.apache.derbyTesting.junit.BaseJDBCTestCase.runBare(BaseJDBCTestCase.java:441)
    junit.framework.TestResult$1.protect(TestResult.java:110)
    junit.framework.TestResult.runProtected(TestResult.java:128)
    junit.framework.TestResult.run(TestResult.java:113)
    junit.framework.TestCase.run(TestCase.java:124)
    junit.textui.TestRunner.doRun(TestRunner.java:116)
    junit.textui.TestRunner.runSingleMethod(TestRunner.java:189)
    junit.textui.TestRunner.start(TestRunner.java:178)
    edu.washington.cs.dt.util.TestRunnerWrapper.main(TestRunnerWrapper.java:53)

org.apache.derbyTesting.functionTests.tests.derbynet.NetworkServerControlClientCommandTest.testPingWithWrongHost : PASS : 665ms
org.apache.derbyTesting.functionTests.tests.derbynet.NetworkServerControlClientCommandTest.testPingWithBogusPort : PASS : 673ms
org.apache.derbyTesting.functionTests.tests.derbynet.OutBufferedStreamTest.testOutBufferStream : PASS : 1073ms
org.apache.derbyTesting.functionTests.tests.derbynet.PrepareStatementTest.testBasicPrepare : ERROR : 1220ms
    org.apache.derby.impl.jdbc.SQLExceptionFactory40.getSQLException(Unknown Source)
    org.apache.derby.impl.jdbc.Util.generateCsSQLException(Unknown Source)
    org.apache.derby.impl.jdbc.TransactionResourceImpl.wrapInSQLException(Unknown Source)
    org.apache.derby.impl.jdbc.TransactionResourceImpl.handleException(Unknown Source)
    org.apache.derby.impl.jdbc.EmbedConnection.handleException(Unknown Source)
    org.apache.derby.impl.jdbc.ConnectionChild.handleException(Unknown Source)
    org.apache.derby.impl.jdbc.EmbedStatement.executeStatement(Unknown Source)
    org.apache.derby.impl.jdbc.EmbedPreparedStatement.executeStatement(Unknown Source)
    org.apache.derby.impl.jdbc.EmbedPreparedStatement.executeUpdate(Unknown Source)
    org.apache.derbyTesting.junit.BaseJDBCTestCase.assertUpdateCount(BaseJDBCTestCase.java:1293)
    org.apache.derbyTesting.functionTests.tests.derbynet.PrepareStatementTest.testBasicPrepare(PrepareStatementTest.java:98)
    sun.reflect.NativeMethodAccessorImpl.invoke0(Native Method)
    sun.reflect.NativeMethodAccessorImpl.invoke(NativeMethodAccessorImpl.java:57)
    sun.reflect.DelegatingMethodAccessorImpl.invoke(DelegatingMethodAccessorImpl.java:43)
    java.lang.reflect.Method.invoke(Method.java:601)
    junit.framework.TestCase.runTest(TestCase.java:168)
    junit.framework.TestCase.runBare(TestCase.java:134)
    org.apache.derbyTesting.junit.BaseTestCase.runBare(BaseTestCase.java:113)
    org.apache.derbyTesting.junit.BaseJDBCTestCase.runBareOverridable(BaseJDBCTestCase.java:424)
    org.apache.derbyTesting.junit.BaseJDBCTestCase.runBare(BaseJDBCTestCase.java:441)
    junit.framework.TestResult$1.protect(TestResult.java:110)
    junit.framework.TestResult.runProtected(TestResult.java:128)
    junit.framework.TestResult.run(TestResult.java:113)
    junit.framework.TestCase.run(TestCase.java:124)
    junit.textui.TestRunner.doRun(TestRunner.java:116)
    junit.textui.TestRunner.runSingleMethod(TestRunner.java:189)
    junit.textui.TestRunner.start(TestRunner.java:178)
    edu.washington.cs.dt.util.TestRunnerWrapper.main(TestRunnerWrapper.java:53)

org.apache.derbyTesting.functionTests.tests.derbynet.PrepareStatementTest.testBigDecimalSetObject : ERROR : 1273ms
    org.apache.derby.impl.jdbc.SQLExceptionFactory40.getSQLException(Unknown Source)
    org.apache.derby.impl.jdbc.Util.generateCsSQLException(Unknown Source)
    org.apache.derby.impl.jdbc.TransactionResourceImpl.wrapInSQLException(Unknown Source)
    org.apache.derby.impl.jdbc.TransactionResourceImpl.handleException(Unknown Source)
    org.apache.derby.impl.jdbc.EmbedConnection.handleException(Unknown Source)
    org.apache.derby.impl.jdbc.ConnectionChild.handleException(Unknown Source)
    org.apache.derby.impl.jdbc.EmbedStatement.executeStatement(Unknown Source)
    org.apache.derby.impl.jdbc.EmbedStatement.execute(Unknown Source)
    org.apache.derby.impl.jdbc.EmbedStatement.executeUpdate(Unknown Source)
    org.apache.derbyTesting.junit.BaseJDBCTestCase.assertUpdateCount(BaseJDBCTestCase.java:1271)
    org.apache.derbyTesting.functionTests.tests.derbynet.PrepareStatementTest.testBigDecimalSetObject(PrepareStatementTest.java:459)
    sun.reflect.NativeMethodAccessorImpl.invoke0(Native Method)
    sun.reflect.NativeMethodAccessorImpl.invoke(NativeMethodAccessorImpl.java:57)
    sun.reflect.DelegatingMethodAccessorImpl.invoke(DelegatingMethodAccessorImpl.java:43)
    java.lang.reflect.Method.invoke(Method.java:601)
    junit.framework.TestCase.runTest(TestCase.java:168)
    junit.framework.TestCase.runBare(TestCase.java:134)
    org.apache.derbyTesting.junit.BaseTestCase.runBare(BaseTestCase.java:113)
    org.apache.derbyTesting.junit.BaseJDBCTestCase.runBareOverridable(BaseJDBCTestCase.java:424)
    org.apache.derbyTesting.junit.BaseJDBCTestCase.runBare(BaseJDBCTestCase.java:441)
    junit.framework.TestResult$1.protect(TestResult.java:110)
    junit.framework.TestResult.runProtected(TestResult.java:128)
    junit.framework.TestResult.run(TestResult.java:113)
    junit.framework.TestCase.run(TestCase.java:124)
    junit.textui.TestRunner.doRun(TestRunner.java:116)
    junit.textui.TestRunner.runSingleMethod(TestRunner.java:189)
    junit.textui.TestRunner.start(TestRunner.java:178)
    edu.washington.cs.dt.util.TestRunnerWrapper.main(TestRunnerWrapper.java:53)

org.apache.derbyTesting.functionTests.tests.derbynet.PrepareStatementTest.testParameterTypes : ERROR : 1348ms
    org.apache.derby.impl.jdbc.SQLExceptionFactory40.getSQLException(Unknown Source)
    org.apache.derby.impl.jdbc.Util.generateCsSQLException(Unknown Source)
    org.apache.derby.impl.jdbc.TransactionResourceImpl.wrapInSQLException(Unknown Source)
    org.apache.derby.impl.jdbc.TransactionResourceImpl.handleException(Unknown Source)
    org.apache.derby.impl.jdbc.EmbedConnection.handleException(Unknown Source)
    org.apache.derby.impl.jdbc.ConnectionChild.handleException(Unknown Source)
    org.apache.derby.impl.jdbc.EmbedStatement.executeStatement(Unknown Source)
    org.apache.derby.impl.jdbc.EmbedPreparedStatement.executeStatement(Unknown Source)
    org.apache.derby.impl.jdbc.EmbedPreparedStatement.executeUpdate(Unknown Source)
    org.apache.derbyTesting.junit.BaseJDBCTestCase.assertUpdateCount(BaseJDBCTestCase.java:1293)
    org.apache.derbyTesting.functionTests.tests.derbynet.PrepareStatementTest.testParameterTypes(PrepareStatementTest.java:181)
    sun.reflect.NativeMethodAccessorImpl.invoke0(Native Method)
    sun.reflect.NativeMethodAccessorImpl.invoke(NativeMethodAccessorImpl.java:57)
    sun.reflect.DelegatingMethodAccessorImpl.invoke(DelegatingMethodAccessorImpl.java:43)
    java.lang.reflect.Method.invoke(Method.java:601)
    junit.framework.TestCase.runTest(TestCase.java:168)
    junit.framework.TestCase.runBare(TestCase.java:134)
    org.apache.derbyTesting.junit.BaseTestCase.runBare(BaseTestCase.java:113)
    org.apache.derbyTesting.junit.BaseJDBCTestCase.runBareOverridable(BaseJDBCTestCase.java:424)
    org.apache.derbyTesting.junit.BaseJDBCTestCase.runBare(BaseJDBCTestCase.java:441)
    junit.framework.TestResult$1.protect(TestResult.java:110)
    junit.framework.TestResult.runProtected(TestResult.java:128)
    junit.framework.TestResult.run(TestResult.java:113)
    junit.framework.TestCase.run(TestCase.java:124)
    junit.textui.TestRunner.doRun(TestRunner.java:116)
    junit.textui.TestRunner.runSingleMethod(TestRunner.java:189)
    junit.textui.TestRunner.start(TestRunner.java:178)
    edu.washington.cs.dt.util.TestRunnerWrapper.main(TestRunnerWrapper.java:53)

org.apache.derbyTesting.functionTests.tests.derbynet.PrepareStatementTest.testBigTable : ERROR : 1373ms
    org.apache.derby.impl.jdbc.SQLExceptionFactory40.getSQLException(Unknown Source)
    org.apache.derby.impl.jdbc.Util.generateCsSQLException(Unknown Source)
    org.apache.derby.impl.jdbc.TransactionResourceImpl.wrapInSQLException(Unknown Source)
    org.apache.derby.impl.jdbc.TransactionResourceImpl.handleException(Unknown Source)
    org.apache.derby.impl.jdbc.EmbedConnection.handleException(Unknown Source)
    org.apache.derby.impl.jdbc.ConnectionChild.handleException(Unknown Source)
    org.apache.derby.impl.jdbc.EmbedStatement.executeStatement(Unknown Source)
    org.apache.derby.impl.jdbc.EmbedPreparedStatement.executeStatement(Unknown Source)
    org.apache.derby.impl.jdbc.EmbedPreparedStatement.executeUpdate(Unknown Source)
    org.apache.derbyTesting.junit.BaseJDBCTestCase.assertUpdateCount(BaseJDBCTestCase.java:1293)
    org.apache.derbyTesting.functionTests.tests.derbynet.PrepareStatementTest.testBigTable(PrepareStatementTest.java:341)
    sun.reflect.NativeMethodAccessorImpl.invoke0(Native Method)
    sun.reflect.NativeMethodAccessorImpl.invoke(NativeMethodAccessorImpl.java:57)
    sun.reflect.DelegatingMethodAccessorImpl.invoke(DelegatingMethodAccessorImpl.java:43)
    java.lang.reflect.Method.invoke(Method.java:601)
    junit.framework.TestCase.runTest(TestCase.java:168)
    junit.framework.TestCase.runBare(TestCase.java:134)
    org.apache.derbyTesting.junit.BaseTestCase.runBare(BaseTestCase.java:113)
    org.apache.derbyTesting.junit.BaseJDBCTestCase.runBareOverridable(BaseJDBCTestCase.java:424)
    org.apache.derbyTesting.junit.BaseJDBCTestCase.runBare(BaseJDBCTestCase.java:441)
    junit.framework.TestResult$1.protect(TestResult.java:110)
    junit.framework.TestResult.runProtected(TestResult.java:128)
    junit.framework.TestResult.run(TestResult.java:113)
    junit.framework.TestCase.run(TestCase.java:124)
    junit.textui.TestRunner.doRun(TestRunner.java:116)
    junit.textui.TestRunner.runSingleMethod(TestRunner.java:189)
    junit.textui.TestRunner.start(TestRunner.java:178)
    edu.washington.cs.dt.util.TestRunnerWrapper.main(TestRunnerWrapper.java:53)

org.apache.derbyTesting.functionTests.tests.derbynet.PrepareStatementTest.testManyPreparedStatements : PASS : 1333ms
org.apache.derbyTesting.functionTests.tests.derbynet.PrepareStatementTest.testInvalidTimestamp : ERROR : 1223ms
    org.apache.derby.impl.jdbc.SQLExceptionFactory40.getSQLException(Unknown Source)
    org.apache.derby.impl.jdbc.Util.generateCsSQLException(Unknown Source)
    org.apache.derby.impl.jdbc.TransactionResourceImpl.wrapInSQLException(Unknown Source)
    org.apache.derby.impl.jdbc.TransactionResourceImpl.handleException(Unknown Source)
    org.apache.derby.impl.jdbc.EmbedConnection.handleException(Unknown Source)
    org.apache.derby.impl.jdbc.ConnectionChild.handleException(Unknown Source)
    org.apache.derby.impl.jdbc.EmbedStatement.executeStatement(Unknown Source)
    org.apache.derby.impl.jdbc.EmbedStatement.execute(Unknown Source)
    org.apache.derby.impl.jdbc.EmbedStatement.executeUpdate(Unknown Source)
    org.apache.derbyTesting.junit.BaseJDBCTestCase.assertUpdateCount(BaseJDBCTestCase.java:1271)
    org.apache.derbyTesting.functionTests.tests.derbynet.PrepareStatementTest.testInvalidTimestamp(PrepareStatementTest.java:649)
    sun.reflect.NativeMethodAccessorImpl.invoke0(Native Method)
    sun.reflect.NativeMethodAccessorImpl.invoke(NativeMethodAccessorImpl.java:57)
    sun.reflect.DelegatingMethodAccessorImpl.invoke(DelegatingMethodAccessorImpl.java:43)
    java.lang.reflect.Method.invoke(Method.java:601)
    junit.framework.TestCase.runTest(TestCase.java:168)
    junit.framework.TestCase.runBare(TestCase.java:134)
    org.apache.derbyTesting.junit.BaseTestCase.runBare(BaseTestCase.java:113)
    org.apache.derbyTesting.junit.BaseJDBCTestCase.runBareOverridable(BaseJDBCTestCase.java:424)
    org.apache.derbyTesting.junit.BaseJDBCTestCase.runBare(BaseJDBCTestCase.java:441)
    junit.framework.TestResult$1.protect(TestResult.java:110)
    junit.framework.TestResult.runProtected(TestResult.java:128)
    junit.framework.TestResult.run(TestResult.java:113)
    junit.framework.TestCase.run(TestCase.java:124)
    junit.textui.TestRunner.doRun(TestRunner.java:116)
    junit.textui.TestRunner.runSingleMethod(TestRunner.java:189)
    junit.textui.TestRunner.start(TestRunner.java:178)
    edu.washington.cs.dt.util.TestRunnerWrapper.main(TestRunnerWrapper.java:53)

org.apache.derbyTesting.functionTests.tests.derbynet.PrepareStatementTest.testSplitQRYDTABlock : ERROR : 1293ms
    org.apache.derby.impl.jdbc.SQLExceptionFactory40.getSQLException(Unknown Source)
    org.apache.derby.impl.jdbc.Util.generateCsSQLException(Unknown Source)
    org.apache.derby.impl.jdbc.TransactionResourceImpl.wrapInSQLException(Unknown Source)
    org.apache.derby.impl.jdbc.TransactionResourceImpl.handleException(Unknown Source)
    org.apache.derby.impl.jdbc.EmbedConnection.handleException(Unknown Source)
    org.apache.derby.impl.jdbc.ConnectionChild.handleException(Unknown Source)
    org.apache.derby.impl.jdbc.EmbedStatement.executeStatement(Unknown Source)
    org.apache.derby.impl.jdbc.EmbedPreparedStatement.executeStatement(Unknown Source)
    org.apache.derby.impl.jdbc.EmbedPreparedStatement.executeUpdate(Unknown Source)
    org.apache.derbyTesting.junit.BaseJDBCTestCase.assertUpdateCount(BaseJDBCTestCase.java:1293)
    org.apache.derbyTesting.functionTests.tests.derbynet.PrepareStatementTest.testSplitQRYDTABlock(PrepareStatementTest.java:714)
    sun.reflect.NativeMethodAccessorImpl.invoke0(Native Method)
    sun.reflect.NativeMethodAccessorImpl.invoke(NativeMethodAccessorImpl.java:57)
    sun.reflect.DelegatingMethodAccessorImpl.invoke(DelegatingMethodAccessorImpl.java:43)
    java.lang.reflect.Method.invoke(Method.java:601)
    junit.framework.TestCase.runTest(TestCase.java:168)
    junit.framework.TestCase.runBare(TestCase.java:134)
    org.apache.derbyTesting.junit.BaseTestCase.runBare(BaseTestCase.java:113)
    org.apache.derbyTesting.junit.BaseJDBCTestCase.runBareOverridable(BaseJDBCTestCase.java:424)
    org.apache.derbyTesting.junit.BaseJDBCTestCase.runBare(BaseJDBCTestCase.java:441)
    junit.framework.TestResult$1.protect(TestResult.java:110)
    junit.framework.TestResult.runProtected(TestResult.java:128)
    junit.framework.TestResult.run(TestResult.java:113)
    junit.framework.TestCase.run(TestCase.java:124)
    junit.textui.TestRunner.doRun(TestRunner.java:116)
    junit.textui.TestRunner.runSingleMethod(TestRunner.java:189)
    junit.textui.TestRunner.start(TestRunner.java:178)
    edu.washington.cs.dt.util.TestRunnerWrapper.main(TestRunnerWrapper.java:53)

org.apache.derbyTesting.functionTests.tests.derbynet.PrepareStatementTest.testExcpetionWithBigParameter : PASS : 1217ms
org.apache.derbyTesting.functionTests.tests.derbynet.PrepareStatementTest.testLargeReplies : ERROR : 1185ms
    org.apache.derby.impl.jdbc.SQLExceptionFactory40.getSQLException(Unknown Source)
    org.apache.derby.impl.jdbc.Util.generateCsSQLException(Unknown Source)
    org.apache.derby.impl.jdbc.TransactionResourceImpl.wrapInSQLException(Unknown Source)
    org.apache.derby.impl.jdbc.TransactionResourceImpl.handleException(Unknown Source)
    org.apache.derby.impl.jdbc.EmbedConnection.handleException(Unknown Source)
    org.apache.derby.impl.jdbc.ConnectionChild.handleException(Unknown Source)
    org.apache.derby.impl.jdbc.EmbedStatement.executeStatement(Unknown Source)
    org.apache.derby.impl.jdbc.EmbedStatement.execute(Unknown Source)
    org.apache.derby.impl.jdbc.EmbedStatement.execute(Unknown Source)
    org.apache.derbyTesting.functionTests.tests.derbynet.PrepareStatementTest.jira125Test_a(PrepareStatementTest.java:862)
    org.apache.derbyTesting.functionTests.tests.derbynet.PrepareStatementTest.testLargeReplies(PrepareStatementTest.java:835)
    sun.reflect.NativeMethodAccessorImpl.invoke0(Native Method)
    sun.reflect.NativeMethodAccessorImpl.invoke(NativeMethodAccessorImpl.java:57)
    sun.reflect.DelegatingMethodAccessorImpl.invoke(DelegatingMethodAccessorImpl.java:43)
    java.lang.reflect.Method.invoke(Method.java:601)
    junit.framework.TestCase.runTest(TestCase.java:168)
    junit.framework.TestCase.runBare(TestCase.java:134)
    org.apache.derbyTesting.junit.BaseTestCase.runBare(BaseTestCase.java:113)
    org.apache.derbyTesting.junit.BaseJDBCTestCase.runBareOverridable(BaseJDBCTestCase.java:424)
    org.apache.derbyTesting.junit.BaseJDBCTestCase.runBare(BaseJDBCTestCase.java:441)
    junit.framework.TestResult$1.protect(TestResult.java:110)
    junit.framework.TestResult.runProtected(TestResult.java:128)
    junit.framework.TestResult.run(TestResult.java:113)
    junit.framework.TestCase.run(TestCase.java:124)
    junit.textui.TestRunner.doRun(TestRunner.java:116)
    junit.textui.TestRunner.runSingleMethod(TestRunner.java:189)
    junit.textui.TestRunner.start(TestRunner.java:178)
    edu.washington.cs.dt.util.TestRunnerWrapper.main(TestRunnerWrapper.java:53)

org.apache.derbyTesting.functionTests.tests.derbynet.PrepareStatementTest.testAlternatingLobValuesAndNull : ERROR : 1367ms
    org.apache.derby.impl.jdbc.SQLExceptionFactory40.getSQLException(Unknown Source)
    org.apache.derby.impl.jdbc.Util.generateCsSQLException(Unknown Source)
    org.apache.derby.impl.jdbc.TransactionResourceImpl.wrapInSQLException(Unknown Source)
    org.apache.derby.impl.jdbc.TransactionResourceImpl.handleException(Unknown Source)
    org.apache.derby.impl.jdbc.EmbedConnection.handleException(Unknown Source)
    org.apache.derby.impl.jdbc.ConnectionChild.handleException(Unknown Source)
    org.apache.derby.impl.jdbc.EmbedStatement.executeStatement(Unknown Source)
    org.apache.derby.impl.jdbc.EmbedStatement.execute(Unknown Source)
    org.apache.derby.impl.jdbc.EmbedStatement.execute(Unknown Source)
    org.apache.derbyTesting.functionTests.tests.derbynet.PrepareStatementTest.testAlternatingLobValuesAndNull(PrepareStatementTest.java:926)
    sun.reflect.NativeMethodAccessorImpl.invoke0(Native Method)
    sun.reflect.NativeMethodAccessorImpl.invoke(NativeMethodAccessorImpl.java:57)
    sun.reflect.DelegatingMethodAccessorImpl.invoke(DelegatingMethodAccessorImpl.java:43)
    java.lang.reflect.Method.invoke(Method.java:601)
    junit.framework.TestCase.runTest(TestCase.java:168)
    junit.framework.TestCase.runBare(TestCase.java:134)
    org.apache.derbyTesting.junit.BaseTestCase.runBare(BaseTestCase.java:113)
    org.apache.derbyTesting.junit.BaseJDBCTestCase.runBareOverridable(BaseJDBCTestCase.java:424)
    org.apache.derbyTesting.junit.BaseJDBCTestCase.runBare(BaseJDBCTestCase.java:441)
    junit.framework.TestResult$1.protect(TestResult.java:110)
    junit.framework.TestResult.runProtected(TestResult.java:128)
    junit.framework.TestResult.run(TestResult.java:113)
    junit.framework.TestCase.run(TestCase.java:124)
    junit.textui.TestRunner.doRun(TestRunner.java:116)
    junit.textui.TestRunner.runSingleMethod(TestRunner.java:189)
    junit.textui.TestRunner.start(TestRunner.java:178)
    edu.washington.cs.dt.util.TestRunnerWrapper.main(TestRunnerWrapper.java:53)

org.apache.derbyTesting.functionTests.tests.derbynet.PrepareStatementTest.testLargeBatch : ERROR : 1369ms
    org.apache.derby.impl.jdbc.SQLExceptionFactory40.getSQLException(Unknown Source)
    org.apache.derby.impl.jdbc.Util.generateCsSQLException(Unknown Source)
    org.apache.derby.impl.jdbc.TransactionResourceImpl.wrapInSQLException(Unknown Source)
    org.apache.derby.impl.jdbc.TransactionResourceImpl.handleException(Unknown Source)
    org.apache.derby.impl.jdbc.EmbedConnection.handleException(Unknown Source)
    org.apache.derby.impl.jdbc.ConnectionChild.handleException(Unknown Source)
    org.apache.derby.impl.jdbc.EmbedStatement.executeStatement(Unknown Source)
    org.apache.derby.impl.jdbc.EmbedStatement.execute(Unknown Source)
    org.apache.derby.impl.jdbc.EmbedStatement.execute(Unknown Source)
    org.apache.derbyTesting.functionTests.tests.derbynet.PrepareStatementTest.testLargeBatch(PrepareStatementTest.java:1006)
    sun.reflect.NativeMethodAccessorImpl.invoke0(Native Method)
    sun.reflect.NativeMethodAccessorImpl.invoke(NativeMethodAccessorImpl.java:57)
    sun.reflect.DelegatingMethodAccessorImpl.invoke(DelegatingMethodAccessorImpl.java:43)
    java.lang.reflect.Method.invoke(Method.java:601)
    junit.framework.TestCase.runTest(TestCase.java:168)
    junit.framework.TestCase.runBare(TestCase.java:134)
    org.apache.derbyTesting.junit.BaseTestCase.runBare(BaseTestCase.java:113)
    org.apache.derbyTesting.junit.BaseJDBCTestCase.runBareOverridable(BaseJDBCTestCase.java:424)
    org.apache.derbyTesting.junit.BaseJDBCTestCase.runBare(BaseJDBCTestCase.java:441)
    junit.framework.TestResult$1.protect(TestResult.java:110)
    junit.framework.TestResult.runProtected(TestResult.java:128)
    junit.framework.TestResult.run(TestResult.java:113)
    junit.framework.TestCase.run(TestCase.java:124)
    junit.textui.TestRunner.doRun(TestRunner.java:116)
    junit.textui.TestRunner.runSingleMethod(TestRunner.java:189)
    junit.textui.TestRunner.start(TestRunner.java:178)
    edu.washington.cs.dt.util.TestRunnerWrapper.main(TestRunnerWrapper.java:53)

org.apache.derbyTesting.functionTests.tests.derbynet.PrepareStatementTest.testDSSLength : ERROR : 1317ms
    org.apache.derby.impl.jdbc.SQLExceptionFactory40.getSQLException(Unknown Source)
    org.apache.derby.impl.jdbc.Util.generateCsSQLException(Unknown Source)
    org.apache.derby.impl.jdbc.TransactionResourceImpl.wrapInSQLException(Unknown Source)
    org.apache.derby.impl.jdbc.TransactionResourceImpl.handleException(Unknown Source)
    org.apache.derby.impl.jdbc.EmbedConnection.handleException(Unknown Source)
    org.apache.derby.impl.jdbc.ConnectionChild.handleException(Unknown Source)
    org.apache.derby.impl.jdbc.EmbedStatement.executeStatement(Unknown Source)
    org.apache.derby.impl.jdbc.EmbedStatement.execute(Unknown Source)
    org.apache.derby.impl.jdbc.EmbedStatement.execute(Unknown Source)
    org.apache.derbyTesting.functionTests.tests.derbynet.PrepareStatementTest.testDSSLength(PrepareStatementTest.java:1059)
    sun.reflect.NativeMethodAccessorImpl.invoke0(Native Method)
    sun.reflect.NativeMethodAccessorImpl.invoke(NativeMethodAccessorImpl.java:57)
    sun.reflect.DelegatingMethodAccessorImpl.invoke(DelegatingMethodAccessorImpl.java:43)
    java.lang.reflect.Method.invoke(Method.java:601)
    junit.framework.TestCase.runTest(TestCase.java:168)
    junit.framework.TestCase.runBare(TestCase.java:134)
    org.apache.derbyTesting.junit.BaseTestCase.runBare(BaseTestCase.java:113)
    org.apache.derbyTesting.junit.BaseJDBCTestCase.runBareOverridable(BaseJDBCTestCase.java:424)
    org.apache.derbyTesting.junit.BaseJDBCTestCase.runBare(BaseJDBCTestCase.java:441)
    junit.framework.TestResult$1.protect(TestResult.java:110)
    junit.framework.TestResult.runProtected(TestResult.java:128)
    junit.framework.TestResult.run(TestResult.java:113)
    junit.framework.TestCase.run(TestCase.java:124)
    junit.textui.TestRunner.doRun(TestRunner.java:116)
    junit.textui.TestRunner.runSingleMethod(TestRunner.java:189)
    junit.textui.TestRunner.start(TestRunner.java:178)
    edu.washington.cs.dt.util.TestRunnerWrapper.main(TestRunnerWrapper.java:53)

org.apache.derbyTesting.functionTests.tests.derbynet.PrepareStatementTest.testVariationOfSetObject : ERROR : 1431ms
    org.apache.derby.impl.jdbc.SQLExceptionFactory40.getSQLException(Unknown Source)
    org.apache.derby.impl.jdbc.Util.generateCsSQLException(Unknown Source)
    org.apache.derby.impl.jdbc.TransactionResourceImpl.wrapInSQLException(Unknown Source)
    org.apache.derby.impl.jdbc.TransactionResourceImpl.handleException(Unknown Source)
    org.apache.derby.impl.jdbc.EmbedConnection.handleException(Unknown Source)
    org.apache.derby.impl.jdbc.ConnectionChild.handleException(Unknown Source)
    org.apache.derby.impl.jdbc.EmbedStatement.executeStatement(Unknown Source)
    org.apache.derby.impl.jdbc.EmbedStatement.execute(Unknown Source)
    org.apache.derby.impl.jdbc.EmbedStatement.executeUpdate(Unknown Source)
    org.apache.derbyTesting.functionTests.tests.derbynet.PrepareStatementTest.testVariationOfSetObject(PrepareStatementTest.java:1123)
    sun.reflect.NativeMethodAccessorImpl.invoke0(Native Method)
    sun.reflect.NativeMethodAccessorImpl.invoke(NativeMethodAccessorImpl.java:57)
    sun.reflect.DelegatingMethodAccessorImpl.invoke(DelegatingMethodAccessorImpl.java:43)
    java.lang.reflect.Method.invoke(Method.java:601)
    junit.framework.TestCase.runTest(TestCase.java:168)
    junit.framework.TestCase.runBare(TestCase.java:134)
    org.apache.derbyTesting.junit.BaseTestCase.runBare(BaseTestCase.java:113)
    org.apache.derbyTesting.junit.BaseJDBCTestCase.runBareOverridable(BaseJDBCTestCase.java:424)
    org.apache.derbyTesting.junit.BaseJDBCTestCase.runBare(BaseJDBCTestCase.java:441)
    junit.framework.TestResult$1.protect(TestResult.java:110)
    junit.framework.TestResult.runProtected(TestResult.java:128)
    junit.framework.TestResult.run(TestResult.java:113)
    junit.framework.TestCase.run(TestCase.java:124)
    junit.textui.TestRunner.doRun(TestRunner.java:116)
    junit.textui.TestRunner.runSingleMethod(TestRunner.java:189)
    junit.textui.TestRunner.start(TestRunner.java:178)
    edu.washington.cs.dt.util.TestRunnerWrapper.main(TestRunnerWrapper.java:53)

org.apache.derbyTesting.functionTests.tests.derbynet.PrepareStatementTest.testLargeParameters_a : ERROR : 1401ms
    org.apache.derby.impl.jdbc.SQLExceptionFactory40.getSQLException(Unknown Source)
    org.apache.derby.impl.jdbc.Util.generateCsSQLException(Unknown Source)
    org.apache.derby.impl.jdbc.TransactionResourceImpl.wrapInSQLException(Unknown Source)
    org.apache.derby.impl.jdbc.TransactionResourceImpl.handleException(Unknown Source)
    org.apache.derby.impl.jdbc.EmbedConnection.handleException(Unknown Source)
    org.apache.derby.impl.jdbc.ConnectionChild.handleException(Unknown Source)
    org.apache.derby.impl.jdbc.EmbedStatement.executeStatement(Unknown Source)
    org.apache.derby.impl.jdbc.EmbedStatement.execute(Unknown Source)
    org.apache.derby.impl.jdbc.EmbedStatement.execute(Unknown Source)
    org.apache.derbyTesting.functionTests.tests.derbynet.PrepareStatementTest.testLargeParameters_a(PrepareStatementTest.java:1166)
    sun.reflect.NativeMethodAccessorImpl.invoke0(Native Method)
    sun.reflect.NativeMethodAccessorImpl.invoke(NativeMethodAccessorImpl.java:57)
    sun.reflect.DelegatingMethodAccessorImpl.invoke(DelegatingMethodAccessorImpl.java:43)
    java.lang.reflect.Method.invoke(Method.java:601)
    junit.framework.TestCase.runTest(TestCase.java:168)
    junit.framework.TestCase.runBare(TestCase.java:134)
    org.apache.derbyTesting.junit.BaseTestCase.runBare(BaseTestCase.java:113)
    org.apache.derbyTesting.junit.BaseJDBCTestCase.runBareOverridable(BaseJDBCTestCase.java:424)
    org.apache.derbyTesting.junit.BaseJDBCTestCase.runBare(BaseJDBCTestCase.java:441)
    junit.framework.TestResult$1.protect(TestResult.java:110)
    junit.framework.TestResult.runProtected(TestResult.java:128)
    junit.framework.TestResult.run(TestResult.java:113)
    junit.framework.TestCase.run(TestCase.java:124)
    junit.textui.TestRunner.doRun(TestRunner.java:116)
    junit.textui.TestRunner.runSingleMethod(TestRunner.java:189)
    junit.textui.TestRunner.start(TestRunner.java:178)
    edu.washington.cs.dt.util.TestRunnerWrapper.main(TestRunnerWrapper.java:53)

org.apache.derbyTesting.functionTests.tests.derbynet.PrepareStatementTest.testLargeParameters_b : ERROR : 1297ms
    org.apache.derby.impl.jdbc.SQLExceptionFactory40.getSQLException(Unknown Source)
    org.apache.derby.impl.jdbc.Util.generateCsSQLException(Unknown Source)
    org.apache.derby.impl.jdbc.TransactionResourceImpl.wrapInSQLException(Unknown Source)
    org.apache.derby.impl.jdbc.TransactionResourceImpl.handleException(Unknown Source)
    org.apache.derby.impl.jdbc.EmbedConnection.handleException(Unknown Source)
    org.apache.derby.impl.jdbc.ConnectionChild.handleException(Unknown Source)
    org.apache.derby.impl.jdbc.EmbedStatement.executeStatement(Unknown Source)
    org.apache.derby.impl.jdbc.EmbedStatement.execute(Unknown Source)
    org.apache.derby.impl.jdbc.EmbedStatement.execute(Unknown Source)
    org.apache.derbyTesting.functionTests.tests.derbynet.PrepareStatementTest.testLargeParameters_b(PrepareStatementTest.java:1209)
    sun.reflect.NativeMethodAccessorImpl.invoke0(Native Method)
    sun.reflect.NativeMethodAccessorImpl.invoke(NativeMethodAccessorImpl.java:57)
    sun.reflect.DelegatingMethodAccessorImpl.invoke(DelegatingMethodAccessorImpl.java:43)
    java.lang.reflect.Method.invoke(Method.java:601)
    junit.framework.TestCase.runTest(TestCase.java:168)
    junit.framework.TestCase.runBare(TestCase.java:134)
    org.apache.derbyTesting.junit.BaseTestCase.runBare(BaseTestCase.java:113)
    org.apache.derbyTesting.junit.BaseJDBCTestCase.runBareOverridable(BaseJDBCTestCase.java:424)
    org.apache.derbyTesting.junit.BaseJDBCTestCase.runBare(BaseJDBCTestCase.java:441)
    junit.framework.TestResult$1.protect(TestResult.java:110)
    junit.framework.TestResult.runProtected(TestResult.java:128)
    junit.framework.TestResult.run(TestResult.java:113)
    junit.framework.TestCase.run(TestCase.java:124)
    junit.textui.TestRunner.doRun(TestRunner.java:116)
    junit.textui.TestRunner.runSingleMethod(TestRunner.java:189)
    junit.textui.TestRunner.start(TestRunner.java:178)
    edu.washington.cs.dt.util.TestRunnerWrapper.main(TestRunnerWrapper.java:53)

org.apache.derbyTesting.functionTests.tests.derbynet.PrepareStatementTest.testDerby3230 : ERROR : 1342ms
    org.apache.derby.impl.jdbc.SQLExceptionFactory40.getSQLException(Unknown Source)
    org.apache.derby.impl.jdbc.Util.generateCsSQLException(Unknown Source)
    org.apache.derby.impl.jdbc.TransactionResourceImpl.wrapInSQLException(Unknown Source)
    org.apache.derby.impl.jdbc.TransactionResourceImpl.handleException(Unknown Source)
    org.apache.derby.impl.jdbc.EmbedConnection.handleException(Unknown Source)
    org.apache.derby.impl.jdbc.ConnectionChild.handleException(Unknown Source)
    org.apache.derby.impl.jdbc.EmbedStatement.executeStatement(Unknown Source)
    org.apache.derby.impl.jdbc.EmbedStatement.execute(Unknown Source)
    org.apache.derby.impl.jdbc.EmbedStatement.executeUpdate(Unknown Source)
    org.apache.derbyTesting.functionTests.tests.derbynet.PrepareStatementTest.testDerby3230(PrepareStatementTest.java:1258)
    sun.reflect.NativeMethodAccessorImpl.invoke0(Native Method)
    sun.reflect.NativeMethodAccessorImpl.invoke(NativeMethodAccessorImpl.java:57)
    sun.reflect.DelegatingMethodAccessorImpl.invoke(DelegatingMethodAccessorImpl.java:43)
    java.lang.reflect.Method.invoke(Method.java:601)
    junit.framework.TestCase.runTest(TestCase.java:168)
    junit.framework.TestCase.runBare(TestCase.java:134)
    org.apache.derbyTesting.junit.BaseTestCase.runBare(BaseTestCase.java:113)
    org.apache.derbyTesting.junit.BaseJDBCTestCase.runBareOverridable(BaseJDBCTestCase.java:424)
    org.apache.derbyTesting.junit.BaseJDBCTestCase.runBare(BaseJDBCTestCase.java:441)
    junit.framework.TestResult$1.protect(TestResult.java:110)
    junit.framework.TestResult.runProtected(TestResult.java:128)
    junit.framework.TestResult.run(TestResult.java:113)
    junit.framework.TestCase.run(TestCase.java:124)
    junit.textui.TestRunner.doRun(TestRunner.java:116)
    junit.textui.TestRunner.runSingleMethod(TestRunner.java:189)
    junit.textui.TestRunner.start(TestRunner.java:178)
    edu.washington.cs.dt.util.TestRunnerWrapper.main(TestRunnerWrapper.java:53)

org.apache.derbyTesting.functionTests.tests.derbynet.PrepareStatementTest.testReadBlobCloseToMaxDssLength : PASS : 1244ms
org.apache.derbyTesting.functionTests.tests.derbynet.PrepareStatementTest.testLongColumn : ERROR : 1179ms
    org.apache.derby.impl.jdbc.SQLExceptionFactory40.getSQLException(Unknown Source)
    org.apache.derby.impl.jdbc.Util.generateCsSQLException(Unknown Source)
    org.apache.derby.impl.jdbc.TransactionResourceImpl.wrapInSQLException(Unknown Source)
    org.apache.derby.impl.jdbc.TransactionResourceImpl.handleException(Unknown Source)
    org.apache.derby.impl.jdbc.EmbedConnection.handleException(Unknown Source)
    org.apache.derby.impl.jdbc.ConnectionChild.handleException(Unknown Source)
    org.apache.derby.impl.jdbc.EmbedStatement.executeStatement(Unknown Source)
    org.apache.derby.impl.jdbc.EmbedStatement.execute(Unknown Source)
    org.apache.derby.impl.jdbc.EmbedStatement.execute(Unknown Source)
    org.apache.derbyTesting.functionTests.tests.derbynet.PrepareStatementTest.testLongColumn(PrepareStatementTest.java:1419)
    sun.reflect.NativeMethodAccessorImpl.invoke0(Native Method)
    sun.reflect.NativeMethodAccessorImpl.invoke(NativeMethodAccessorImpl.java:57)
    sun.reflect.DelegatingMethodAccessorImpl.invoke(DelegatingMethodAccessorImpl.java:43)
    java.lang.reflect.Method.invoke(Method.java:601)
    junit.framework.TestCase.runTest(TestCase.java:168)
    junit.framework.TestCase.runBare(TestCase.java:134)
    org.apache.derbyTesting.junit.BaseTestCase.runBare(BaseTestCase.java:113)
    org.apache.derbyTesting.junit.BaseJDBCTestCase.runBareOverridable(BaseJDBCTestCase.java:424)
    org.apache.derbyTesting.junit.BaseJDBCTestCase.runBare(BaseJDBCTestCase.java:441)
    junit.framework.TestResult$1.protect(TestResult.java:110)
    junit.framework.TestResult.runProtected(TestResult.java:128)
    junit.framework.TestResult.run(TestResult.java:113)
    junit.framework.TestCase.run(TestCase.java:124)
    junit.textui.TestRunner.doRun(TestRunner.java:116)
    junit.textui.TestRunner.runSingleMethod(TestRunner.java:189)
    junit.textui.TestRunner.start(TestRunner.java:178)
    edu.washington.cs.dt.util.TestRunnerWrapper.main(TestRunnerWrapper.java:53)

org.apache.derbyTesting.functionTests.tests.derbynet.PrepareStatementTest.testBigDecimalSetObjectWithScale : ERROR : 1208ms
    org.apache.derby.impl.jdbc.SQLExceptionFactory40.getSQLException(Unknown Source)
    org.apache.derby.impl.jdbc.Util.generateCsSQLException(Unknown Source)
    org.apache.derby.impl.jdbc.TransactionResourceImpl.wrapInSQLException(Unknown Source)
    org.apache.derby.impl.jdbc.TransactionResourceImpl.handleException(Unknown Source)
    org.apache.derby.impl.jdbc.EmbedConnection.handleException(Unknown Source)
    org.apache.derby.impl.jdbc.ConnectionChild.handleException(Unknown Source)
    org.apache.derby.impl.jdbc.EmbedStatement.executeStatement(Unknown Source)
    org.apache.derby.impl.jdbc.EmbedStatement.execute(Unknown Source)
    org.apache.derby.impl.jdbc.EmbedStatement.executeUpdate(Unknown Source)
    org.apache.derbyTesting.junit.BaseJDBCTestCase.assertUpdateCount(BaseJDBCTestCase.java:1271)
    org.apache.derbyTesting.functionTests.tests.derbynet.PrepareStatementTest.testBigDecimalSetObjectWithScale(PrepareStatementTest.java:508)
    sun.reflect.NativeMethodAccessorImpl.invoke0(Native Method)
    sun.reflect.NativeMethodAccessorImpl.invoke(NativeMethodAccessorImpl.java:57)
    sun.reflect.DelegatingMethodAccessorImpl.invoke(DelegatingMethodAccessorImpl.java:43)
    java.lang.reflect.Method.invoke(Method.java:601)
    junit.framework.TestCase.runTest(TestCase.java:168)
    junit.framework.TestCase.runBare(TestCase.java:134)
    org.apache.derbyTesting.junit.BaseTestCase.runBare(BaseTestCase.java:113)
    org.apache.derbyTesting.junit.BaseJDBCTestCase.runBareOverridable(BaseJDBCTestCase.java:424)
    org.apache.derbyTesting.junit.BaseJDBCTestCase.runBare(BaseJDBCTestCase.java:441)
    junit.framework.TestResult$1.protect(TestResult.java:110)
    junit.framework.TestResult.runProtected(TestResult.java:128)
    junit.framework.TestResult.run(TestResult.java:113)
    junit.framework.TestCase.run(TestCase.java:124)
    junit.textui.TestRunner.doRun(TestRunner.java:116)
    junit.textui.TestRunner.runSingleMethod(TestRunner.java:189)
    junit.textui.TestRunner.start(TestRunner.java:178)
    edu.washington.cs.dt.util.TestRunnerWrapper.main(TestRunnerWrapper.java:53)

org.apache.derbyTesting.functionTests.tests.derbynet.PrepareStatementTest.testVaryingClientParameterTypeBatch : ERROR : 1286ms
    org.apache.derby.impl.jdbc.SQLExceptionFactory40.getSQLException(Unknown Source)
    org.apache.derby.impl.jdbc.Util.generateCsSQLException(Unknown Source)
    org.apache.derby.impl.jdbc.TransactionResourceImpl.wrapInSQLException(Unknown Source)
    org.apache.derby.impl.jdbc.TransactionResourceImpl.handleException(Unknown Source)
    org.apache.derby.impl.jdbc.EmbedConnection.handleException(Unknown Source)
    org.apache.derby.impl.jdbc.ConnectionChild.handleException(Unknown Source)
    org.apache.derby.impl.jdbc.EmbedStatement.executeStatement(Unknown Source)
    org.apache.derby.impl.jdbc.EmbedStatement.execute(Unknown Source)
    org.apache.derby.impl.jdbc.EmbedStatement.executeUpdate(Unknown Source)
    org.apache.derbyTesting.junit.BaseJDBCTestCase.assertUpdateCount(BaseJDBCTestCase.java:1271)
    org.apache.derbyTesting.functionTests.tests.derbynet.PrepareStatementTest.testVaryingClientParameterTypeBatch(PrepareStatementTest.java:550)
    sun.reflect.NativeMethodAccessorImpl.invoke0(Native Method)
    sun.reflect.NativeMethodAccessorImpl.invoke(NativeMethodAccessorImpl.java:57)
    sun.reflect.DelegatingMethodAccessorImpl.invoke(DelegatingMethodAccessorImpl.java:43)
    java.lang.reflect.Method.invoke(Method.java:601)
    junit.framework.TestCase.runTest(TestCase.java:168)
    junit.framework.TestCase.runBare(TestCase.java:134)
    org.apache.derbyTesting.junit.BaseTestCase.runBare(BaseTestCase.java:113)
    org.apache.derbyTesting.junit.BaseJDBCTestCase.runBareOverridable(BaseJDBCTestCase.java:424)
    org.apache.derbyTesting.junit.BaseJDBCTestCase.runBare(BaseJDBCTestCase.java:441)
    junit.framework.TestResult$1.protect(TestResult.java:110)
    junit.framework.TestResult.runProtected(TestResult.java:128)
    junit.framework.TestResult.run(TestResult.java:113)
    junit.framework.TestCase.run(TestCase.java:124)
    junit.textui.TestRunner.doRun(TestRunner.java:116)
    junit.textui.TestRunner.runSingleMethod(TestRunner.java:189)
    junit.textui.TestRunner.start(TestRunner.java:178)
    edu.washington.cs.dt.util.TestRunnerWrapper.main(TestRunnerWrapper.java:53)

org.apache.derbyTesting.functionTests.tests.derbynet.PrepareStatementTest.testSmallBigDecimal : ERROR : 1385ms
    org.apache.derby.impl.jdbc.SQLExceptionFactory40.getSQLException(Unknown Source)
    org.apache.derby.impl.jdbc.Util.generateCsSQLException(Unknown Source)
    org.apache.derby.impl.jdbc.TransactionResourceImpl.wrapInSQLException(Unknown Source)
    org.apache.derby.impl.jdbc.TransactionResourceImpl.handleException(Unknown Source)
    org.apache.derby.impl.jdbc.EmbedConnection.handleException(Unknown Source)
    org.apache.derby.impl.jdbc.ConnectionChild.handleException(Unknown Source)
    org.apache.derby.impl.jdbc.EmbedStatement.executeStatement(Unknown Source)
    org.apache.derby.impl.jdbc.EmbedStatement.execute(Unknown Source)
    org.apache.derby.impl.jdbc.EmbedStatement.executeUpdate(Unknown Source)
    org.apache.derbyTesting.junit.BaseJDBCTestCase.assertUpdateCount(BaseJDBCTestCase.java:1271)
    org.apache.derbyTesting.functionTests.tests.derbynet.PrepareStatementTest.testSmallBigDecimal(PrepareStatementTest.java:581)
    sun.reflect.NativeMethodAccessorImpl.invoke0(Native Method)
    sun.reflect.NativeMethodAccessorImpl.invoke(NativeMethodAccessorImpl.java:57)
    sun.reflect.DelegatingMethodAccessorImpl.invoke(DelegatingMethodAccessorImpl.java:43)
    java.lang.reflect.Method.invoke(Method.java:601)
    junit.framework.TestCase.runTest(TestCase.java:168)
    junit.framework.TestCase.runBare(TestCase.java:134)
    org.apache.derbyTesting.junit.BaseTestCase.runBare(BaseTestCase.java:113)
    org.apache.derbyTesting.junit.BaseJDBCTestCase.runBareOverridable(BaseJDBCTestCase.java:424)
    org.apache.derbyTesting.junit.BaseJDBCTestCase.runBare(BaseJDBCTestCase.java:441)
    junit.framework.TestResult$1.protect(TestResult.java:110)
    junit.framework.TestResult.runProtected(TestResult.java:128)
    junit.framework.TestResult.run(TestResult.java:113)
    junit.framework.TestCase.run(TestCase.java:124)
    junit.textui.TestRunner.doRun(TestRunner.java:116)
    junit.textui.TestRunner.runSingleMethod(TestRunner.java:189)
    junit.textui.TestRunner.start(TestRunner.java:178)
    edu.washington.cs.dt.util.TestRunnerWrapper.main(TestRunnerWrapper.java:53)

org.apache.derbyTesting.functionTests.tests.derbynet.ProtocolTest.testProtocolSequence : FAILURE : 21ms
    junit.framework.Assert.fail(Assert.java:47)
    junit.framework.TestSuite$1.runTest(TestSuite.java:97)
    junit.framework.TestCase.runBare(TestCase.java:134)
    junit.framework.TestResult$1.protect(TestResult.java:110)
    junit.framework.TestResult.runProtected(TestResult.java:128)
    junit.framework.TestResult.run(TestResult.java:113)
    junit.framework.TestCase.run(TestCase.java:124)
    junit.textui.TestRunner.doRun(TestRunner.java:116)
    junit.textui.TestRunner.runSingleMethod(TestRunner.java:189)
    junit.textui.TestRunner.start(TestRunner.java:178)
    edu.washington.cs.dt.util.TestRunnerWrapper.main(TestRunnerWrapper.java:53)

org.apache.derbyTesting.functionTests.tests.derbynet.RuntimeInfoTest.testRunTests : FAILURE : 723ms
    junit.framework.Assert.assertEquals(Assert.java:81)
    org.apache.derbyTesting.functionTests.tests.derbynet.RuntimeInfoTest.x_testRuntimeInfoWithActiveConn(RuntimeInfoTest.java:111)
    org.apache.derbyTesting.functionTests.tests.derbynet.RuntimeInfoTest.testRunTests(RuntimeInfoTest.java:94)
    sun.reflect.NativeMethodAccessorImpl.invoke0(Native Method)
    sun.reflect.NativeMethodAccessorImpl.invoke(NativeMethodAccessorImpl.java:57)
    sun.reflect.DelegatingMethodAccessorImpl.invoke(DelegatingMethodAccessorImpl.java:43)
    java.lang.reflect.Method.invoke(Method.java:601)
    junit.framework.TestCase.runTest(TestCase.java:168)
    junit.framework.TestCase.runBare(TestCase.java:134)
    org.apache.derbyTesting.junit.BaseTestCase.runBare(BaseTestCase.java:113)
    org.apache.derbyTesting.junit.BaseJDBCTestCase.runBareOverridable(BaseJDBCTestCase.java:424)
    org.apache.derbyTesting.junit.BaseJDBCTestCase.runBare(BaseJDBCTestCase.java:441)
    junit.framework.TestResult$1.protect(TestResult.java:110)
    junit.framework.TestResult.runProtected(TestResult.java:128)
    junit.framework.TestResult.run(TestResult.java:113)
    junit.framework.TestCase.run(TestCase.java:124)
    junit.textui.TestRunner.doRun(TestRunner.java:116)
    junit.textui.TestRunner.runSingleMethod(TestRunner.java:189)
    junit.textui.TestRunner.start(TestRunner.java:178)
    edu.washington.cs.dt.util.TestRunnerWrapper.main(TestRunnerWrapper.java:53)

org.apache.derbyTesting.functionTests.tests.derbynet.SSLTest.testSSLBasicDSConnect : FAILURE : 202ms
    junit.framework.Assert.fail(Assert.java:47)
    org.apache.derbyTesting.junit.JDBCDataSource.setBeanProperty(JDBCDataSource.java:212)
    org.apache.derbyTesting.functionTests.tests.derbynet.SSLTest.testSSLBasicDSConnect(SSLTest.java:145)
    sun.reflect.NativeMethodAccessorImpl.invoke0(Native Method)
    sun.reflect.NativeMethodAccessorImpl.invoke(NativeMethodAccessorImpl.java:57)
    sun.reflect.DelegatingMethodAccessorImpl.invoke(DelegatingMethodAccessorImpl.java:43)
    java.lang.reflect.Method.invoke(Method.java:601)
    junit.framework.TestCase.runTest(TestCase.java:168)
    junit.framework.TestCase.runBare(TestCase.java:134)
    org.apache.derbyTesting.junit.BaseTestCase.runBare(BaseTestCase.java:113)
    org.apache.derbyTesting.junit.BaseJDBCTestCase.runBareOverridable(BaseJDBCTestCase.java:424)
    org.apache.derbyTesting.junit.BaseJDBCTestCase.runBare(BaseJDBCTestCase.java:441)
    junit.framework.TestResult$1.protect(TestResult.java:110)
    junit.framework.TestResult.runProtected(TestResult.java:128)
    junit.framework.TestResult.run(TestResult.java:113)
    junit.framework.TestCase.run(TestCase.java:124)
    junit.textui.TestRunner.doRun(TestRunner.java:116)
    junit.textui.TestRunner.runSingleMethod(TestRunner.java:189)
    junit.textui.TestRunner.start(TestRunner.java:178)
    edu.washington.cs.dt.util.TestRunnerWrapper.main(TestRunnerWrapper.java:53)

org.apache.derbyTesting.functionTests.tests.derbynet.SSLTest.testSSLBasicDSPlainConnect : FAILURE : 1142ms
    junit.framework.Assert.fail(Assert.java:47)
    junit.framework.Assert.fail(Assert.java:53)
    org.apache.derbyTesting.functionTests.tests.derbynet.SSLTest.testSSLBasicDSPlainConnect(SSLTest.java:163)
    sun.reflect.NativeMethodAccessorImpl.invoke0(Native Method)
    sun.reflect.NativeMethodAccessorImpl.invoke(NativeMethodAccessorImpl.java:57)
    sun.reflect.DelegatingMethodAccessorImpl.invoke(DelegatingMethodAccessorImpl.java:43)
    java.lang.reflect.Method.invoke(Method.java:601)
    junit.framework.TestCase.runTest(TestCase.java:168)
    junit.framework.TestCase.runBare(TestCase.java:134)
    org.apache.derbyTesting.junit.BaseTestCase.runBare(BaseTestCase.java:113)
    org.apache.derbyTesting.junit.BaseJDBCTestCase.runBareOverridable(BaseJDBCTestCase.java:424)
    org.apache.derbyTesting.junit.BaseJDBCTestCase.runBare(BaseJDBCTestCase.java:441)
    junit.framework.TestResult$1.protect(TestResult.java:110)
    junit.framework.TestResult.runProtected(TestResult.java:128)
    junit.framework.TestResult.run(TestResult.java:113)
    junit.framework.TestCase.run(TestCase.java:124)
    junit.textui.TestRunner.doRun(TestRunner.java:116)
    junit.textui.TestRunner.runSingleMethod(TestRunner.java:189)
    junit.textui.TestRunner.start(TestRunner.java:178)
    edu.washington.cs.dt.util.TestRunnerWrapper.main(TestRunnerWrapper.java:53)

org.apache.derbyTesting.functionTests.tests.derbynet.SecureServerTest.testServerStartup : FAILURE : 22ms
    junit.framework.Assert.fail(Assert.java:47)
    junit.framework.TestSuite$1.runTest(TestSuite.java:97)
    junit.framework.TestCase.runBare(TestCase.java:134)
    junit.framework.TestResult$1.protect(TestResult.java:110)
    junit.framework.TestResult.runProtected(TestResult.java:128)
    junit.framework.TestResult.run(TestResult.java:113)
    junit.framework.TestCase.run(TestCase.java:124)
    junit.textui.TestRunner.doRun(TestRunner.java:116)
    junit.textui.TestRunner.runSingleMethod(TestRunner.java:189)
    junit.textui.TestRunner.start(TestRunner.java:178)
    edu.washington.cs.dt.util.TestRunnerWrapper.main(TestRunnerWrapper.java:53)

org.apache.derbyTesting.functionTests.tests.derbynet.ServerPropertiesTest.testToggleTrace : FAILURE : 264ms
    junit.framework.Assert.fail(Assert.java:47)
    org.apache.derbyTesting.functionTests.tests.derbynet.ServerPropertiesTest.getTheProperties(ServerPropertiesTest.java:227)
    org.apache.derbyTesting.functionTests.tests.derbynet.ServerPropertiesTest.verifyProperties(ServerPropertiesTest.java:235)
    org.apache.derbyTesting.functionTests.tests.derbynet.ServerPropertiesTest.testToggleTrace(ServerPropertiesTest.java:550)
    sun.reflect.NativeMethodAccessorImpl.invoke0(Native Method)
    sun.reflect.NativeMethodAccessorImpl.invoke(NativeMethodAccessorImpl.java:57)
    sun.reflect.DelegatingMethodAccessorImpl.invoke(DelegatingMethodAccessorImpl.java:43)
    java.lang.reflect.Method.invoke(Method.java:601)
    junit.framework.TestCase.runTest(TestCase.java:168)
    junit.framework.TestCase.runBare(TestCase.java:134)
    org.apache.derbyTesting.junit.BaseTestCase.runBare(BaseTestCase.java:113)
    org.apache.derbyTesting.junit.BaseJDBCTestCase.runBareOverridable(BaseJDBCTestCase.java:424)
    org.apache.derbyTesting.junit.BaseJDBCTestCase.runBare(BaseJDBCTestCase.java:441)
    junit.framework.TestResult$1.protect(TestResult.java:110)
    junit.framework.TestResult.runProtected(TestResult.java:128)
    junit.framework.TestResult.run(TestResult.java:113)
    junit.framework.TestCase.run(TestCase.java:124)
    junit.textui.TestRunner.doRun(TestRunner.java:116)
    junit.textui.TestRunner.runSingleMethod(TestRunner.java:189)
    junit.textui.TestRunner.start(TestRunner.java:178)
    edu.washington.cs.dt.util.TestRunnerWrapper.main(TestRunnerWrapper.java:53)

org.apache.derbyTesting.functionTests.tests.derbynet.ServerPropertiesTest.testToggleLogConnections : FAILURE : 281ms
    junit.framework.Assert.fail(Assert.java:47)
    org.apache.derbyTesting.functionTests.tests.derbynet.ServerPropertiesTest.getTheProperties(ServerPropertiesTest.java:227)
    org.apache.derbyTesting.functionTests.tests.derbynet.ServerPropertiesTest.verifyProperties(ServerPropertiesTest.java:235)
    org.apache.derbyTesting.functionTests.tests.derbynet.ServerPropertiesTest.testToggleLogConnections(ServerPropertiesTest.java:576)
    sun.reflect.NativeMethodAccessorImpl.invoke0(Native Method)
    sun.reflect.NativeMethodAccessorImpl.invoke(NativeMethodAccessorImpl.java:57)
    sun.reflect.DelegatingMethodAccessorImpl.invoke(DelegatingMethodAccessorImpl.java:43)
    java.lang.reflect.Method.invoke(Method.java:601)
    junit.framework.TestCase.runTest(TestCase.java:168)
    junit.framework.TestCase.runBare(TestCase.java:134)
    org.apache.derbyTesting.junit.BaseTestCase.runBare(BaseTestCase.java:113)
    org.apache.derbyTesting.junit.BaseJDBCTestCase.runBareOverridable(BaseJDBCTestCase.java:424)
    org.apache.derbyTesting.junit.BaseJDBCTestCase.runBare(BaseJDBCTestCase.java:441)
    junit.framework.TestResult$1.protect(TestResult.java:110)
    junit.framework.TestResult.runProtected(TestResult.java:128)
    junit.framework.TestResult.run(TestResult.java:113)
    junit.framework.TestCase.run(TestCase.java:124)
    junit.textui.TestRunner.doRun(TestRunner.java:116)
    junit.textui.TestRunner.runSingleMethod(TestRunner.java:189)
    junit.textui.TestRunner.start(TestRunner.java:178)
    edu.washington.cs.dt.util.TestRunnerWrapper.main(TestRunnerWrapper.java:53)

org.apache.derbyTesting.functionTests.tests.derbynet.ShutDownDBWhenNSShutsDownTest.testDatabasesShutDownWhenNSShutdownAPI : ERROR : 1232ms
    org.apache.derby.impl.jdbc.SQLExceptionFactory40.getSQLException(Unknown Source)
    org.apache.derby.impl.jdbc.Util.generateCsSQLException(Unknown Source)
    org.apache.derby.impl.jdbc.TransactionResourceImpl.wrapInSQLException(Unknown Source)
    org.apache.derby.impl.jdbc.TransactionResourceImpl.handleException(Unknown Source)
    org.apache.derby.impl.jdbc.EmbedConnection.handleException(Unknown Source)
    org.apache.derby.impl.jdbc.ConnectionChild.handleException(Unknown Source)
    org.apache.derby.impl.jdbc.EmbedStatement.executeStatement(Unknown Source)
    org.apache.derby.impl.jdbc.EmbedStatement.execute(Unknown Source)
    org.apache.derby.impl.jdbc.EmbedStatement.execute(Unknown Source)
    org.apache.derbyTesting.functionTests.tests.derbynet.ShutDownDBWhenNSShutsDownTest.createDatabase(ShutDownDBWhenNSShutsDownTest.java:225)
    org.apache.derbyTesting.functionTests.tests.derbynet.ShutDownDBWhenNSShutsDownTest.shutdownServerCheckDBShutDown(ShutDownDBWhenNSShutsDownTest.java:185)
    org.apache.derbyTesting.functionTests.tests.derbynet.ShutDownDBWhenNSShutsDownTest.testDatabasesShutDownWhenNSShutdownAPI(ShutDownDBWhenNSShutsDownTest.java:151)
    sun.reflect.NativeMethodAccessorImpl.invoke0(Native Method)
    sun.reflect.NativeMethodAccessorImpl.invoke(NativeMethodAccessorImpl.java:57)
    sun.reflect.DelegatingMethodAccessorImpl.invoke(DelegatingMethodAccessorImpl.java:43)
    java.lang.reflect.Method.invoke(Method.java:601)
    junit.framework.TestCase.runTest(TestCase.java:168)
    junit.framework.TestCase.runBare(TestCase.java:134)
    org.apache.derbyTesting.junit.BaseTestCase.runBare(BaseTestCase.java:113)
    org.apache.derbyTesting.junit.BaseJDBCTestCase.runBareOverridable(BaseJDBCTestCase.java:424)
    org.apache.derbyTesting.junit.BaseJDBCTestCase.runBare(BaseJDBCTestCase.java:441)
    junit.framework.TestResult$1.protect(TestResult.java:110)
    junit.framework.TestResult.runProtected(TestResult.java:128)
    junit.framework.TestResult.run(TestResult.java:113)
    junit.framework.TestCase.run(TestCase.java:124)
    junit.textui.TestRunner.doRun(TestRunner.java:116)
    junit.textui.TestRunner.runSingleMethod(TestRunner.java:189)
    junit.textui.TestRunner.start(TestRunner.java:178)
    edu.washington.cs.dt.util.TestRunnerWrapper.main(TestRunnerWrapper.java:53)

org.apache.derbyTesting.functionTests.tests.derbynet.ShutDownDBWhenNSShutsDownTest.testEngineShutdownDoesNotTakeDownNSManualReload : PASS : 1950ms
org.apache.derbyTesting.functionTests.tests.derbynet.ShutDownDBWhenNSShutsDownTest.testEngineShutdownDoesNotTakeDownNSAutoReload : PASS : 1684ms
org.apache.derbyTesting.functionTests.tests.derbynet.SqlExceptionTest.testChainedException : PASS : 1311ms
org.apache.derbyTesting.functionTests.tests.derbynet.SqlExceptionTest.testSerializedException : PASS : 2853ms
-----------------
Passing tests: 28
Failing tests: 24
Error tests: 47
