tests.net.sf.jabref.UtilFindFileTest.testFindPdfInMultiple : PASS
tests.net.sf.jabref.UtilFindFileTest.testFindFile : FAILURE
tests.net.sf.jabref.UtilFindFileTest.testFindFileRelative : FAILURE
tests.net.sf.jabref.UtilFindFileTest.testFindPdf : PASS
tests.net.sf.jabref.UtilFindFileTest.testFindAssociatedFiles : FAILURE
tests.net.sf.jabref.UtilFindFileTest.testVoid : PASS
tests.net.sf.jabref.AuthorListTest.testFixAuthor_lastNameOnlyCommas : PASS
tests.net.sf.jabref.AuthorListTest.testFixAuthorForAlphabetization : PASS
tests.net.sf.jabref.AuthorListTest.testSize : PASS
tests.net.sf.jabref.AuthorListTest.testGetAuthor : PASS
tests.net.sf.jabref.AuthorListTest.testGetAuthorsNatbib : PASS
tests.net.sf.jabref.AuthorListTest.testGetAuthorsLastOnly : PASS
tests.net.sf.jabref.AuthorListTest.testGetAuthorsLastFirst : PASS
tests.net.sf.jabref.AuthorListTest.testGetAuthorsLastFirstAnds : PASS
tests.net.sf.jabref.AuthorListTest.testGetAuthorsFirstFirst : PASS
tests.net.sf.jabref.AuthorListTest.testGetAuthorsFirstFirstAnds : PASS
tests.net.sf.jabref.AuthorListTest.testGetAuthorsForAlphabetization : PASS
tests.net.sf.jabref.AuthorListTest.testGetAuthorList : PASS
tests.net.sf.jabref.AuthorListTest.testFixAuthor_firstNameFirstCommas : PASS
tests.net.sf.jabref.AuthorListTest.testFixAuthor_firstNameFirst : PASS
tests.net.sf.jabref.AuthorListTest.testFixAuthor_lastNameFirstCommas : PASS
tests.net.sf.jabref.AuthorListTest.testFixAuthor_lastNameFirst : PASS
tests.net.sf.jabref.AuthorListTest.testFixAuthor_Natbib : PASS
tests.net.sf.jabref.FileBasedTestCase.testVoid : PASS
tests.net.sf.jabref.BibtexDatabaseTest.testResolveStrings : ERROR
tests.net.sf.jabref.UtilTest.testCreateNeutralId : PASS
tests.net.sf.jabref.UtilTest.testPlaceDialog : FAILURE
tests.net.sf.jabref.UtilTest.testParseField : PASS
tests.net.sf.jabref.UtilTest.testShaveString : PASS
tests.net.sf.jabref.UtilTest.testJoin : PASS
tests.net.sf.jabref.UtilTest.testStripBrackets : PASS
tests.net.sf.jabref.UtilTest.testParseMethodCalls : PASS
tests.net.sf.jabref.UtilTest.testNCase : PASS
tests.net.sf.jabref.UtilTest.testGetPublicationDate : PASS
tests.net.sf.jabref.UtilTest.testCheckName : PASS
tests.net.sf.jabref.UtilTest.testExpandBrackets : PASS
tests.net.sf.jabref.UtilTest.testSanitizeUrl : PASS
tests.net.sf.jabref.UtilTest.test2to4DigitsYear : PASS
tests.net.sf.jabref.UtilTest.testToMonthNumber : PASS
tests.net.sf.jabref.UtilTest.testToUpperCharFirst : PASS
tests.net.sf.jabref.SearchTextListenerTest.testHighlighting : ERROR
tests.net.sf.jabref.SearchTextListenerTest.testHighlightingContentIndependence : ERROR
tests.net.sf.jabref.SearchTextListenerTest.testHighlightingInvalidParameter : ERROR
tests.net.sf.jabref.JabRefTestCase.testVoid : PASS
tests.net.sf.jabref.bst.TextPrefixFunctionTest.testPrefix : PASS
tests.net.sf.jabref.bst.BibtexCaseChangerTest.testChangeCase : PASS
tests.net.sf.jabref.bst.BibtexCaseChangerTest.testColon : PASS
tests.net.sf.jabref.bst.BibtexWidthTest.testWidth : PASS
tests.net.sf.jabref.bst.BibtexWidthTest.testGetCharWidth : PASS
tests.net.sf.jabref.bst.BibtexNameFormatterTest.testFormatName : PASS
tests.net.sf.jabref.bst.BibtexNameFormatterTest.testConsumeToMatchingBrace : PASS
tests.net.sf.jabref.bst.BibtexNameFormatterTest.testGetFirstCharOfString : PASS
tests.net.sf.jabref.bst.BibtexNameFormatterTest.testNumberOfChars : PASS
tests.net.sf.jabref.bst.BibtexPurifyTest.testPurify : PASS
tests.net.sf.jabref.bst.TestVM.testChangeCase : PASS
tests.net.sf.jabref.bst.TestVM.testWidth : PASS
tests.net.sf.jabref.bst.TestVM.testFormatName : PASS
tests.net.sf.jabref.bst.TestVM.testAbbrv : ERROR
tests.net.sf.jabref.bst.TestVM.testVMSimple : PASS
tests.net.sf.jabref.bst.TestVM.testLabel : PASS
tests.net.sf.jabref.bst.TestVM.testQuote : PASS
tests.net.sf.jabref.bst.TestVM.testVMFunction1 : PASS
tests.net.sf.jabref.bst.TestVM.testVMExecuteSimple : PASS
tests.net.sf.jabref.bst.TestVM.testVMIfSkipPop : PASS
tests.net.sf.jabref.bst.TestVM.testVMArithmetic : PASS
tests.net.sf.jabref.bst.TestVM.testNumNames : PASS
tests.net.sf.jabref.bst.TestVM.testVMStringOps1 : PASS
tests.net.sf.jabref.bst.TestVM.testSubstring : PASS
tests.net.sf.jabref.bst.TestVM.testEmpty : PASS
tests.net.sf.jabref.bst.TestVM.testDuplicateEmptyPopSwapIf : PASS
tests.net.sf.jabref.bst.TestVM.testTextLength : PASS
tests.net.sf.jabref.bst.TestVM.testVMIntToStr : PASS
tests.net.sf.jabref.bst.TestVM.testVMChrToInt : PASS
tests.net.sf.jabref.bst.TestVM.testSort : PASS
tests.net.sf.jabref.bst.TestVM.testBuildIn : PASS
tests.net.sf.jabref.bst.TestVM.testVariables : PASS
tests.net.sf.jabref.bst.TestVM.testWhile : PASS
tests.net.sf.jabref.bst.TestVM.testType : PASS
tests.net.sf.jabref.bst.TestVM.testMissing : PASS
tests.net.sf.jabref.bst.TestVM.testCallType : PASS
tests.net.sf.jabref.bst.TestVM.testIterate : PASS
tests.net.sf.jabref.bst.TestVM.testVMSwap : PASS
tests.net.sf.jabref.bst.TestVM.testHypthenatedName : ERROR
tests.net.sf.jabref.export.layout.LayoutEntryTest.testHighlightingOneWordCaseInsesitive : FAILURE
tests.net.sf.jabref.export.layout.LayoutEntryTest.testHighlightingTwoWordsCaseInsesitive : FAILURE
tests.net.sf.jabref.export.layout.HTMLCharsTest.testBasicFormat : PASS
tests.net.sf.jabref.export.layout.HTMLCharsTest.testLaTeXHighlighting : PASS
tests.net.sf.jabref.export.layout.LayoutTest.testLayoutBibtextype : PASS
tests.net.sf.jabref.export.layout.LayoutTest.testLayout : PASS
tests.net.sf.jabref.export.layout.format.HTMLParagraphsTest.testFormat : PASS
tests.net.sf.jabref.export.layout.format.AuthorLastFirstTest.testFormat : PASS
tests.net.sf.jabref.export.layout.format.AuthorFirstLastOxfordCommasTest.testFormat : PASS
tests.net.sf.jabref.export.layout.format.AuthorOrgSciTest.testOrgSciPlusAbbreviation : PASS
tests.net.sf.jabref.export.layout.format.AuthorOrgSciTest.testOrgSci : PASS
tests.net.sf.jabref.export.layout.format.AuthorLastFirstAbbrOxfordCommasTest.testFormat : PASS
tests.net.sf.jabref.export.layout.format.AuthorLastFirstAbbrCommasTest.testFormat : PASS
tests.net.sf.jabref.export.layout.format.RemoveTildeTest.testFormatString : PASS
tests.net.sf.jabref.export.layout.format.AuthorAndsReplacerTest.testFormat : PASS
tests.net.sf.jabref.export.layout.format.BibtexNameLayoutFormatterTest.testFormat : PASS
tests.net.sf.jabref.export.layout.format.BibtexNameLayoutFormatterTest.testFormatStringStringBibtexEntry : PASS
tests.net.sf.jabref.export.layout.format.AuthorFirstFirstTest.testFormat : PASS
tests.net.sf.jabref.export.layout.format.AuthorFirstLastCommasTest.testFormat : PASS
tests.net.sf.jabref.export.layout.format.NoSpaceBetweenAbbreviationsTest.testFormat : PASS
tests.net.sf.jabref.export.layout.format.AuthorLastFirstOxfordCommasTest.testFormat : PASS
tests.net.sf.jabref.export.layout.format.AuthorFirstAbbrLastCommasTest.testFormat : PASS
tests.net.sf.jabref.export.layout.format.CompositeFormatTest.testComposite : PASS
tests.net.sf.jabref.export.layout.format.AuthorAbbreviatorTest.testFormat : PASS
tests.net.sf.jabref.export.layout.format.AuthorFirstAbbrLastOxfordCommasTest.testFormat : PASS
tests.net.sf.jabref.export.layout.format.ResolvePDFTest.testFormat : PASS
tests.net.sf.jabref.export.layout.format.ResolvePDFTest.testVoid : PASS
tests.net.sf.jabref.export.layout.format.AuthorLastFirstCommasTest.testFormat : PASS
tests.net.sf.jabref.export.layout.format.AuthorAndsCommaReplacerTest.testFormat : PASS
tests.net.sf.jabref.export.layout.format.AuthorLastFirstAbbreviatorTester.testFormat : PASS
tests.net.sf.jabref.export.layout.format.AuthorLastFirstAbbreviatorTester.testOneAuthorCommonName : PASS
tests.net.sf.jabref.export.layout.format.AuthorLastFirstAbbreviatorTester.testTwoAuthorsCommonName : PASS
tests.net.sf.jabref.export.layout.format.AuthorLastFirstAbbreviatorTester.testOneAuthorSimpleName : PASS
tests.net.sf.jabref.imports.BibtexParserTest.testParseReader : PASS
tests.net.sf.jabref.imports.BibtexParserTest.testBibtexParser : PASS
tests.net.sf.jabref.imports.BibtexParserTest.testIsRecognizedFormat : PASS
tests.net.sf.jabref.imports.BibtexParserTest.testFromString : PASS
tests.net.sf.jabref.imports.BibtexParserTest.testFromSingle2 : PASS
tests.net.sf.jabref.imports.BibtexParserTest.testFromStringSingle : PASS
tests.net.sf.jabref.imports.BibtexParserTest.testParse : PASS
tests.net.sf.jabref.imports.BibtexParserTest.testParse2 : PASS
tests.net.sf.jabref.imports.BibtexParserTest.testBigNumbers : PASS
tests.net.sf.jabref.imports.BibtexParserTest.testBigNumbers2 : PASS
tests.net.sf.jabref.imports.BibtexParserTest.testNewlineHandling : PASS
tests.net.sf.jabref.imports.BibtexParserTest.testFileNaming : PASS
tests.net.sf.jabref.imports.BibtexParserTest.testFileNaming1 : PASS
tests.net.sf.jabref.imports.IsiImporterTest.testIsRecognizedFormat : ERROR
tests.net.sf.jabref.imports.IsiImporterTest.testProcessSubSup : PASS
tests.net.sf.jabref.imports.IsiImporterTest.testImportEntries : ERROR
tests.net.sf.jabref.imports.IsiImporterTest.testImportEntriesINSPEC : ERROR
tests.net.sf.jabref.imports.IsiImporterTest.testImportEntriesWOS : ERROR
tests.net.sf.jabref.imports.IsiImporterTest.testIsiAuthorsConvert : PASS
tests.net.sf.jabref.imports.IsiImporterTest.testMonthConvert : PASS
tests.net.sf.jabref.imports.IsiImporterTest.testIsiAuthorConvert : PASS
tests.net.sf.jabref.imports.IsiImporterTest.testGetExtensions : PASS
tests.net.sf.jabref.imports.IsiImporterTest.testGetIsCustomImporter : PASS
tests.net.sf.jabref.imports.IsiImporterTest.testImportIEEEExport : ERROR
tests.net.sf.jabref.imports.IsiImporterTest.testImportEntriesMedline : ERROR
tests.net.sf.jabref.imports.CopacImporterTest.testIsRecognizedFormat : ERROR
tests.net.sf.jabref.imports.CopacImporterTest.testImportEntries : ERROR
tests.net.sf.jabref.imports.CopacImporterTest.testImportEntries2 : ERROR
tests.net.sf.jabref.imports.OAI2ImportTest.testParse : ERROR
tests.net.sf.jabref.imports.OAI2ImportTest.testCorrectLineBreaks : PASS
tests.net.sf.jabref.imports.OAI2ImportTest.testOai22xml : ERROR
tests.net.sf.jabref.imports.OAI2ImportTest.testOai23xml : ERROR
tests.net.sf.jabref.imports.OAI2ImportTest.testUrlConstructor : PASS
tests.net.sf.jabref.imports.OAI2ImportTest.testFixKey : PASS
tests.net.sf.jabref.labelPattern.LabelPatternUtilTest.testMakeLabelAndCheckLegalKeys : PASS
tests.net.sf.jabref.labelPattern.LabelPatternUtilTest.testMakeLabelAndCheckLegalKeysAccentGrave : PASS
tests.net.sf.jabref.labelPattern.LabelPatternUtilTest.testCheckLegalKey : PASS
tests.net.sf.jabref.labelPattern.LabelPatternUtilTest.testFirstAuthor : PASS
tests.net.sf.jabref.labelPattern.LabelPatternUtilTest.testAuthIniN : PASS
tests.net.sf.jabref.labelPattern.LabelPatternUtilTest.testFirstPage : PASS
tests.net.sf.jabref.labelPattern.LabelPatternUtilTest.testLastPage : PASS
tests.net.sf.jabref.search.BasicSearchTest.testBasicSearchParsing : PASS
tests.net.sf.jabref.util.XMPSchemaBibtexTest.testXMPSchemaBibtexXMPMetadata : PASS
tests.net.sf.jabref.util.XMPSchemaBibtexTest.testXMPSchemaBibtexElement : PASS
tests.net.sf.jabref.util.XMPSchemaBibtexTest.testGetSetPersonList : PASS
tests.net.sf.jabref.util.XMPSchemaBibtexTest.testSetGetTextPropertyString : PASS
tests.net.sf.jabref.util.XMPSchemaBibtexTest.testSetGetBagListString : PASS
tests.net.sf.jabref.util.XMPSchemaBibtexTest.testGetSequenceListString : PASS
tests.net.sf.jabref.util.XMPSchemaBibtexTest.testSetRemoveGetSequenceDateListString : PASS
tests.net.sf.jabref.util.XMPSchemaBibtexTest.testGetAllProperties : PASS
tests.net.sf.jabref.util.XMPSchemaBibtexTest.testSetBibtexEntry : PASS
tests.net.sf.jabref.util.XMPSchemaBibtexTest.testGetTextContent : PASS
tests.net.sf.jabref.util.XMPSchemaBibtexTest.testVoid : PASS
tests.net.sf.jabref.util.XMPUtilTest.testResolveStrings : PASS
tests.net.sf.jabref.util.XMPUtilTest.testEmpty : PASS
tests.net.sf.jabref.util.XMPUtilTest.testNewlineHandling : PASS
tests.net.sf.jabref.util.XMPUtilTest.testReadXMPSimple : PASS
tests.net.sf.jabref.util.XMPUtilTest.testReadXMPUTF8 : PASS
tests.net.sf.jabref.util.XMPUtilTest.testPrivacyFilter : FAILURE
tests.net.sf.jabref.util.XMPUtilTest.testReadXMPSeq : PASS
tests.net.sf.jabref.util.XMPUtilTest.testReadXMPEntryType : PASS
tests.net.sf.jabref.util.XMPUtilTest.testWriteReadManually : PASS
tests.net.sf.jabref.util.XMPUtilTest.testReadWriteXMP : PASS
tests.net.sf.jabref.util.XMPUtilTest.testAttributeRead : PASS
tests.net.sf.jabref.util.XMPUtilTest.testSimpleUpdate : PASS
tests.net.sf.jabref.util.XMPUtilTest.testXMLEscape : PASS
tests.net.sf.jabref.util.XMPUtilTest.testXMPreadString : PASS
tests.net.sf.jabref.util.XMPUtilTest.testReadMultiple : PASS
tests.net.sf.jabref.util.XMPUtilTest.testWriteMultiple : PASS
tests.net.sf.jabref.util.XMPUtilTest.testReadWriteDC : PASS
tests.net.sf.jabref.util.XMPUtilTest.testWriteSingleUpdatesDCAndInfo : PASS
tests.net.sf.jabref.util.XMPUtilTest.testReadRawXMP : PASS
tests.net.sf.jabref.util.XMPUtilTest.testCommandLineSingleBib : PASS
tests.net.sf.jabref.util.XMPUtilTest.testCommandLineSinglePdf : PASS
tests.net.sf.jabref.util.XMPUtilTest.testCommandLineByKey : PASS
tests.net.sf.jabref.util.XMPUtilTest.testCommandLineSeveral : PASS
tests.net.sf.jabref.util.XMPUtilTest.testEncryption : ERROR
tests.net.sf.jabref.util.XMPUtilTest.testResolveStrings2 : ERROR
tests.net.sf.jabref.util.CaseChangerTest.testNumberOfModes : PASS
tests.net.sf.jabref.util.CaseChangerTest.testChangeCaseStringArrayInt : PASS
tests.net.sf.jabref.util.CaseChangerTest.testChangeCaseStringInt : PASS
tests.net.sf.jabref.util.CaseChangerTest.testPreserveBrackets : PASS
